WARNING:absl:No GPU/TPU found, falling back to CPU. (Set TF_CPP_MIN_LOG_LEVEL=0 and rerun for more info.)
[2022-08-05 15:51:58,522 INFO] (util:27) Namespace(augment_X='/vol/bitbucket/yn621/data/infimnist/mnist120k-augs-patterns-idx3-ubyte', augment_y='/vol/bitbucket/yn621/data/infimnist/mnist120k-augs-labels-idx1-ubyte', batch_size=2000, device_count=-1, epochs=1, lr=0.1, model='cnn', momentum=0.9, num_inducing_points=750, select_method='random')
[2022-08-05 15:51:59,202 INFO] (data_loader:90) MNIST: (60000, 28, 28, 1) train, (10000, 28, 28, 1) test samples.
[2022-08-05 15:52:00,305 INFO] (data_loader:148) MNIST: (120000, 28, 28, 1) augmented train
[2022-08-05 15:52:01,316 INFO] (isnngp_vary_inducing:27) 
----Number of inducing point: 50----
[2022-08-05 15:52:01,451 INFO] (snngp_inference:59) inducing_points shape: (50, 28, 28, 1)
[2022-08-05 15:52:51,810 INFO] (isnngp_vary_inducing:35) ELBO: -1494108.0515699298
[2022-08-05 15:52:54,710 INFO] (isnngp_vary_inducing:37) EUBO: 828262.9314245068
[2022-08-05 15:53:01,305 INFO] (isnngp_vary_inducing:41) Loss: 0.23259791432395877
[2022-08-05 15:53:01,400 INFO] (isnngp_vary_inducing:43) Accuracy: 83.90%
[2022-08-05 15:53:01,401 INFO] (isnngp_vary_inducing:27) 
----Number of inducing point: 100----
[2022-08-05 15:53:01,520 INFO] (snngp_inference:59) inducing_points shape: (100, 28, 28, 1)
[2022-08-05 15:54:36,459 INFO] (isnngp_vary_inducing:35) ELBO: -978447.2814685566
[2022-08-05 15:54:39,430 INFO] (isnngp_vary_inducing:37) EUBO: 826892.1456181204
[2022-08-05 15:54:49,202 INFO] (isnngp_vary_inducing:41) Loss: 0.22027989372314427
[2022-08-05 15:54:49,204 INFO] (isnngp_vary_inducing:43) Accuracy: 86.98%
[2022-08-05 15:54:49,204 INFO] (isnngp_vary_inducing:27) 
----Number of inducing point: 150----
[2022-08-05 15:54:49,325 INFO] (snngp_inference:59) inducing_points shape: (150, 28, 28, 1)
[2022-08-05 15:57:02,599 INFO] (isnngp_vary_inducing:35) ELBO: -677421.1401985827
[2022-08-05 15:57:05,718 INFO] (isnngp_vary_inducing:37) EUBO: 825730.4399297411
[2022-08-05 15:57:18,877 INFO] (isnngp_vary_inducing:41) Loss: 0.21137240636707677
[2022-08-05 15:57:18,878 INFO] (isnngp_vary_inducing:43) Accuracy: 90.04%
[2022-08-05 15:57:18,878 INFO] (isnngp_vary_inducing:27) 
----Number of inducing point: 200----
[2022-08-05 15:57:19,003 INFO] (snngp_inference:59) inducing_points shape: (200, 28, 28, 1)
[2022-08-05 16:00:11,723 INFO] (isnngp_vary_inducing:35) ELBO: -508619.9228608048
[2022-08-05 16:00:14,577 INFO] (isnngp_vary_inducing:37) EUBO: 824740.8814049199
[2022-08-05 16:00:32,793 INFO] (isnngp_vary_inducing:41) Loss: 0.20559938273037065
[2022-08-05 16:00:32,793 INFO] (isnngp_vary_inducing:43) Accuracy: 91.48%
[2022-08-05 16:00:32,793 INFO] (isnngp_vary_inducing:27) 
----Number of inducing point: 250----
[2022-08-05 16:00:32,921 INFO] (snngp_inference:59) inducing_points shape: (250, 28, 28, 1)
[2022-08-05 16:04:06,361 INFO] (isnngp_vary_inducing:35) ELBO: -357576.22563118965
[2022-08-05 16:04:09,264 INFO] (isnngp_vary_inducing:37) EUBO: 823818.3395034699
[2022-08-05 16:04:29,594 INFO] (isnngp_vary_inducing:41) Loss: 0.19927888505721283
[2022-08-05 16:04:29,595 INFO] (isnngp_vary_inducing:43) Accuracy: 92.88%
[2022-08-05 16:04:29,595 INFO] (isnngp_vary_inducing:27) 
----Number of inducing point: 300----
[2022-08-05 16:04:29,721 INFO] (snngp_inference:59) inducing_points shape: (300, 28, 28, 1)
[2022-08-05 16:08:42,599 INFO] (isnngp_vary_inducing:35) ELBO: -264789.1475370341
[2022-08-05 16:08:45,724 INFO] (isnngp_vary_inducing:37) EUBO: 822980.6735325875
[2022-08-05 16:09:09,668 INFO] (isnngp_vary_inducing:41) Loss: 0.19561249874739445
[2022-08-05 16:09:09,669 INFO] (isnngp_vary_inducing:43) Accuracy: 94.09%
[2022-08-05 16:09:09,669 INFO] (isnngp_vary_inducing:27) 
----Number of inducing point: 350----
[2022-08-05 16:09:09,803 INFO] (snngp_inference:59) inducing_points shape: (350, 28, 28, 1)
[2022-08-05 16:14:02,797 INFO] (isnngp_vary_inducing:35) ELBO: -207858.9068589703
[2022-08-05 16:14:05,938 INFO] (isnngp_vary_inducing:37) EUBO: 822205.3746468823
[2022-08-05 16:14:34,181 INFO] (isnngp_vary_inducing:41) Loss: 0.19349589388806698
[2022-08-05 16:14:34,182 INFO] (isnngp_vary_inducing:43) Accuracy: 93.99%
[2022-08-05 16:14:34,182 INFO] (isnngp_vary_inducing:27) 
----Number of inducing point: 400----
[2022-08-05 16:14:34,281 INFO] (snngp_inference:59) inducing_points shape: (400, 28, 28, 1)
[2022-08-05 16:20:05,865 INFO] (isnngp_vary_inducing:35) ELBO: -136355.4338933417
[2022-08-05 16:20:09,339 INFO] (isnngp_vary_inducing:37) EUBO: 821484.2736090601
[2022-08-05 16:20:40,173 INFO] (isnngp_vary_inducing:41) Loss: 0.19019705196884848
[2022-08-05 16:20:40,174 INFO] (isnngp_vary_inducing:43) Accuracy: 94.91%
[2022-08-05 16:20:40,174 INFO] (isnngp_vary_inducing:27) 
----Number of inducing point: 450----
[2022-08-05 16:20:40,273 INFO] (snngp_inference:59) inducing_points shape: (450, 28, 28, 1)
[2022-08-05 16:26:56,033 INFO] (isnngp_vary_inducing:35) ELBO: -78905.16025707533
[2022-08-05 16:26:59,885 INFO] (isnngp_vary_inducing:37) EUBO: 820804.6049256346
[2022-08-05 16:27:34,078 INFO] (isnngp_vary_inducing:41) Loss: 0.18724683582608972
[2022-08-05 16:27:34,079 INFO] (isnngp_vary_inducing:43) Accuracy: 95.54%
[2022-08-05 16:27:34,079 INFO] (isnngp_vary_inducing:27) 
----Number of inducing point: 500----
[2022-08-05 16:27:34,196 INFO] (snngp_inference:59) inducing_points shape: (500, 28, 28, 1)
[2022-08-05 16:34:34,049 INFO] (isnngp_vary_inducing:35) ELBO: -58427.94982696802
[2022-08-05 16:34:37,374 INFO] (isnngp_vary_inducing:37) EUBO: 820180.9914840779
[2022-08-05 16:35:14,649 INFO] (isnngp_vary_inducing:41) Loss: 0.18635306823402864
[2022-08-05 16:35:14,650 INFO] (isnngp_vary_inducing:43) Accuracy: 95.63%
[2022-08-05 16:35:14,650 INFO] (isnngp_vary_inducing:27) 
----Number of inducing point: 550----
[2022-08-05 16:35:14,754 INFO] (snngp_inference:59) inducing_points shape: (550, 28, 28, 1)
[2022-08-05 16:42:49,001 INFO] (isnngp_vary_inducing:35) ELBO: -21999.436319708475
[2022-08-05 16:42:52,651 INFO] (isnngp_vary_inducing:37) EUBO: 819587.7667024411
[2022-08-05 16:43:33,087 INFO] (isnngp_vary_inducing:41) Loss: 0.18500141323485933
[2022-08-05 16:43:33,088 INFO] (isnngp_vary_inducing:43) Accuracy: 95.79%
[2022-08-05 16:43:33,088 INFO] (isnngp_vary_inducing:27) 
----Number of inducing point: 600----
[2022-08-05 16:43:33,236 INFO] (snngp_inference:59) inducing_points shape: (600, 28, 28, 1)
[2022-08-05 16:51:44,986 INFO] (isnngp_vary_inducing:35) ELBO: 21621.498248089687
[2022-08-05 16:51:48,612 INFO] (isnngp_vary_inducing:37) EUBO: 819000.2158157562
[2022-08-05 16:52:33,465 INFO] (isnngp_vary_inducing:41) Loss: 0.1827235424748727
[2022-08-05 16:52:33,466 INFO] (isnngp_vary_inducing:43) Accuracy: 96.47%
[2022-08-05 16:52:33,466 INFO] (isnngp_vary_inducing:27) 
----Number of inducing point: 650----
[2022-08-05 16:52:33,577 INFO] (snngp_inference:59) inducing_points shape: (650, 28, 28, 1)
[2022-08-05 17:01:24,937 INFO] (isnngp_vary_inducing:35) ELBO: 34796.0873669103
[2022-08-05 17:01:28,813 INFO] (isnngp_vary_inducing:37) EUBO: 818508.1289679959
[2022-08-05 17:02:15,105 INFO] (isnngp_vary_inducing:41) Loss: 0.18277909433270778
[2022-08-05 17:02:15,106 INFO] (isnngp_vary_inducing:43) Accuracy: 96.58%
[2022-08-05 17:02:15,106 INFO] (isnngp_vary_inducing:27) 
----Number of inducing point: 700----
[2022-08-05 17:02:15,220 INFO] (snngp_inference:59) inducing_points shape: (700, 28, 28, 1)
[2022-08-05 17:11:46,001 INFO] (isnngp_vary_inducing:35) ELBO: 59088.05584504909
[2022-08-05 17:11:50,313 INFO] (isnngp_vary_inducing:37) EUBO: 817976.1606361076
[2022-08-05 17:12:39,755 INFO] (isnngp_vary_inducing:41) Loss: 0.18134250937774635
[2022-08-05 17:12:39,755 INFO] (isnngp_vary_inducing:43) Accuracy: 96.59%
[2022-08-05 17:12:39,755 INFO] (isnngp_vary_inducing:27) 
----Number of inducing point: 750----
[2022-08-05 17:12:39,876 INFO] (snngp_inference:59) inducing_points shape: (750, 28, 28, 1)
[2022-08-05 17:22:53,686 INFO] (isnngp_vary_inducing:35) ELBO: 72259.52107305184
[2022-08-05 17:22:57,593 INFO] (isnngp_vary_inducing:37) EUBO: 817524.141903182
[2022-08-05 17:23:51,066 INFO] (isnngp_vary_inducing:41) Loss: 0.1811103461649457
[2022-08-05 17:23:51,067 INFO] (isnngp_vary_inducing:43) Accuracy: 96.68%
[2022-08-05 17:23:51,067 INFO] (isnngp_vary_inducing:27) 
----Number of inducing point: 800----
[2022-08-05 17:23:51,177 INFO] (snngp_inference:59) inducing_points shape: (800, 28, 28, 1)
[2022-08-05 17:34:47,989 INFO] (isnngp_vary_inducing:35) ELBO: 87497.2836797327
[2022-08-05 17:34:52,426 INFO] (isnngp_vary_inducing:37) EUBO: 817088.2802565034
[2022-08-05 17:35:49,415 INFO] (isnngp_vary_inducing:41) Loss: 0.18014412862462897
[2022-08-05 17:35:49,416 INFO] (isnngp_vary_inducing:43) Accuracy: 96.86%
[2022-08-05 17:35:49,416 INFO] (isnngp_vary_inducing:27) 
----Number of inducing point: 850----
[2022-08-05 17:35:49,555 INFO] (snngp_inference:59) inducing_points shape: (850, 28, 28, 1)
[2022-08-05 17:47:26,476 INFO] (isnngp_vary_inducing:35) ELBO: 109825.82969885797
[2022-08-05 17:47:31,006 INFO] (isnngp_vary_inducing:37) EUBO: 816653.57223272
[2022-08-05 17:48:29,345 INFO] (isnngp_vary_inducing:41) Loss: 0.1793528670689788
[2022-08-05 17:48:29,347 INFO] (isnngp_vary_inducing:43) Accuracy: 96.93%
[2022-08-05 17:48:29,347 INFO] (isnngp_vary_inducing:27) 
----Number of inducing point: 900----
[2022-08-05 17:48:29,464 INFO] (snngp_inference:59) inducing_points shape: (900, 28, 28, 1)
[2022-08-05 18:00:36,399 INFO] (isnngp_vary_inducing:35) ELBO: 116457.19912961393
[2022-08-05 18:00:41,176 INFO] (isnngp_vary_inducing:37) EUBO: 816237.8882609574
[2022-08-05 18:01:43,968 INFO] (isnngp_vary_inducing:41) Loss: 0.17932831758717238
[2022-08-05 18:01:43,969 INFO] (isnngp_vary_inducing:43) Accuracy: 96.97%
[2022-08-05 18:01:43,969 INFO] (isnngp_vary_inducing:27) 
----Number of inducing point: 950----
[2022-08-05 18:01:44,115 INFO] (snngp_inference:59) inducing_points shape: (950, 28, 28, 1)
[2022-08-05 18:14:32,772 INFO] (isnngp_vary_inducing:35) ELBO: 133161.3278307385
[2022-08-05 18:14:37,385 INFO] (isnngp_vary_inducing:37) EUBO: 815818.9442229456
[2022-08-05 18:15:44,601 INFO] (isnngp_vary_inducing:41) Loss: 0.17838325089838414
[2022-08-05 18:15:44,601 INFO] (isnngp_vary_inducing:43) Accuracy: 97.06%
[2022-08-05 18:15:44,601 INFO] (isnngp_vary_inducing:27) 
----Number of inducing point: 1000----
[2022-08-05 18:15:44,722 INFO] (snngp_inference:59) inducing_points shape: (1000, 28, 28, 1)
[2022-08-05 18:29:12,406 INFO] (isnngp_vary_inducing:35) ELBO: 140929.40767423075
[2022-08-05 18:29:17,464 INFO] (isnngp_vary_inducing:37) EUBO: 815478.5611196401
[2022-08-05 18:30:28,707 INFO] (isnngp_vary_inducing:41) Loss: 0.17781104637273754
[2022-08-05 18:30:28,707 INFO] (isnngp_vary_inducing:43) Accuracy: 97.15%
[2022-08-05 18:30:28,707 INFO] (isnngp_vary_inducing:27) 
----Number of inducing point: 1050----
[2022-08-05 18:30:28,817 INFO] (snngp_inference:59) inducing_points shape: (1050, 28, 28, 1)
[2022-08-05 18:44:40,336 INFO] (isnngp_vary_inducing:35) ELBO: 156366.85151532677
[2022-08-05 18:44:45,437 INFO] (isnngp_vary_inducing:37) EUBO: 815101.1806152741
[2022-08-05 18:46:03,360 INFO] (isnngp_vary_inducing:41) Loss: 0.17716614225754285
[2022-08-05 18:46:03,360 INFO] (isnngp_vary_inducing:43) Accuracy: 97.07%
[2022-08-05 18:46:03,361 INFO] (isnngp_vary_inducing:27) 
----Number of inducing point: 1100----
[2022-08-05 18:46:03,465 INFO] (snngp_inference:59) inducing_points shape: (1100, 28, 28, 1)
[2022-08-05 19:00:57,790 INFO] (isnngp_vary_inducing:35) ELBO: 161711.06760951586
[2022-08-05 19:01:03,089 INFO] (isnngp_vary_inducing:37) EUBO: 814775.03960603
[2022-08-05 19:02:19,760 INFO] (isnngp_vary_inducing:41) Loss: 0.17711904599950729
[2022-08-05 19:02:19,760 INFO] (isnngp_vary_inducing:43) Accuracy: 97.19%
[2022-08-05 19:02:19,760 INFO] (isnngp_vary_inducing:27) 
----Number of inducing point: 1150----
[2022-08-05 19:02:19,868 INFO] (snngp_inference:59) inducing_points shape: (1150, 28, 28, 1)
[2022-08-05 19:17:51,315 INFO] (isnngp_vary_inducing:35) ELBO: 173469.19169711263
[2022-08-05 19:17:56,861 INFO] (isnngp_vary_inducing:37) EUBO: 814442.5697507603
[2022-08-05 19:19:15,847 INFO] (isnngp_vary_inducing:41) Loss: 0.17659133329308907
[2022-08-05 19:19:15,848 INFO] (isnngp_vary_inducing:43) Accuracy: 97.28%
[2022-08-05 19:19:15,848 INFO] (isnngp_vary_inducing:27) 
----Number of inducing point: 1200----
[2022-08-05 19:19:15,953 INFO] (snngp_inference:59) inducing_points shape: (1200, 28, 28, 1)
[2022-08-05 19:35:28,901 INFO] (isnngp_vary_inducing:35) ELBO: 178244.46269454213
[2022-08-05 19:35:34,647 INFO] (isnngp_vary_inducing:37) EUBO: 814174.6529322696
[2022-08-05 19:36:59,003 INFO] (isnngp_vary_inducing:41) Loss: 0.176437138788009
[2022-08-05 19:36:59,004 INFO] (isnngp_vary_inducing:43) Accuracy: 97.31%
[2022-08-05 19:36:59,004 INFO] (isnngp_vary_inducing:27) 
----Number of inducing point: 1250----
[2022-08-05 19:36:59,138 INFO] (snngp_inference:59) inducing_points shape: (1250, 28, 28, 1)
[2022-08-05 19:53:43,076 INFO] (isnngp_vary_inducing:35) ELBO: 185656.41240725957
[2022-08-05 19:53:49,136 INFO] (isnngp_vary_inducing:37) EUBO: 813859.1137721768
[2022-08-05 19:55:15,457 INFO] (isnngp_vary_inducing:41) Loss: 0.176041698622715
[2022-08-05 19:55:15,458 INFO] (isnngp_vary_inducing:43) Accuracy: 97.33%
[2022-08-05 19:55:15,458 INFO] (isnngp_vary_inducing:27) 
----Number of inducing point: 1300----
[2022-08-05 19:55:15,567 INFO] (snngp_inference:59) inducing_points shape: (1300, 28, 28, 1)
[2022-08-05 20:12:47,190 INFO] (isnngp_vary_inducing:35) ELBO: 195692.8662259687
[2022-08-05 20:12:53,321 INFO] (isnngp_vary_inducing:37) EUBO: 813531.8473967529
[2022-08-05 20:14:22,432 INFO] (isnngp_vary_inducing:41) Loss: 0.17570078553913235
[2022-08-05 20:14:22,433 INFO] (isnngp_vary_inducing:43) Accuracy: 97.48%
[2022-08-05 20:14:22,433 INFO] (isnngp_vary_inducing:27) 
----Number of inducing point: 1350----
[2022-08-05 20:14:22,543 INFO] (snngp_inference:59) inducing_points shape: (1350, 28, 28, 1)
[2022-08-05 20:32:40,536 INFO] (isnngp_vary_inducing:35) ELBO: 200071.51893454383
[2022-08-05 20:32:46,772 INFO] (isnngp_vary_inducing:37) EUBO: 813262.1041292488
[2022-08-05 20:34:20,563 INFO] (isnngp_vary_inducing:41) Loss: 0.1753641486493052
[2022-08-05 20:34:20,563 INFO] (isnngp_vary_inducing:43) Accuracy: 97.29%
[2022-08-05 20:34:20,564 INFO] (isnngp_vary_inducing:27) 
----Number of inducing point: 1400----
[2022-08-05 20:34:20,716 INFO] (snngp_inference:59) inducing_points shape: (1400, 28, 28, 1)
[2022-08-05 20:53:22,113 INFO] (isnngp_vary_inducing:35) ELBO: 206760.64158580021
[2022-08-05 20:53:28,762 INFO] (isnngp_vary_inducing:37) EUBO: 812990.3260801905
[2022-08-05 20:55:04,765 INFO] (isnngp_vary_inducing:41) Loss: 0.17554933593865243
[2022-08-05 20:55:04,765 INFO] (isnngp_vary_inducing:43) Accuracy: 97.44%
[2022-08-05 20:55:04,765 INFO] (isnngp_vary_inducing:27) 
----Number of inducing point: 1450----
[2022-08-05 20:55:04,874 INFO] (snngp_inference:59) inducing_points shape: (1450, 28, 28, 1)
[2022-08-05 21:14:42,782 INFO] (isnngp_vary_inducing:35) ELBO: 213102.0122093159
[2022-08-05 21:14:49,571 INFO] (isnngp_vary_inducing:37) EUBO: 812713.8488016375
[2022-08-05 21:16:29,319 INFO] (isnngp_vary_inducing:41) Loss: 0.17492734148457859
[2022-08-05 21:16:29,320 INFO] (isnngp_vary_inducing:43) Accuracy: 97.40%
[2022-08-05 21:16:29,320 INFO] (isnngp_vary_inducing:27) 
----Number of inducing point: 1500----
[2022-08-05 21:16:29,428 INFO] (snngp_inference:59) inducing_points shape: (1500, 28, 28, 1)
[2022-08-05 21:35:08,002 INFO] (isnngp_vary_inducing:35) ELBO: 216853.09755339136
[2022-08-05 21:35:13,793 INFO] (isnngp_vary_inducing:37) EUBO: 812523.8056448032
[2022-08-05 21:36:39,639 INFO] (isnngp_vary_inducing:41) Loss: 0.17474354757875363
[2022-08-05 21:36:39,640 INFO] (isnngp_vary_inducing:43) Accuracy: 97.53%
[2022-08-05 21:36:39,640 INFO] (isnngp_vary_inducing:27) 
----Number of inducing point: 1550----
[2022-08-05 21:36:39,745 INFO] (snngp_inference:59) inducing_points shape: (1550, 28, 28, 1)
[2022-08-05 21:54:22,597 INFO] (isnngp_vary_inducing:35) ELBO: 224012.57195717108
[2022-08-05 21:54:28,907 INFO] (isnngp_vary_inducing:37) EUBO: 812235.5158479243
[2022-08-05 21:55:58,363 INFO] (isnngp_vary_inducing:41) Loss: 0.17461359863829348
[2022-08-05 21:55:58,364 INFO] (isnngp_vary_inducing:43) Accuracy: 97.62%
[2022-08-05 21:55:58,364 INFO] (isnngp_vary_inducing:27) 
----Number of inducing point: 1600----
[2022-08-05 21:55:58,462 INFO] (snngp_inference:59) inducing_points shape: (1600, 28, 28, 1)
[2022-08-05 22:14:09,353 INFO] (isnngp_vary_inducing:35) ELBO: 227664.89751370403
[2022-08-05 22:14:15,587 INFO] (isnngp_vary_inducing:37) EUBO: 811997.2211588005
[2022-08-05 22:15:47,650 INFO] (isnngp_vary_inducing:41) Loss: 0.1743231636328113
[2022-08-05 22:15:47,651 INFO] (isnngp_vary_inducing:43) Accuracy: 97.61%
[2022-08-05 22:15:47,651 INFO] (isnngp_vary_inducing:27) 
----Number of inducing point: 1650----
[2022-08-05 22:15:47,754 INFO] (snngp_inference:59) inducing_points shape: (1650, 28, 28, 1)
[2022-08-05 22:34:36,701 INFO] (isnngp_vary_inducing:35) ELBO: 231837.50991730962
[2022-08-05 22:34:43,281 INFO] (isnngp_vary_inducing:37) EUBO: 811754.2221674852
[2022-08-05 22:36:16,930 INFO] (isnngp_vary_inducing:41) Loss: 0.17425656455873084
[2022-08-05 22:36:16,931 INFO] (isnngp_vary_inducing:43) Accuracy: 97.60%
[2022-08-05 22:36:16,931 INFO] (isnngp_vary_inducing:27) 
----Number of inducing point: 1700----
[2022-08-05 22:36:17,032 INFO] (snngp_inference:59) inducing_points shape: (1700, 28, 28, 1)
[2022-08-05 22:55:36,852 INFO] (isnngp_vary_inducing:35) ELBO: 235478.78722678835
[2022-08-05 22:55:43,579 INFO] (isnngp_vary_inducing:37) EUBO: 811548.5344642552
[2022-08-05 22:57:20,303 INFO] (isnngp_vary_inducing:41) Loss: 0.17411596045734684
[2022-08-05 22:57:20,303 INFO] (isnngp_vary_inducing:43) Accuracy: 97.61%
[2022-08-05 22:57:20,304 INFO] (isnngp_vary_inducing:27) 
----Number of inducing point: 1750----
[2022-08-05 22:57:20,503 INFO] (snngp_inference:59) inducing_points shape: (1750, 28, 28, 1)
[2022-08-05 23:17:18,064 INFO] (isnngp_vary_inducing:35) ELBO: 240499.31966765563
[2022-08-05 23:17:24,972 INFO] (isnngp_vary_inducing:37) EUBO: 811299.315675917
[2022-08-05 23:19:04,599 INFO] (isnngp_vary_inducing:41) Loss: 0.1739492793586562
[2022-08-05 23:19:04,600 INFO] (isnngp_vary_inducing:43) Accuracy: 97.59%
[2022-08-05 23:19:04,600 INFO] (isnngp_vary_inducing:27) 
----Number of inducing point: 1800----
[2022-08-05 23:19:04,802 INFO] (snngp_inference:59) inducing_points shape: (1800, 28, 28, 1)
[2022-08-05 23:39:31,361 INFO] (isnngp_vary_inducing:35) ELBO: 244819.48483471049
[2022-08-05 23:39:38,624 INFO] (isnngp_vary_inducing:37) EUBO: 811090.2546987517
[2022-08-05 23:41:20,770 INFO] (isnngp_vary_inducing:41) Loss: 0.1734435716003763
[2022-08-05 23:41:20,770 INFO] (isnngp_vary_inducing:43) Accuracy: 97.78%
[2022-08-05 23:41:20,772 INFO] (isnngp_vary_inducing:27) 
----Number of inducing point: 1850----
[2022-08-05 23:41:20,969 INFO] (snngp_inference:59) inducing_points shape: (1850, 28, 28, 1)
[2022-08-06 00:02:25,833 INFO] (isnngp_vary_inducing:35) ELBO: 247834.0042038866
[2022-08-06 00:02:33,421 INFO] (isnngp_vary_inducing:37) EUBO: 810895.7477719994
[2022-08-06 00:04:18,256 INFO] (isnngp_vary_inducing:41) Loss: 0.1733018807655708
[2022-08-06 00:04:18,257 INFO] (isnngp_vary_inducing:43) Accuracy: 97.72%
[2022-08-06 00:04:18,257 INFO] (isnngp_vary_inducing:27) 
----Number of inducing point: 1900----
[2022-08-06 00:04:18,455 INFO] (snngp_inference:59) inducing_points shape: (1900, 28, 28, 1)
[2022-08-06 00:25:55,930 INFO] (isnngp_vary_inducing:35) ELBO: 251871.40708952246
[2022-08-06 00:26:03,548 INFO] (isnngp_vary_inducing:37) EUBO: 810725.8283493285
[2022-08-06 00:27:50,523 INFO] (isnngp_vary_inducing:41) Loss: 0.17346100319520155
[2022-08-06 00:27:50,524 INFO] (isnngp_vary_inducing:43) Accuracy: 97.80%
[2022-08-06 00:27:50,525 INFO] (isnngp_vary_inducing:27) 
----Number of inducing point: 1950----
[2022-08-06 00:27:50,726 INFO] (snngp_inference:59) inducing_points shape: (1950, 28, 28, 1)
[2022-08-06 00:50:10,534 INFO] (isnngp_vary_inducing:35) ELBO: 256037.66336077417
[2022-08-06 00:50:18,403 INFO] (isnngp_vary_inducing:37) EUBO: 810464.2926987259
[2022-08-06 00:52:08,889 INFO] (isnngp_vary_inducing:41) Loss: 0.17342516951912598
[2022-08-06 00:52:08,890 INFO] (isnngp_vary_inducing:43) Accuracy: 97.80%
[2022-08-06 00:52:08,891 INFO] (isnngp_vary_inducing:27) 
----Number of inducing point: 2000----
[2022-08-06 00:52:09,088 INFO] (snngp_inference:59) inducing_points shape: (2000, 28, 28, 1)
[2022-08-06 01:14:59,791 INFO] (isnngp_vary_inducing:35) ELBO: 258344.23198796378
[2022-08-06 01:15:07,896 INFO] (isnngp_vary_inducing:37) EUBO: 810319.6216473139
[2022-08-06 01:17:00,512 INFO] (isnngp_vary_inducing:41) Loss: 0.1732395420477133
[2022-08-06 01:17:00,513 INFO] (isnngp_vary_inducing:43) Accuracy: 97.66%
[2022-08-06 01:17:00,513 INFO] (isnngp_vary_inducing:27) 
----Number of inducing point: 2050----
[2022-08-06 01:17:00,730 INFO] (snngp_inference:59) inducing_points shape: (2050, 28, 28, 1)
[2022-08-06 01:40:39,191 INFO] (isnngp_vary_inducing:35) ELBO: 262270.5536228443
[2022-08-06 01:40:47,508 INFO] (isnngp_vary_inducing:37) EUBO: 810104.6700294421
[2022-08-06 01:42:42,463 INFO] (isnngp_vary_inducing:41) Loss: 0.17295219143404197
[2022-08-06 01:42:42,464 INFO] (isnngp_vary_inducing:43) Accuracy: 97.73%
[2022-08-06 01:42:42,464 INFO] (isnngp_vary_inducing:27) 
----Number of inducing point: 2100----
[2022-08-06 01:42:42,676 INFO] (snngp_inference:59) inducing_points shape: (2100, 28, 28, 1)
[2022-08-06 02:06:52,461 INFO] (isnngp_vary_inducing:35) ELBO: 263483.71046475286
[2022-08-06 02:07:01,296 INFO] (isnngp_vary_inducing:37) EUBO: 809954.6559355898
[2022-08-06 02:08:58,747 INFO] (isnngp_vary_inducing:41) Loss: 0.17291149898386135
[2022-08-06 02:08:58,748 INFO] (isnngp_vary_inducing:43) Accuracy: 97.72%
[2022-08-06 02:08:58,749 INFO] (isnngp_vary_inducing:27) 
----Number of inducing point: 2150----
[2022-08-06 02:08:58,983 INFO] (snngp_inference:59) inducing_points shape: (2150, 28, 28, 1)
[2022-08-06 02:33:40,410 INFO] (isnngp_vary_inducing:35) ELBO: 268389.4093055866
[2022-08-06 02:33:49,328 INFO] (isnngp_vary_inducing:37) EUBO: 809749.3980721884
[2022-08-06 02:35:50,137 INFO] (isnngp_vary_inducing:41) Loss: 0.1728411320831153
[2022-08-06 02:35:50,138 INFO] (isnngp_vary_inducing:43) Accuracy: 97.78%
[2022-08-06 02:35:50,138 INFO] (isnngp_vary_inducing:27) 
----Number of inducing point: 2200----
[2022-08-06 02:35:50,389 INFO] (snngp_inference:59) inducing_points shape: (2200, 28, 28, 1)
[2022-08-06 03:01:12,242 INFO] (isnngp_vary_inducing:35) ELBO: 270552.600999829
[2022-08-06 03:01:21,569 INFO] (isnngp_vary_inducing:37) EUBO: 809604.816841645
[2022-08-06 03:03:25,533 INFO] (isnngp_vary_inducing:41) Loss: 0.17275993494587444
[2022-08-06 03:03:25,534 INFO] (isnngp_vary_inducing:43) Accuracy: 97.81%
[2022-08-06 03:03:25,534 INFO] (isnngp_vary_inducing:27) 
----Number of inducing point: 2250----
[2022-08-06 03:03:25,788 INFO] (snngp_inference:59) inducing_points shape: (2250, 28, 28, 1)
[2022-08-06 03:29:16,679 INFO] (isnngp_vary_inducing:35) ELBO: 270796.99725589657
[2022-08-06 03:29:26,467 INFO] (isnngp_vary_inducing:37) EUBO: 809450.0565800839
[2022-08-06 03:31:33,199 INFO] (isnngp_vary_inducing:41) Loss: 0.17287266993735276
[2022-08-06 03:31:33,200 INFO] (isnngp_vary_inducing:43) Accuracy: 97.94%
[2022-08-06 03:31:33,200 INFO] (isnngp_vary_inducing:27) 
----Number of inducing point: 2300----
[2022-08-06 03:31:33,470 INFO] (snngp_inference:59) inducing_points shape: (2300, 28, 28, 1)
[2022-08-06 03:57:56,854 INFO] (isnngp_vary_inducing:35) ELBO: 275078.68264544394
[2022-08-06 03:58:06,770 INFO] (isnngp_vary_inducing:37) EUBO: 809256.3048785012
[2022-08-06 04:00:15,923 INFO] (isnngp_vary_inducing:41) Loss: 0.17225299329291976
[2022-08-06 04:00:15,924 INFO] (isnngp_vary_inducing:43) Accuracy: 97.90%
[2022-08-06 04:00:15,924 INFO] (isnngp_vary_inducing:27) 
----Number of inducing point: 2350----
[2022-08-06 04:00:16,180 INFO] (snngp_inference:59) inducing_points shape: (2350, 28, 28, 1)
[2022-08-06 04:27:21,155 INFO] (isnngp_vary_inducing:35) ELBO: 278263.7988895698
[2022-08-06 04:27:31,308 INFO] (isnngp_vary_inducing:37) EUBO: 809086.7109187049
[2022-08-06 04:29:43,486 INFO] (isnngp_vary_inducing:41) Loss: 0.1723299267154763
[2022-08-06 04:29:43,486 INFO] (isnngp_vary_inducing:43) Accuracy: 97.79%
[2022-08-06 04:29:43,487 INFO] (isnngp_vary_inducing:27) 
----Number of inducing point: 2400----
[2022-08-06 04:29:43,749 INFO] (snngp_inference:59) inducing_points shape: (2400, 28, 28, 1)
[2022-08-06 04:57:18,338 INFO] (isnngp_vary_inducing:35) ELBO: 281653.65006192506
[2022-08-06 04:57:28,900 INFO] (isnngp_vary_inducing:37) EUBO: 808908.1615486016
[2022-08-06 04:59:43,819 INFO] (isnngp_vary_inducing:41) Loss: 0.17240602943063274
[2022-08-06 04:59:43,820 INFO] (isnngp_vary_inducing:43) Accuracy: 97.88%
[2022-08-06 04:59:43,821 INFO] (isnngp_vary_inducing:27) 
----Number of inducing point: 2450----
[2022-08-06 04:59:44,076 INFO] (snngp_inference:59) inducing_points shape: (2450, 28, 28, 1)
[2022-08-06 05:27:57,301 INFO] (isnngp_vary_inducing:35) ELBO: 282764.32457186875
[2022-08-06 05:28:08,010 INFO] (isnngp_vary_inducing:37) EUBO: 808753.0661977608
[2022-08-06 05:30:25,250 INFO] (isnngp_vary_inducing:41) Loss: 0.17219217171066348
[2022-08-06 05:30:25,250 INFO] (isnngp_vary_inducing:43) Accuracy: 97.90%
[2022-08-06 05:30:25,251 INFO] (isnngp_vary_inducing:27) 
----Number of inducing point: 2500----
[2022-08-06 05:30:25,510 INFO] (snngp_inference:59) inducing_points shape: (2500, 28, 28, 1)
[2022-08-06 05:59:13,564 INFO] (isnngp_vary_inducing:35) ELBO: 285696.34858612216
[2022-08-06 05:59:24,734 INFO] (isnngp_vary_inducing:37) EUBO: 808580.6692702996
[2022-08-06 06:01:44,303 INFO] (isnngp_vary_inducing:41) Loss: 0.17213854212314775
[2022-08-06 06:01:44,304 INFO] (isnngp_vary_inducing:43) Accuracy: 97.86%
[2022-08-06 06:01:44,304 INFO] (isnngp_vary_inducing:27) 
----Number of inducing point: 2550----
[2022-08-06 06:01:44,574 INFO] (snngp_inference:59) inducing_points shape: (2550, 28, 28, 1)
[2022-08-06 06:31:10,553 INFO] (isnngp_vary_inducing:35) ELBO: 286117.6686156491
[2022-08-06 06:31:22,323 INFO] (isnngp_vary_inducing:37) EUBO: 808465.075967033
[2022-08-06 06:33:45,771 INFO] (isnngp_vary_inducing:41) Loss: 0.17209953195374814
[2022-08-06 06:33:45,772 INFO] (isnngp_vary_inducing:43) Accuracy: 97.97%
[2022-08-06 06:33:45,772 INFO] (isnngp_vary_inducing:27) 
----Number of inducing point: 2600----
[2022-08-06 06:33:46,042 INFO] (snngp_inference:59) inducing_points shape: (2600, 28, 28, 1)
[2022-08-06 07:03:39,465 INFO] (isnngp_vary_inducing:35) ELBO: 288971.94808816316
[2022-08-06 07:03:51,258 INFO] (isnngp_vary_inducing:37) EUBO: 808307.6934270209
[2022-08-06 07:06:17,277 INFO] (isnngp_vary_inducing:41) Loss: 0.1718837656667834
[2022-08-06 07:06:17,277 INFO] (isnngp_vary_inducing:43) Accuracy: 97.93%
[2022-08-06 07:06:17,279 INFO] (isnngp_vary_inducing:27) 
----Number of inducing point: 2650----
[2022-08-06 07:06:17,548 INFO] (snngp_inference:59) inducing_points shape: (2650, 28, 28, 1)
[2022-08-06 07:36:55,374 INFO] (isnngp_vary_inducing:35) ELBO: 290556.23338277324
[2022-08-06 07:37:07,485 INFO] (isnngp_vary_inducing:37) EUBO: 808194.9570397367
[2022-08-06 07:39:35,689 INFO] (isnngp_vary_inducing:41) Loss: 0.1718894054247911
[2022-08-06 07:39:35,690 INFO] (isnngp_vary_inducing:43) Accuracy: 98.02%
[2022-08-06 07:39:35,691 INFO] (isnngp_vary_inducing:27) 
----Number of inducing point: 2700----
[2022-08-06 07:39:36,004 INFO] (snngp_inference:59) inducing_points shape: (2700, 28, 28, 1)
[2022-08-06 08:10:36,319 INFO] (isnngp_vary_inducing:35) ELBO: 292854.2032151759
[2022-08-06 08:10:48,919 INFO] (isnngp_vary_inducing:37) EUBO: 808048.3296862973
[2022-08-06 08:13:19,853 INFO] (isnngp_vary_inducing:41) Loss: 0.17175490293843992
[2022-08-06 08:13:19,854 INFO] (isnngp_vary_inducing:43) Accuracy: 97.96%
[2022-08-06 08:13:19,854 INFO] (isnngp_vary_inducing:27) 
----Number of inducing point: 2750----
[2022-08-06 08:13:20,142 INFO] (snngp_inference:59) inducing_points shape: (2750, 28, 28, 1)
[2022-08-06 08:44:57,327 INFO] (isnngp_vary_inducing:35) ELBO: 294196.98295051407
[2022-08-06 08:45:10,453 INFO] (isnngp_vary_inducing:37) EUBO: 807905.7761467667
[2022-08-06 08:47:48,708 INFO] (isnngp_vary_inducing:41) Loss: 0.17160377077825936
[2022-08-06 08:47:48,709 INFO] (isnngp_vary_inducing:43) Accuracy: 97.90%
[2022-08-06 08:47:48,710 INFO] (isnngp_vary_inducing:27) 
----Number of inducing point: 2800----
[2022-08-06 08:47:48,996 INFO] (snngp_inference:59) inducing_points shape: (2800, 28, 28, 1)
[2022-08-06 09:19:58,696 INFO] (isnngp_vary_inducing:35) ELBO: 295657.8681787745
[2022-08-06 09:20:12,206 INFO] (isnngp_vary_inducing:37) EUBO: 807789.0789171268
[2022-08-06 09:22:48,812 INFO] (isnngp_vary_inducing:41) Loss: 0.1717205325492398
[2022-08-06 09:22:48,813 INFO] (isnngp_vary_inducing:43) Accuracy: 97.98%
[2022-08-06 09:22:48,814 INFO] (isnngp_vary_inducing:27) 
----Number of inducing point: 2850----
[2022-08-06 09:22:49,098 INFO] (snngp_inference:59) inducing_points shape: (2850, 28, 28, 1)
[2022-08-06 09:55:38,482 INFO] (isnngp_vary_inducing:35) ELBO: 299768.5938601644
[2022-08-06 09:55:52,254 INFO] (isnngp_vary_inducing:37) EUBO: 807624.2772828985
[2022-08-06 09:58:30,171 INFO] (isnngp_vary_inducing:41) Loss: 0.17141626135699106
[2022-08-06 09:58:30,172 INFO] (isnngp_vary_inducing:43) Accuracy: 97.95%
[2022-08-06 09:58:30,172 INFO] (isnngp_vary_inducing:27) 
----Number of inducing point: 2900----
[2022-08-06 09:58:30,454 INFO] (snngp_inference:59) inducing_points shape: (2900, 28, 28, 1)
[2022-08-06 10:31:59,954 INFO] (isnngp_vary_inducing:35) ELBO: 300402.0611724098
[2022-08-06 10:32:14,140 INFO] (isnngp_vary_inducing:37) EUBO: 807481.2142774804
[2022-08-06 10:34:55,908 INFO] (isnngp_vary_inducing:41) Loss: 0.1714783600799148
[2022-08-06 10:34:55,909 INFO] (isnngp_vary_inducing:43) Accuracy: 98.02%
[2022-08-06 10:34:55,910 INFO] (isnngp_vary_inducing:27) 
----Number of inducing point: 2950----
[2022-08-06 10:34:56,188 INFO] (snngp_inference:59) inducing_points shape: (2950, 28, 28, 1)
[2022-08-06 11:08:56,196 INFO] (isnngp_vary_inducing:35) ELBO: 302758.18943704164
[2022-08-06 11:09:10,656 INFO] (isnngp_vary_inducing:37) EUBO: 807364.0217137792
[2022-08-06 11:11:55,841 INFO] (isnngp_vary_inducing:41) Loss: 0.1713529345863243
[2022-08-06 11:11:55,841 INFO] (isnngp_vary_inducing:43) Accuracy: 98.06%
[2022-08-06 11:11:55,842 INFO] (isnngp_vary_inducing:27) 
----Number of inducing point: 3000----
[2022-08-06 11:11:56,127 INFO] (snngp_inference:59) inducing_points shape: (3000, 28, 28, 1)
[2022-08-06 11:46:31,732 INFO] (isnngp_vary_inducing:35) ELBO: 303166.22632271063
[2022-08-06 11:46:46,898 INFO] (isnngp_vary_inducing:37) EUBO: 807253.3972155385
[2022-08-06 11:49:34,076 INFO] (isnngp_vary_inducing:41) Loss: 0.17132008010553976
[2022-08-06 11:49:34,077 INFO] (isnngp_vary_inducing:43) Accuracy: 97.95%
[2022-08-06 11:49:34,078 INFO] (isnngp_vary_inducing:27) 
----Number of inducing point: 3050----
[2022-08-06 11:49:34,363 INFO] (snngp_inference:59) inducing_points shape: (3050, 28, 28, 1)
[2022-08-06 12:24:45,292 INFO] (isnngp_vary_inducing:35) ELBO: 304809.2567296262
[2022-08-06 12:25:00,697 INFO] (isnngp_vary_inducing:37) EUBO: 807135.8986712433
[2022-08-06 12:27:51,026 INFO] (isnngp_vary_inducing:41) Loss: 0.17134122773758273
[2022-08-06 12:27:51,027 INFO] (isnngp_vary_inducing:43) Accuracy: 98.00%
[2022-08-06 12:27:51,027 INFO] (isnngp_vary_inducing:27) 
----Number of inducing point: 3100----
[2022-08-06 12:27:51,307 INFO] (snngp_inference:59) inducing_points shape: (3100, 28, 28, 1)
[2022-08-06 13:03:34,692 INFO] (isnngp_vary_inducing:35) ELBO: 306069.8117400679
[2022-08-06 13:03:50,604 INFO] (isnngp_vary_inducing:37) EUBO: 807038.1161288718
[2022-08-06 13:06:43,203 INFO] (isnngp_vary_inducing:41) Loss: 0.1711895726708191
[2022-08-06 13:06:43,205 INFO] (isnngp_vary_inducing:43) Accuracy: 98.04%
[2022-08-06 13:06:43,205 INFO] (isnngp_vary_inducing:27) 
----Number of inducing point: 3150----
[2022-08-06 13:06:43,490 INFO] (snngp_inference:59) inducing_points shape: (3150, 28, 28, 1)
[2022-08-06 13:43:04,446 INFO] (isnngp_vary_inducing:35) ELBO: 308277.6421918421
[2022-08-06 13:43:20,498 INFO] (isnngp_vary_inducing:37) EUBO: 806887.3723430585
[2022-08-06 13:46:14,822 INFO] (isnngp_vary_inducing:41) Loss: 0.17124093203148658
[2022-08-06 13:46:14,823 INFO] (isnngp_vary_inducing:43) Accuracy: 97.91%
[2022-08-06 13:46:14,823 INFO] (isnngp_vary_inducing:27) 
----Number of inducing point: 3200----
[2022-08-06 13:46:15,112 INFO] (snngp_inference:59) inducing_points shape: (3200, 28, 28, 1)
[2022-08-06 14:23:08,036 INFO] (isnngp_vary_inducing:35) ELBO: 309974.53428464185
[2022-08-06 14:23:24,910 INFO] (isnngp_vary_inducing:37) EUBO: 806803.9018218126
[2022-08-06 14:26:23,706 INFO] (isnngp_vary_inducing:41) Loss: 0.17101792740146457
[2022-08-06 14:26:23,707 INFO] (isnngp_vary_inducing:43) Accuracy: 97.96%
[2022-08-06 14:26:23,708 INFO] (isnngp_vary_inducing:27) 
----Number of inducing point: 3250----
[2022-08-06 14:26:23,995 INFO] (snngp_inference:59) inducing_points shape: (3250, 28, 28, 1)
[2022-08-06 15:03:49,299 INFO] (isnngp_vary_inducing:35) ELBO: 311029.12404333113
[2022-08-06 15:04:06,181 INFO] (isnngp_vary_inducing:37) EUBO: 806646.4605992847
[2022-08-06 15:07:06,497 INFO] (isnngp_vary_inducing:41) Loss: 0.17113417532194627
[2022-08-06 15:07:06,498 INFO] (isnngp_vary_inducing:43) Accuracy: 98.00%
[2022-08-06 15:07:06,498 INFO] (isnngp_vary_inducing:27) 
----Number of inducing point: 3300----
[2022-08-06 15:07:06,799 INFO] (snngp_inference:59) inducing_points shape: (3300, 28, 28, 1)
[2022-08-06 15:45:09,933 INFO] (isnngp_vary_inducing:35) ELBO: 313205.7474239591
[2022-08-06 15:45:27,483 INFO] (isnngp_vary_inducing:37) EUBO: 806532.8728591586
[2022-08-06 15:48:30,780 INFO] (isnngp_vary_inducing:41) Loss: 0.17073955948142966
[2022-08-06 15:48:30,781 INFO] (isnngp_vary_inducing:43) Accuracy: 98.12%
[2022-08-06 15:48:30,781 INFO] (isnngp_vary_inducing:27) 
----Number of inducing point: 3350----
[2022-08-06 15:48:31,098 INFO] (snngp_inference:59) inducing_points shape: (3350, 28, 28, 1)
[2022-08-06 16:27:08,338 INFO] (isnngp_vary_inducing:35) ELBO: 315139.08917900885
[2022-08-06 16:27:26,218 INFO] (isnngp_vary_inducing:37) EUBO: 806406.2619365723
[2022-08-06 16:30:33,648 INFO] (isnngp_vary_inducing:41) Loss: 0.17077452132865045
[2022-08-06 16:30:33,649 INFO] (isnngp_vary_inducing:43) Accuracy: 98.03%
[2022-08-06 16:30:33,650 INFO] (isnngp_vary_inducing:27) 
----Number of inducing point: 3400----
[2022-08-06 16:30:33,950 INFO] (snngp_inference:59) inducing_points shape: (3400, 28, 28, 1)
[2022-08-06 17:09:48,788 INFO] (isnngp_vary_inducing:35) ELBO: 315585.04343475786
[2022-08-06 17:10:07,187 INFO] (isnngp_vary_inducing:37) EUBO: 806308.6906165115
[2022-08-06 17:13:17,077 INFO] (isnngp_vary_inducing:41) Loss: 0.1708337935614481
[2022-08-06 17:13:17,078 INFO] (isnngp_vary_inducing:43) Accuracy: 98.11%
[2022-08-06 17:13:17,078 INFO] (isnngp_vary_inducing:27) 
----Number of inducing point: 3450----
[2022-08-06 17:13:17,390 INFO] (snngp_inference:59) inducing_points shape: (3450, 28, 28, 1)
[2022-08-06 17:56:29,320 INFO] (isnngp_vary_inducing:35) ELBO: 317089.94335919886
[2022-08-06 17:56:50,185 INFO] (isnngp_vary_inducing:37) EUBO: 806193.4596390509
[2022-08-06 18:00:17,168 INFO] (isnngp_vary_inducing:41) Loss: 0.1708217651235999
[2022-08-06 18:00:17,170 INFO] (isnngp_vary_inducing:43) Accuracy: 98.10%
[2022-08-06 18:00:17,170 INFO] (isnngp_vary_inducing:27) 
----Number of inducing point: 3500----
[2022-08-06 18:00:17,506 INFO] (snngp_inference:59) inducing_points shape: (3500, 28, 28, 1)
[2022-08-06 18:44:03,790 INFO] (isnngp_vary_inducing:35) ELBO: 318384.9131464296
[2022-08-06 18:44:24,661 INFO] (isnngp_vary_inducing:37) EUBO: 806091.4818218189
[2022-08-06 18:47:56,037 INFO] (isnngp_vary_inducing:41) Loss: 0.17094653584011255
[2022-08-06 18:47:56,039 INFO] (isnngp_vary_inducing:43) Accuracy: 98.03%
[2022-08-06 18:47:56,040 INFO] (isnngp_vary_inducing:27) 
----Number of inducing point: 3550----
[2022-08-06 18:47:56,402 INFO] (snngp_inference:59) inducing_points shape: (3550, 28, 28, 1)
