[2022-08-12 06:57:51,636 INFO] (750817744:20) 
----Number of inducing point: 10----
[2022-08-12 06:57:52,757 INFO] (750817744:25) Inducing points shape: (10, 1)
[2022-08-12 06:57:52,759 INFO] (snngp:272) Optimizing...
[2022-08-12 06:57:56,297 INFO] (snngp:280) Optimized for 21 iters; Success: True; Result: [2.59500983 2.25653349], 0.21890220830296142
[2022-08-12 06:57:56,979 INFO] (750817744:31) LML: -510.9597
[2022-08-12 06:57:58,775 INFO] (750817744:33) ELBO: -712.0494
[2022-08-12 06:57:58,779 INFO] (750817744:35) EUBO: -211.3338
[2022-08-12 06:57:58,783 INFO] (750817744:39) RMSE: 0.7462
[2022-08-12 06:57:58,787 INFO] (750817744:20) 
----Number of inducing point: 13----
[2022-08-12 06:57:58,825 INFO] (750817744:25) Inducing points shape: (13, 1)
[2022-08-12 06:57:58,826 INFO] (snngp:272) Optimizing...
[2022-08-12 06:58:02,623 INFO] (snngp:280) Optimized for 12 iters; Success: True; Result: [3.40583634 0.88899696], 0.1251902327179214
[2022-08-12 06:58:03,287 INFO] (750817744:31) LML: -311.6707
[2022-08-12 06:58:05,043 INFO] (750817744:33) ELBO: -462.8019
[2022-08-12 06:58:05,047 INFO] (750817744:35) EUBO: 61.9167
[2022-08-12 06:58:05,052 INFO] (750817744:39) RMSE: 0.6844
[2022-08-12 06:58:05,054 INFO] (750817744:20) 
----Number of inducing point: 16----
[2022-08-12 06:58:05,106 INFO] (750817744:25) Inducing points shape: (16, 1)
[2022-08-12 06:58:05,108 INFO] (snngp:272) Optimizing...
[2022-08-12 06:58:08,598 INFO] (snngp:280) Optimized for 9 iters; Success: True; Result: [3.31478469 1.71472406], 0.10571229287780738
[2022-08-12 06:58:09,288 INFO] (750817744:31) LML: -172.0917
[2022-08-12 06:58:11,017 INFO] (750817744:33) ELBO: -382.4716
[2022-08-12 06:58:11,021 INFO] (750817744:35) EUBO: 138.4200
[2022-08-12 06:58:11,025 INFO] (750817744:39) RMSE: 0.7253
[2022-08-12 06:58:11,025 INFO] (750817744:20) 
----Number of inducing point: 21----
[2022-08-12 06:58:11,084 INFO] (750817744:25) Inducing points shape: (21, 1)
[2022-08-12 06:58:11,085 INFO] (snngp:272) Optimizing...
[2022-08-12 06:58:15,359 INFO] (snngp:280) Optimized for 24 iters; Success: True; Result: [4.26294939 18.89956436], 0.05897259348117374
[2022-08-12 06:58:16,043 INFO] (750817744:31) LML: 28.1619
[2022-08-12 06:58:17,836 INFO] (750817744:33) ELBO: -130.9177
[2022-08-12 06:58:17,840 INFO] (750817744:35) EUBO: 412.6377
[2022-08-12 06:58:17,846 INFO] (750817744:39) RMSE: 2.1598
[2022-08-12 06:58:17,847 INFO] (750817744:20) 
----Number of inducing point: 26----
[2022-08-12 06:58:17,918 INFO] (750817744:25) Inducing points shape: (26, 1)
[2022-08-12 06:58:17,919 INFO] (snngp:272) Optimizing...
[2022-08-12 06:58:21,683 INFO] (snngp:280) Optimized for 7 iters; Success: True; Result: [4.35051571 18.89686112], 0.05677970618340629
[2022-08-12 06:58:22,364 INFO] (750817744:31) LML: 41.2332
[2022-08-12 06:58:24,146 INFO] (750817744:33) ELBO: -107.5649
[2022-08-12 06:58:24,150 INFO] (750817744:35) EUBO: 424.0978
[2022-08-12 06:58:24,156 INFO] (750817744:39) RMSE: 2.1716
[2022-08-12 06:58:24,157 INFO] (750817744:20) 
----Number of inducing point: 34----
[2022-08-12 06:58:24,761 INFO] (750817744:25) Inducing points shape: (34, 1)
[2022-08-12 06:58:24,763 INFO] (snngp:272) Optimizing...
[2022-08-12 06:58:29,199 INFO] (snngp:280) Optimized for 23 iters; Success: True; Result: [4.11816355 6.58767039], 0.04053584042420115
[2022-08-12 06:58:30,164 INFO] (750817744:31) LML: 90.2839
[2022-08-12 06:58:31,961 INFO] (750817744:33) ELBO: 68.8607
[2022-08-12 06:58:31,965 INFO] (750817744:35) EUBO: 564.8579
[2022-08-12 06:58:31,971 INFO] (750817744:39) RMSE: 3.5353
[2022-08-12 06:58:31,976 INFO] (750817744:20) 
----Number of inducing point: 43----
[2022-08-12 06:58:32,650 INFO] (750817744:25) Inducing points shape: (43, 1)
[2022-08-12 06:58:32,652 INFO] (snngp:272) Optimizing...
[2022-08-12 06:58:37,178 INFO] (snngp:280) Optimized for 19 iters; Success: True; Result: [4.12827554 5.36234897], 0.03996565000056351
[2022-08-12 06:58:37,885 INFO] (750817744:31) LML: 92.7150
[2022-08-12 06:58:39,585 INFO] (750817744:33) ELBO: 76.2484
[2022-08-12 06:58:39,589 INFO] (750817744:35) EUBO: 562.8663
[2022-08-12 06:58:39,596 INFO] (750817744:39) RMSE: 3.5175
[2022-08-12 06:58:39,597 INFO] (750817744:20) 
----Number of inducing point: 55----
[2022-08-12 06:58:40,492 INFO] (750817744:25) Inducing points shape: (55, 1)
[2022-08-12 06:58:40,494 INFO] (snngp:272) Optimizing...
[2022-08-12 06:58:45,193 INFO] (snngp:280) Optimized for 17 iters; Success: True; Result: [4.22112738 4.86790174], 0.03929245517374753
[2022-08-12 06:58:45,849 INFO] (750817744:31) LML: 95.0096
[2022-08-12 06:58:47,857 INFO] (750817744:33) ELBO: 85.0687
[2022-08-12 06:58:47,861 INFO] (750817744:35) EUBO: 555.2664
[2022-08-12 06:58:47,869 INFO] (750817744:39) RMSE: 3.5242
[2022-08-12 06:58:47,870 INFO] (750817744:20) 
----Number of inducing point: 70----
[2022-08-12 06:58:48,967 INFO] (750817744:25) Inducing points shape: (70, 1)
[2022-08-12 06:58:48,969 INFO] (snngp:272) Optimizing...
[2022-08-12 06:58:53,428 INFO] (snngp:280) Optimized for 18 iters; Success: True; Result: [4.43885809 6.76832255], 0.03858434835142869
[2022-08-12 06:58:54,095 INFO] (750817744:31) LML: 96.7885
[2022-08-12 06:58:55,826 INFO] (750817744:33) ELBO: 93.1852
[2022-08-12 06:58:55,830 INFO] (750817744:35) EUBO: 532.1104
[2022-08-12 06:58:55,841 INFO] (750817744:39) RMSE: 3.2641
[2022-08-12 06:58:55,842 INFO] (750817744:20) 
----Number of inducing point: 89----
[2022-08-12 06:58:57,299 INFO] (750817744:25) Inducing points shape: (89, 1)
[2022-08-12 06:58:57,301 INFO] (snngp:272) Optimizing...
[2022-08-12 06:59:01,977 INFO] (snngp:280) Optimized for 20 iters; Success: True; Result: [4.45365903 6.48517824], 0.03842266197818811
[2022-08-12 06:59:02,632 INFO] (750817744:31) LML: 96.9461
[2022-08-12 06:59:04,369 INFO] (750817744:33) ELBO: 94.5260
[2022-08-12 06:59:04,374 INFO] (750817744:35) EUBO: 512.6951
[2022-08-12 06:59:04,387 INFO] (750817744:39) RMSE: 3.2606
[2022-08-12 06:59:04,388 INFO] (750817744:20) 
----Number of inducing point: 113----
[2022-08-12 06:59:06,205 INFO] (750817744:25) Inducing points shape: (113, 1)
[2022-08-12 06:59:06,206 INFO] (snngp:272) Optimizing...
[2022-08-12 06:59:10,959 INFO] (snngp:280) Optimized for 7 iters; Success: True; Result: [4.48121458 6.48347782], 0.038286559972745424
[2022-08-12 06:59:11,623 INFO] (750817744:31) LML: 97.0344
[2022-08-12 06:59:13,343 INFO] (750817744:33) ELBO: 95.7031
[2022-08-12 06:59:13,350 INFO] (750817744:35) EUBO: 466.8738
[2022-08-12 06:59:13,374 INFO] (750817744:39) RMSE: 3.2595
[2022-08-12 06:59:13,375 INFO] (750817744:20) 
----Number of inducing point: 144----
[2022-08-12 06:59:15,740 INFO] (750817744:25) Inducing points shape: (144, 1)
[2022-08-12 06:59:15,741 INFO] (snngp:272) Optimizing...
[2022-08-12 06:59:21,031 INFO] (snngp:280) Optimized for 21 iters; Success: True; Result: [4.51703582 6.7791233 ], 0.03818716660014049
[2022-08-12 06:59:21,672 INFO] (750817744:31) LML: 97.0716
[2022-08-12 06:59:23,437 INFO] (750817744:33) ELBO: 96.4756
[2022-08-12 06:59:23,444 INFO] (750817744:35) EUBO: 371.4273
[2022-08-12 06:59:23,473 INFO] (750817744:39) RMSE: 3.2831
[2022-08-12 06:59:23,475 INFO] (750817744:20) 
----Number of inducing point: 183----
[2022-08-12 06:59:26,448 INFO] (750817744:25) Inducing points shape: (183, 1)
[2022-08-12 06:59:26,450 INFO] (snngp:272) Optimizing...
[2022-08-12 06:59:31,861 INFO] (snngp:280) Optimized for 8 iters; Success: True; Result: [4.52296288 6.77860206], 0.03815275556370105
[2022-08-12 06:59:32,533 INFO] (750817744:31) LML: 97.0764
[2022-08-12 06:59:34,309 INFO] (750817744:33) ELBO: 96.7043
[2022-08-12 06:59:34,316 INFO] (750817744:35) EUBO: 315.7602
[2022-08-12 06:59:34,336 INFO] (750817744:39) RMSE: 3.2832
[2022-08-12 06:59:34,337 INFO] (750817744:20) 
----Number of inducing point: 234----
[2022-08-12 06:59:37,998 INFO] (750817744:25) Inducing points shape: (234, 1)
[2022-08-12 06:59:37,999 INFO] (snngp:272) Optimizing...
[2022-08-12 06:59:43,120 INFO] (snngp:280) Optimized for 8 iters; Success: True; Result: [4.52763852 6.77818374], 0.038124706838955684
[2022-08-12 06:59:43,834 INFO] (750817744:31) LML: 97.0785
[2022-08-12 06:59:45,642 INFO] (750817744:33) ELBO: 96.8975
[2022-08-12 06:59:45,651 INFO] (750817744:35) EUBO: 229.4644
[2022-08-12 06:59:45,676 INFO] (750817744:39) RMSE: 3.2833
[2022-08-12 06:59:45,677 INFO] (750817744:20) 
----Number of inducing point: 298----
[2022-08-12 06:59:50,307 INFO] (750817744:25) Inducing points shape: (298, 1)
[2022-08-12 06:59:50,309 INFO] (snngp:272) Optimizing...
[2022-08-12 06:59:55,884 INFO] (snngp:280) Optimized for 7 iters; Success: True; Result: [4.52969497 6.77804955], 0.038111805408494355
[2022-08-12 06:59:56,547 INFO] (750817744:31) LML: 97.0789
[2022-08-12 06:59:58,316 INFO] (750817744:33) ELBO: 96.9866
[2022-08-12 06:59:58,328 INFO] (750817744:35) EUBO: 171.3906
[2022-08-12 06:59:58,364 INFO] (750817744:39) RMSE: 3.2753
[2022-08-12 06:59:58,365 INFO] (750817744:20) 
----Number of inducing point: 379----
[2022-08-12 07:00:04,387 INFO] (750817744:25) Inducing points shape: (379, 1)
[2022-08-12 07:00:04,388 INFO] (snngp:272) Optimizing...
[2022-08-12 07:00:10,236 INFO] (snngp:280) Optimized for 7 iters; Success: True; Result: [4.5306141  6.77797016], 0.03810616496949145
[2022-08-12 07:00:10,943 INFO] (750817744:31) LML: 97.0790
[2022-08-12 07:00:12,702 INFO] (750817744:33) ELBO: 97.0225
[2022-08-12 07:00:12,719 INFO] (750817744:35) EUBO: 145.9773
[2022-08-12 07:00:12,773 INFO] (750817744:39) RMSE: 3.2753
[2022-08-12 07:00:12,774 INFO] (750817744:20) 
----Number of inducing point: 483----
[2022-08-12 07:00:20,259 INFO] (750817744:25) Inducing points shape: (483, 1)
[2022-08-12 07:00:20,261 INFO] (snngp:272) Optimizing...
[2022-08-12 07:00:31,925 INFO] (snngp:280) Optimized for 6 iters; Success: False; Result: [4.53128539 6.77794007], 0.03810183418534785
[2022-08-12 07:00:32,601 INFO] (750817744:31) LML: 97.0791
[2022-08-12 07:00:34,409 INFO] (750817744:33) ELBO: 97.0501
[2022-08-12 07:00:34,430 INFO] (750817744:35) EUBO: 122.4240
[2022-08-12 07:00:34,479 INFO] (750817744:39) RMSE: 3.2755
[2022-08-12 07:00:34,480 INFO] (750817744:20) 
----Number of inducing point: 616----
[2022-08-12 07:00:44,095 INFO] (750817744:25) Inducing points shape: (616, 1)
[2022-08-12 07:00:44,096 INFO] (snngp:272) Optimizing...
[2022-08-12 07:00:49,147 INFO] (snngp:280) Optimized for 2 iters; Success: True; Result: [4.53130266 6.77793921], 0.03810031106943701
[2022-08-12 07:00:49,801 INFO] (750817744:31) LML: 97.0791
[2022-08-12 07:00:51,611 INFO] (750817744:33) ELBO: 97.0586
[2022-08-12 07:00:51,641 INFO] (750817744:35) EUBO: 115.4579
[2022-08-12 07:00:51,697 INFO] (750817744:39) RMSE: 3.2768
[2022-08-12 07:00:51,698 INFO] (750817744:20) 
----Number of inducing point: 785----
[2022-08-12 07:01:03,947 INFO] (750817744:25) Inducing points shape: (785, 1)
[2022-08-12 07:01:03,948 INFO] (snngp:272) Optimizing...
[2022-08-12 07:01:11,036 INFO] (snngp:280) Optimized for 4 iters; Success: True; Result: [4.53162447 6.77792   ], 0.03809956335238973
[2022-08-12 07:01:11,647 INFO] (750817744:31) LML: 97.0791
[2022-08-12 07:01:13,516 INFO] (750817744:33) ELBO: 97.0644
[2022-08-12 07:01:13,553 INFO] (750817744:35) EUBO: 110.5728
[2022-08-12 07:01:13,629 INFO] (750817744:39) RMSE: 3.2768
[2022-08-12 07:01:13,629 INFO] (750817744:20) 
----Number of inducing point: 1000----
[2022-08-12 07:01:29,682 INFO] (750817744:25) Inducing points shape: (1000, 1)
[2022-08-12 07:01:29,684 INFO] (snngp:272) Optimizing...
[2022-08-12 07:01:35,515 INFO] (snngp:280) Optimized for 1 iters; Success: True; Result: [4.53163029 6.77791985], 0.03809821627687231
[2022-08-12 07:01:36,186 INFO] (750817744:31) LML: 97.0791
[2022-08-12 07:01:37,538 INFO] (750817744:33) ELBO: 97.0696
[2022-08-12 07:01:37,598 INFO] (750817744:35) EUBO: 105.8511
[2022-08-12 07:01:37,699 INFO] (750817744:39) RMSE: 3.2769