[2022-08-12 06:53:44,562 INFO] (3254153789:14) 
----Number of inducing point: 10----
[2022-08-12 06:53:44,669 INFO] (snngp_inference:59) inducing_points shape: (10, 1)
[2022-08-12 06:53:44,682 INFO] (snngp:272) Optimizing...
[2022-08-12 06:53:48,536 INFO] (snngp:280) Optimized for 24 iters; Success: True; Result: [2.45498769 2.17400076], 0.24900189978073248
[2022-08-12 06:53:49,539 INFO] (3254153789:26) LML: -580.7546
[2022-08-12 06:53:51,930 INFO] (3254153789:28) ELBO: -792.2878
[2022-08-12 06:53:51,972 INFO] (3254153789:30) EUBO: -264.8611
[2022-08-12 06:53:52,187 INFO] (3254153789:34) RMSE: 0.7835
[2022-08-12 06:53:52,188 INFO] (3254153789:14) 
----Number of inducing point: 13----
[2022-08-12 06:53:52,271 INFO] (snngp_inference:59) inducing_points shape: (13, 1)
[2022-08-12 06:53:52,274 INFO] (snngp:272) Optimizing...
[2022-08-12 06:53:55,748 INFO] (snngp:280) Optimized for 13 iters; Success: True; Result: [2.98918946 1.09970968], 0.13762234091715256
[2022-08-12 06:53:56,432 INFO] (3254153789:26) LML: -346.8907
[2022-08-12 06:53:58,701 INFO] (3254153789:28) ELBO: -543.7909
[2022-08-12 06:53:58,739 INFO] (3254153789:30) EUBO: 25.2744
[2022-08-12 06:53:58,850 INFO] (3254153789:34) RMSE: 0.8597
[2022-08-12 06:53:58,851 INFO] (3254153789:14) 
----Number of inducing point: 16----
[2022-08-12 06:53:58,934 INFO] (snngp_inference:59) inducing_points shape: (16, 1)
[2022-08-12 06:53:58,936 INFO] (snngp:272) Optimizing...
[2022-08-12 06:54:02,712 INFO] (snngp:280) Optimized for 8 iters; Success: True; Result: [3.08273415 1.35597612], 0.14819782085958455
[2022-08-12 06:54:03,419 INFO] (3254153789:26) LML: -324.1933
[2022-08-12 06:54:05,711 INFO] (3254153789:28) ELBO: -561.4138
[2022-08-12 06:54:05,746 INFO] (3254153789:30) EUBO: -16.3034
[2022-08-12 06:54:05,845 INFO] (3254153789:34) RMSE: 0.8830
[2022-08-12 06:54:05,845 INFO] (3254153789:14) 
----Number of inducing point: 21----
[2022-08-12 06:54:05,930 INFO] (snngp_inference:59) inducing_points shape: (21, 1)
[2022-08-12 06:54:05,932 INFO] (snngp:272) Optimizing...
[2022-08-12 06:54:09,430 INFO] (snngp:280) Optimized for 10 iters; Success: True; Result: [3.18519361 1.7491713 ], 0.1007464966957307
[2022-08-12 06:54:10,123 INFO] (3254153789:26) LML: -175.7386
[2022-08-12 06:54:12,396 INFO] (3254153789:28) ELBO: -377.3436
[2022-08-12 06:54:12,417 INFO] (3254153789:30) EUBO: 166.2473
[2022-08-12 06:54:12,521 INFO] (3254153789:34) RMSE: 0.7952
[2022-08-12 06:54:12,522 INFO] (3254153789:14) 
----Number of inducing point: 26----
[2022-08-12 06:54:12,610 INFO] (snngp_inference:59) inducing_points shape: (26, 1)
[2022-08-12 06:54:12,612 INFO] (snngp:272) Optimizing...
[2022-08-12 06:54:16,292 INFO] (snngp:280) Optimized for 17 iters; Success: True; Result: [3.69517053 6.13620224], 0.09114928737543732
[2022-08-12 06:54:16,974 INFO] (3254153789:26) LML: -70.7080
[2022-08-12 06:54:19,237 INFO] (3254153789:28) ELBO: -363.0461
[2022-08-12 06:54:19,259 INFO] (3254153789:30) EUBO: 208.6297
[2022-08-12 06:54:19,372 INFO] (3254153789:34) RMSE: 1.5324
[2022-08-12 06:54:19,373 INFO] (3254153789:14) 
----Number of inducing point: 34----
[2022-08-12 06:54:19,459 INFO] (snngp_inference:59) inducing_points shape: (34, 1)
[2022-08-12 06:54:19,461 INFO] (snngp:272) Optimizing...
[2022-08-12 06:54:24,099 INFO] (snngp:280) Optimized for 17 iters; Success: False; Result: [3.59778553 6.8734183 ], 0.07246531006308402
[2022-08-12 06:54:24,100 INFO] (3254153789:20) Retry...
[2022-08-12 06:54:24,106 INFO] (snngp_inference:59) inducing_points shape: (34, 1)
[2022-08-12 06:54:24,108 INFO] (snngp:272) Optimizing...
[2022-08-12 06:54:28,792 INFO] (snngp:280) Optimized for 22 iters; Success: True; Result: [4.34235578 17.094386  ], 0.05553732068654677
[2022-08-12 06:54:29,480 INFO] (3254153789:26) LML: 48.1799
[2022-08-12 06:54:31,615 INFO] (3254153789:28) ELBO: -109.9222
[2022-08-12 06:54:31,650 INFO] (3254153789:30) EUBO: 434.1583
[2022-08-12 06:54:31,763 INFO] (3254153789:34) RMSE: 3.1654
[2022-08-12 06:54:31,764 INFO] (3254153789:14) 
----Number of inducing point: 43----
[2022-08-12 06:54:31,856 INFO] (snngp_inference:59) inducing_points shape: (43, 1)
[2022-08-12 06:54:31,859 INFO] (snngp:272) Optimizing...
[2022-08-12 06:54:36,950 INFO] (snngp:280) Optimized for 20 iters; Success: False; Result: [3.57831734 2.60273997], 0.07255374681807031
[2022-08-12 06:54:36,951 INFO] (3254153789:20) Retry...
[2022-08-12 06:54:36,957 INFO] (snngp_inference:59) inducing_points shape: (43, 1)
[2022-08-12 06:54:36,959 INFO] (snngp:272) Optimizing...
[2022-08-12 06:54:42,031 INFO] (snngp:280) Optimized for 20 iters; Success: False; Result: [4.06032985 9.93950309], 0.04303248313344813
[2022-08-12 06:54:42,032 INFO] (3254153789:20) Retry...
[2022-08-12 06:54:42,038 INFO] (snngp_inference:59) inducing_points shape: (43, 1)
[2022-08-12 06:54:42,040 INFO] (snngp:272) Optimizing...
[2022-08-12 06:54:47,215 INFO] (snngp:280) Optimized for 19 iters; Success: True; Result: [3.63243039 2.48900124], 0.06839852544117524
[2022-08-12 06:54:47,885 INFO] (3254153789:26) LML: -4.7779
[2022-08-12 06:54:50,049 INFO] (3254153789:28) ELBO: -217.9988
[2022-08-12 06:54:50,071 INFO] (3254153789:30) EUBO: 341.5765
[2022-08-12 06:54:50,188 INFO] (3254153789:34) RMSE: 0.9396
[2022-08-12 06:54:50,189 INFO] (3254153789:14) 
----Number of inducing point: 55----
[2022-08-12 06:54:50,283 INFO] (snngp_inference:59) inducing_points shape: (55, 1)
[2022-08-12 06:54:50,286 INFO] (snngp:272) Optimizing...
[2022-08-12 06:54:55,146 INFO] (snngp:280) Optimized for 13 iters; Success: True; Result: [3.82375957 5.08621269], 0.04286406223762569
[2022-08-12 06:54:55,837 INFO] (3254153789:26) LML: 77.6871
[2022-08-12 06:54:57,972 INFO] (3254153789:28) ELBO: 27.5207
[2022-08-12 06:54:57,995 INFO] (3254153789:30) EUBO: 548.7186
[2022-08-12 06:54:58,109 INFO] (3254153789:34) RMSE: 2.7314
[2022-08-12 06:54:58,110 INFO] (3254153789:14) 
----Number of inducing point: 70----
[2022-08-12 06:54:58,204 INFO] (snngp_inference:59) inducing_points shape: (70, 1)
[2022-08-12 06:54:58,206 INFO] (snngp:272) Optimizing...
[2022-08-12 06:55:03,408 INFO] (snngp:280) Optimized for 18 iters; Success: False; Result: [ 4.30457215 13.76406577], 0.04196160447372159
[2022-08-12 06:55:03,409 INFO] (3254153789:20) Retry...
[2022-08-12 06:55:03,414 INFO] (snngp_inference:59) inducing_points shape: (70, 1)
[2022-08-12 06:55:03,415 INFO] (snngp:272) Optimizing...
[2022-08-12 06:55:08,840 INFO] (snngp:280) Optimized for 20 iters; Success: False; Result: [4.14244211 5.78803909], 0.03988785185062496
[2022-08-12 06:55:08,841 INFO] (3254153789:20) Retry...
[2022-08-12 06:55:08,845 INFO] (snngp_inference:59) inducing_points shape: (70, 1)
[2022-08-12 06:55:08,847 INFO] (snngp:272) Optimizing...
[2022-08-12 06:55:13,393 INFO] (snngp:280) Optimized for 13 iters; Success: True; Result: [4.1926802  6.31037549], 0.03980691138046826
[2022-08-12 06:55:14,074 INFO] (3254153789:26) LML: 93.2781
[2022-08-12 06:55:16,473 INFO] (3254153789:28) ELBO: 76.9720
[2022-08-12 06:55:16,500 INFO] (3254153789:30) EUBO: 558.9848
[2022-08-12 06:55:16,627 INFO] (3254153789:34) RMSE: 3.1888
[2022-08-12 06:55:16,628 INFO] (3254153789:14) 
----Number of inducing point: 89----
[2022-08-12 06:55:16,726 INFO] (snngp_inference:59) inducing_points shape: (89, 1)
[2022-08-12 06:55:16,729 INFO] (snngp:272) Optimizing...
[2022-08-12 06:55:21,545 INFO] (snngp:280) Optimized for 19 iters; Success: True; Result: [4.33959292 7.79581167], 0.039310038145997137
[2022-08-12 06:55:22,233 INFO] (3254153789:26) LML: 94.7451
[2022-08-12 06:55:24,472 INFO] (3254153789:28) ELBO: 82.9612
[2022-08-12 06:55:24,498 INFO] (3254153789:30) EUBO: 556.2184
[2022-08-12 06:55:24,618 INFO] (3254153789:34) RMSE: 3.3032
[2022-08-12 06:55:24,619 INFO] (3254153789:14) 
----Number of inducing point: 113----
[2022-08-12 06:55:24,716 INFO] (snngp_inference:59) inducing_points shape: (113, 1)
[2022-08-12 06:55:24,719 INFO] (snngp:272) Optimizing...
[2022-08-12 06:55:29,855 INFO] (snngp:280) Optimized for 19 iters; Success: True; Result: [4.37740718 6.65310602], 0.038773903225778
[2022-08-12 06:55:30,539 INFO] (3254153789:26) LML: 96.3400
[2022-08-12 06:55:32,770 INFO] (3254153789:28) ELBO: 90.1657
[2022-08-12 06:55:32,797 INFO] (3254153789:30) EUBO: 544.4540
[2022-08-12 06:55:32,919 INFO] (3254153789:34) RMSE: 3.2278
[2022-08-12 06:55:32,920 INFO] (3254153789:14) 
----Number of inducing point: 144----
[2022-08-12 06:55:33,024 INFO] (snngp_inference:59) inducing_points shape: (144, 1)
[2022-08-12 06:55:33,026 INFO] (snngp:272) Optimizing...
[2022-08-12 06:55:38,300 INFO] (snngp:280) Optimized for 19 iters; Success: True; Result: [4.44115139 6.79294558], 0.038514902548315605
[2022-08-12 06:55:38,997 INFO] (3254153789:26) LML: 96.8032
[2022-08-12 06:55:41,297 INFO] (3254153789:28) ELBO: 93.2240
[2022-08-12 06:55:41,324 INFO] (3254153789:30) EUBO: 525.9729
[2022-08-12 06:55:41,441 INFO] (3254153789:34) RMSE: 3.3007
[2022-08-12 06:55:41,442 INFO] (3254153789:14) 
----Number of inducing point: 183----
[2022-08-12 06:55:41,545 INFO] (snngp_inference:59) inducing_points shape: (183, 1)
[2022-08-12 06:55:41,547 INFO] (snngp:272) Optimizing...
[2022-08-12 06:55:47,382 INFO] (snngp:280) Optimized for 6 iters; Success: True; Result: [4.48124213 6.79030243], 0.03836080449263851
[2022-08-12 06:55:48,070 INFO] (3254153789:26) LML: 96.9921
[2022-08-12 06:55:50,393 INFO] (3254153789:28) ELBO: 94.8579
[2022-08-12 06:55:50,421 INFO] (3254153789:30) EUBO: 486.2311
[2022-08-12 06:55:50,553 INFO] (3254153789:34) RMSE: 3.3401
[2022-08-12 06:55:50,554 INFO] (3254153789:14) 
----Number of inducing point: 234----
[2022-08-12 06:55:50,667 INFO] (snngp_inference:59) inducing_points shape: (234, 1)
[2022-08-12 06:55:50,669 INFO] (snngp:272) Optimizing...
[2022-08-12 06:55:55,944 INFO] (snngp:280) Optimized for 8 iters; Success: True; Result: [4.50677824 6.78851793], 0.03822716070074005
[2022-08-12 06:55:56,617 INFO] (3254153789:26) LML: 97.0577
[2022-08-12 06:55:58,932 INFO] (3254153789:28) ELBO: 96.0323
[2022-08-12 06:55:58,962 INFO] (3254153789:30) EUBO: 433.5061
[2022-08-12 06:55:59,121 INFO] (3254153789:34) RMSE: 3.2912
[2022-08-12 06:55:59,122 INFO] (3254153789:14) 
----Number of inducing point: 298----
[2022-08-12 06:55:59,234 INFO] (snngp_inference:59) inducing_points shape: (298, 1)
[2022-08-12 06:55:59,236 INFO] (snngp:272) Optimizing...
[2022-08-12 06:56:04,615 INFO] (snngp:280) Optimized for 7 iters; Success: True; Result: [4.51801039 6.78796955], 0.03817555302220435
[2022-08-12 06:56:05,303 INFO] (3254153789:26) LML: 97.0723
[2022-08-12 06:56:07,623 INFO] (3254153789:28) ELBO: 96.4894
[2022-08-12 06:56:07,656 INFO] (3254153789:30) EUBO: 356.3828
[2022-08-12 06:56:07,799 INFO] (3254153789:34) RMSE: 3.2788
[2022-08-12 06:56:07,800 INFO] (3254153789:14) 
----Number of inducing point: 379----
[2022-08-12 06:56:07,901 INFO] (snngp_inference:59) inducing_points shape: (379, 1)
[2022-08-12 06:56:07,903 INFO] (snngp:272) Optimizing...
[2022-08-12 06:56:13,682 INFO] (snngp:280) Optimized for 8 iters; Success: True; Result: [4.52591578 6.78745064], 0.038134351144971726
[2022-08-12 06:56:14,357 INFO] (3254153789:26) LML: 97.0777
[2022-08-12 06:56:16,687 INFO] (3254153789:28) ELBO: 96.8038
[2022-08-12 06:56:16,724 INFO] (3254153789:30) EUBO: 275.3750
[2022-08-12 06:56:16,871 INFO] (3254153789:34) RMSE: 3.2929
[2022-08-12 06:56:16,872 INFO] (3254153789:14) 
----Number of inducing point: 483----
[2022-08-12 06:56:16,975 INFO] (snngp_inference:59) inducing_points shape: (483, 1)
[2022-08-12 06:56:16,976 INFO] (snngp:272) Optimizing...
[2022-08-12 06:56:23,079 INFO] (snngp:280) Optimized for 8 iters; Success: True; Result: [4.53000955 6.78713418], 0.038111782068508
[2022-08-12 06:56:23,771 INFO] (3254153789:26) LML: 97.0789
[2022-08-12 06:56:26,148 INFO] (3254153789:28) ELBO: 96.9767
[2022-08-12 06:56:26,190 INFO] (3254153789:30) EUBO: 192.2173
[2022-08-12 06:56:26,346 INFO] (3254153789:34) RMSE: 3.3078
[2022-08-12 06:56:26,347 INFO] (3254153789:14) 
----Number of inducing point: 616----
[2022-08-12 06:56:26,444 INFO] (snngp_inference:59) inducing_points shape: (616, 1)
[2022-08-12 06:56:26,446 INFO] (snngp:272) Optimizing...
[2022-08-12 06:56:33,190 INFO] (snngp:280) Optimized for 7 iters; Success: True; Result: [4.5314443  6.78699057], 0.038103799386140474
[2022-08-12 06:56:33,857 INFO] (3254153789:26) LML: 97.0790
[2022-08-12 06:56:36,193 INFO] (3254153789:28) ELBO: 97.0348
[2022-08-12 06:56:36,248 INFO] (3254153789:30) EUBO: 141.9987
[2022-08-12 06:56:36,400 INFO] (3254153789:34) RMSE: 3.3073
[2022-08-12 06:56:36,401 INFO] (3254153789:14) 
----Number of inducing point: 785----
[2022-08-12 06:56:36,494 INFO] (snngp_inference:59) inducing_points shape: (785, 1)
[2022-08-12 06:56:36,496 INFO] (snngp:272) Optimizing...
[2022-08-12 06:56:44,178 INFO] (snngp:280) Optimized for 7 iters; Success: True; Result: [4.53193333 6.78693121], 0.03810074395631656
[2022-08-12 06:56:44,834 INFO] (3254153789:26) LML: 97.0791
[2022-08-12 06:56:47,221 INFO] (3254153789:28) ELBO: 97.0563
[2022-08-12 06:56:47,286 INFO] (3254153789:30) EUBO: 117.7834
[2022-08-12 06:56:47,468 INFO] (3254153789:34) RMSE: 3.2771
[2022-08-12 06:56:47,469 INFO] (3254153789:14) 
----Number of inducing point: 1000----
[2022-08-12 06:56:47,567 INFO] (snngp_inference:59) inducing_points shape: (1000, 1)
[2022-08-12 06:56:47,569 INFO] (snngp:272) Optimizing...
[2022-08-12 06:57:09,104 INFO] (snngp:280) Optimized for 7 iters; Success: True; Result: [4.53223451 6.78687903], 0.038098684799341156
[2022-08-12 06:57:09,755 INFO] (3254153789:26) LML: 97.0791
[2022-08-12 06:57:11,399 INFO] (3254153789:28) ELBO: 97.0696
[2022-08-12 06:57:11,479 INFO] (3254153789:30) EUBO: 105.8510
[2022-08-12 06:57:11,646 INFO] (3254153789:34) RMSE: 3.2770