WARNING:absl:No GPU/TPU found, falling back to CPU. (Set TF_CPP_MIN_LOG_LEVEL=0 and rerun for more info.)
[2022-08-23 21:26:19,269 INFO] (util:27) Namespace(augment_X=None, augment_y=None, batch_size=0, device_count=-1, epochs=1, lr=0.1, model='fcn', momentum=0.9, num_inducing_points=750, select_method='greedy')
[2022-08-23 21:26:20,019 INFO] (data_loader:126) MNIST: (60000, 784) train, (10000, 784) test samples.
[2022-08-23 21:26:20,095 INFO] (snngp_vary_inducing_greedy:35) 
----Number of inducing point: 1000----
[2022-08-23 21:36:06,773 INFO] (snngp_inference:59) inducing_points shape: (1000, 784)
[2022-08-23 21:36:19,815 INFO] (snngp_vary_inducing_greedy:52) ELBO: 27048.5210876064
[2022-08-23 21:36:23,246 INFO] (snngp_vary_inducing_greedy:54) EUBO: 60540.664944645876
[2022-08-23 21:36:27,513 INFO] (snngp_vary_inducing_greedy:58) Loss: 0.13319626923498734
[2022-08-23 21:36:27,634 INFO] (snngp_vary_inducing_greedy:60) Accuracy: 95.27%
WARNING:absl:No GPU/TPU found, falling back to CPU. (Set TF_CPP_MIN_LOG_LEVEL=0 and rerun for more info.)
[2022-08-23 21:25:07,350 INFO] (util:27) Namespace(augment_X=None, augment_y=None, batch_size=0, device_count=-1, epochs=1, lr=0.1, model='fcn', momentum=0.9, num_inducing_points=750, select_method='greedy')
[2022-08-23 21:25:08,285 INFO] (data_loader:126) MNIST: (60000, 784) train, (10000, 784) test samples.
[2022-08-23 21:25:08,369 INFO] (snngp_vary_inducing_greedy:35) 
----Number of inducing point: 3000----
[2022-08-23 22:29:48,123 INFO] (snngp_inference:59) inducing_points shape: (3000, 784)
[2022-08-23 22:30:33,156 INFO] (snngp_vary_inducing_greedy:52) ELBO: 34830.079872806535
[2022-08-23 22:30:52,413 INFO] (snngp_vary_inducing_greedy:54) EUBO: 68964.29743626756
[2022-08-23 22:30:59,645 INFO] (snngp_vary_inducing_greedy:58) Loss: 0.11488064063344332
[2022-08-23 22:30:59,729 INFO] (snngp_vary_inducing_greedy:60) Accuracy: 96.70%
WARNING:absl:No GPU/TPU found, falling back to CPU. (Set TF_CPP_MIN_LOG_LEVEL=0 and rerun for more info.)
[2022-08-23 21:21:56,551 INFO] (util:27) Namespace(augment_X=None, augment_y=None, batch_size=0, device_count=-1, epochs=1, lr=0.1, model='fcn', momentum=0.9, num_inducing_points=750, select_method='greedy')
[2022-08-23 21:21:57,253 INFO] (data_loader:126) MNIST: (60000, 784) train, (10000, 784) test samples.
[2022-08-23 21:21:57,318 INFO] (snngp_vary_inducing_greedy:35) 
----Number of inducing point: 5000----
[2022-08-24 00:01:23,316 INFO] (snngp_inference:59) inducing_points shape: (5000, 784)
[2022-08-24 00:02:52,509 INFO] (snngp_vary_inducing_greedy:52) ELBO: 38260.398883340415
[2022-08-24 00:03:39,091 INFO] (snngp_vary_inducing_greedy:54) EUBO: 72616.75007741622
[2022-08-24 00:03:51,146 INFO] (snngp_vary_inducing_greedy:58) Loss: 0.10799712185401843
[2022-08-24 00:03:51,240 INFO] (snngp_vary_inducing_greedy:60) Accuracy: 97.14%
WARNING:absl:No GPU/TPU found, falling back to CPU. (Set TF_CPP_MIN_LOG_LEVEL=0 and rerun for more info.)
[2022-08-23 21:22:58,676 INFO] (util:27) Namespace(augment_X=None, augment_y=None, batch_size=0, device_count=-1, epochs=1, lr=0.1, model='fcn', momentum=0.9, num_inducing_points=750, select_method='greedy')
[2022-08-23 21:22:59,424 INFO] (data_loader:126) MNIST: (60000, 784) train, (10000, 784) test samples.
[2022-08-23 21:22:59,498 INFO] (snngp_vary_inducing_greedy:35) 
----Number of inducing point: 7000----
[2022-08-24 02:18:52,932 INFO] (snngp_inference:59) inducing_points shape: (7000, 784)
[2022-08-24 02:21:04,405 INFO] (snngp_vary_inducing_greedy:52) ELBO: 40421.78032260986
[2022-08-24 02:22:19,557 INFO] (snngp_vary_inducing_greedy:54) EUBO: 74982.76696960282
[2022-08-24 02:22:35,532 INFO] (snngp_vary_inducing_greedy:58) Loss: 0.1038815537071194
[2022-08-24 02:22:35,609 INFO] (snngp_vary_inducing_greedy:60) Accuracy: 97.40%
WARNING:absl:No GPU/TPU found, falling back to CPU. (Set TF_CPP_MIN_LOG_LEVEL=0 and rerun for more info.)
[2022-08-23 21:28:55,370 INFO] (util:27) Namespace(augment_X=None, augment_y=None, batch_size=0, device_count=-1, epochs=1, lr=0.1, model='fcn', momentum=0.9, num_inducing_points=750, select_method='greedy')
[2022-08-23 21:28:56,210 INFO] (data_loader:126) MNIST: (60000, 784) train, (10000, 784) test samples.
[2022-08-23 21:28:56,356 INFO] (snngp_vary_inducing_greedy:70) 
----Number of inducing point: 8000----
[2022-08-24 10:59:24,821 INFO] (snngp_vary_inducing_greedy:83) ELBO: 41329.43237871609
[2022-08-24 11:01:14,566 INFO] (snngp_vary_inducing_greedy:85) EUBO: 74836.9539140646
[2022-08-24 11:01:36,189 INFO] (snngp_vary_inducing_greedy:89) Loss: 0.10261928861628264
[2022-08-24 11:01:36,270 INFO] (snngp_vary_inducing_greedy:91) Accuracy: 97.51%
[2022-08-24 11:01:36,535 INFO] (snngp_vary_inducing_greedy:70) 
----Number of inducing point: 9000----
[2022-08-24 12:57:30,858 INFO] (snngp_vary_inducing_greedy:83) ELBO: 42075.81254932515
[2022-08-24 12:59:47,884 INFO] (snngp_vary_inducing_greedy:85) EUBO: 74702.82863324188
[2022-08-24 13:00:12,107 INFO] (snngp_vary_inducing_greedy:89) Loss: 0.10162900653602795
[2022-08-24 13:00:12,108 INFO] (snngp_vary_inducing_greedy:91) Accuracy: 97.56%
[2022-08-24 13:00:12,387 INFO] (snngp_vary_inducing_greedy:70) 
----Number of inducing point: 10000----
[2022-08-24 21:26:21,706 INFO] (snngp_inference:59) inducing_points shape: (10000, 784)
[2022-08-24 21:29:39,337 INFO] (snngp_vary_inducing_random:72) ELBO: 42724.5577
[2022-08-24 21:31:55,834 INFO] (snngp_vary_inducing_random:74) EUBO: 74578.3247
[2022-08-24 21:32:13,912 INFO] (snngp_vary_inducing_random:78) Loss: 0.1008
[2022-08-24 21:32:13,913 INFO] (snngp_vary_inducing_random:80) Accuracy: 97.60%