WARNING:absl:No GPU/TPU found, falling back to CPU. (Set TF_CPP_MIN_LOG_LEVEL=0 and rerun for more info.)
[2022-07-18 23:12:48,639 INFO] (util:24) Namespace(batch_size=2000, device_count=-1, epochs=1, lr=0.1, model='cnn', momentum=0.9, num_inducing_points=750, select_method='random')
[2022-07-18 23:12:49,409 INFO] (data_loader:82) MNIST: (54000, 28, 28, 1) train, (6000, 28, 28, 1) val, (10000, 28, 28, 1) test samples.
[2022-07-18 23:12:49,659 INFO] (snngp_vary_inducing:26) 
----Number of inducing point: 50----
[2022-07-18 23:12:49,781 INFO] (snngp_inference:49) inducing_points shape: (50, 28, 28, 1)
[2022-07-18 23:13:15,244 INFO] (snngp_vary_inducing:34) ELBO: -519705.10464677116
[2022-07-18 23:13:16,155 INFO] (snngp_vary_inducing:36) EUBO: -496880.43013014976
[2022-07-18 23:13:21,785 INFO] (snngp_vary_inducing:40) Sharpness: 0.0002195544757235238
[2022-07-18 23:13:21,863 INFO] (snngp_vary_inducing:42) Accuracy: 84.49%
[2022-07-18 23:13:21,863 INFO] (snngp_vary_inducing:26) 
----Number of inducing point: 100----
[2022-07-18 23:13:21,964 INFO] (snngp_inference:49) inducing_points shape: (100, 28, 28, 1)
[2022-07-18 23:14:02,550 INFO] (snngp_vary_inducing:34) ELBO: -515831.5270094876
[2022-07-18 23:14:03,482 INFO] (snngp_vary_inducing:36) EUBO: -497207.7663275597
[2022-07-18 23:14:11,848 INFO] (snngp_vary_inducing:40) Sharpness: 0.00013153754842212508
[2022-07-18 23:14:11,849 INFO] (snngp_vary_inducing:42) Accuracy: 89.63%
[2022-07-18 23:14:11,850 INFO] (snngp_vary_inducing:26) 
----Number of inducing point: 150----
[2022-07-18 23:14:11,980 INFO] (snngp_inference:49) inducing_points shape: (150, 28, 28, 1)
[2022-07-18 23:15:07,703 INFO] (snngp_vary_inducing:34) ELBO: -514252.1193968251
[2022-07-18 23:15:08,683 INFO] (snngp_vary_inducing:36) EUBO: -497425.2683881639
[2022-07-18 23:15:19,596 INFO] (snngp_vary_inducing:40) Sharpness: 0.00011344482953038932
[2022-07-18 23:15:19,596 INFO] (snngp_vary_inducing:42) Accuracy: 91.03%
[2022-07-18 23:15:19,597 INFO] (snngp_vary_inducing:26) 
----Number of inducing point: 200----
[2022-07-18 23:15:19,722 INFO] (snngp_inference:49) inducing_points shape: (200, 28, 28, 1)
[2022-07-18 23:16:31,825 INFO] (snngp_vary_inducing:34) ELBO: -513096.69083165895
[2022-07-18 23:16:32,816 INFO] (snngp_vary_inducing:36) EUBO: -497588.66845465335
[2022-07-18 23:16:46,626 INFO] (snngp_vary_inducing:40) Sharpness: 0.00010119344635139758
[2022-07-18 23:16:46,627 INFO] (snngp_vary_inducing:42) Accuracy: 92.18%
[2022-07-18 23:16:46,627 INFO] (snngp_vary_inducing:26) 
----Number of inducing point: 250----
[2022-07-18 23:16:46,752 INFO] (snngp_inference:49) inducing_points shape: (250, 28, 28, 1)
[2022-07-18 23:18:13,490 INFO] (snngp_vary_inducing:34) ELBO: -512459.32655259565
[2022-07-18 23:18:14,615 INFO] (snngp_vary_inducing:36) EUBO: -497728.3386003123
[2022-07-18 23:18:31,163 INFO] (snngp_vary_inducing:40) Sharpness: 8.627736138005396e-05
[2022-07-18 23:18:31,164 INFO] (snngp_vary_inducing:42) Accuracy: 92.86%
[2022-07-18 23:18:31,164 INFO] (snngp_vary_inducing:26) 
----Number of inducing point: 300----
[2022-07-18 23:18:31,277 INFO] (snngp_inference:49) inducing_points shape: (300, 28, 28, 1)
[2022-07-18 23:20:13,159 INFO] (snngp_vary_inducing:34) ELBO: -511967.1829312247
[2022-07-18 23:20:14,312 INFO] (snngp_vary_inducing:36) EUBO: -497838.0180009081
[2022-07-18 23:20:33,612 INFO] (snngp_vary_inducing:40) Sharpness: 8.649632984240523e-05
[2022-07-18 23:20:33,613 INFO] (snngp_vary_inducing:42) Accuracy: 93.27%
[2022-07-18 23:20:33,613 INFO] (snngp_vary_inducing:26) 
----Number of inducing point: 350----
[2022-07-18 23:20:33,728 INFO] (snngp_inference:49) inducing_points shape: (350, 28, 28, 1)
[2022-07-18 23:22:30,867 INFO] (snngp_vary_inducing:34) ELBO: -511490.32724920084
[2022-07-18 23:22:32,014 INFO] (snngp_vary_inducing:36) EUBO: -497942.031245754
[2022-07-18 23:22:54,091 INFO] (snngp_vary_inducing:40) Sharpness: 8.386034040868656e-05
[2022-07-18 23:22:54,091 INFO] (snngp_vary_inducing:42) Accuracy: 93.67%
[2022-07-18 23:22:54,091 INFO] (snngp_vary_inducing:26) 
----Number of inducing point: 400----
[2022-07-18 23:22:54,188 INFO] (snngp_inference:49) inducing_points shape: (400, 28, 28, 1)
[2022-07-18 23:25:05,180 INFO] (snngp_vary_inducing:34) ELBO: -511000.0693335881
[2022-07-18 23:25:06,443 INFO] (snngp_vary_inducing:36) EUBO: -498047.4688088776
[2022-07-18 23:25:31,210 INFO] (snngp_vary_inducing:40) Sharpness: 7.075316454893741e-05
[2022-07-18 23:25:31,211 INFO] (snngp_vary_inducing:42) Accuracy: 94.14%
[2022-07-18 23:25:31,211 INFO] (snngp_vary_inducing:26) 
----Number of inducing point: 450----
[2022-07-18 23:25:31,309 INFO] (snngp_inference:49) inducing_points shape: (450, 28, 28, 1)
[2022-07-18 23:27:58,398 INFO] (snngp_vary_inducing:34) ELBO: -510928.6925214955
[2022-07-18 23:27:59,682 INFO] (snngp_vary_inducing:36) EUBO: -498111.658659198
[2022-07-18 23:28:27,317 INFO] (snngp_vary_inducing:40) Sharpness: 7.222112026371844e-05
[2022-07-18 23:28:27,318 INFO] (snngp_vary_inducing:42) Accuracy: 94.13%
[2022-07-18 23:28:27,318 INFO] (snngp_vary_inducing:26) 
----Number of inducing point: 500----
[2022-07-18 23:28:27,417 INFO] (snngp_inference:49) inducing_points shape: (500, 28, 28, 1)
[2022-07-18 23:31:08,833 INFO] (snngp_vary_inducing:34) ELBO: -510614.72169574234
[2022-07-18 23:31:10,236 INFO] (snngp_vary_inducing:36) EUBO: -498192.73775219615
[2022-07-18 23:31:40,259 INFO] (snngp_vary_inducing:40) Sharpness: 6.680141334339586e-05
[2022-07-18 23:31:40,260 INFO] (snngp_vary_inducing:42) Accuracy: 94.34%
[2022-07-18 23:31:40,260 INFO] (snngp_vary_inducing:26) 
----Number of inducing point: 550----
[2022-07-18 23:31:40,359 INFO] (snngp_inference:49) inducing_points shape: (550, 28, 28, 1)
[2022-07-18 23:34:37,225 INFO] (snngp_vary_inducing:34) ELBO: -510405.84622608544
[2022-07-18 23:34:38,690 INFO] (snngp_vary_inducing:36) EUBO: -498260.96655284945
[2022-07-18 23:35:12,120 INFO] (snngp_vary_inducing:40) Sharpness: 6.571431254519915e-05
[2022-07-18 23:35:12,121 INFO] (snngp_vary_inducing:42) Accuracy: 94.64%
[2022-07-18 23:35:12,121 INFO] (snngp_vary_inducing:26) 
----Number of inducing point: 600----
[2022-07-18 23:35:12,220 INFO] (snngp_inference:49) inducing_points shape: (600, 28, 28, 1)
[2022-07-18 23:38:25,369 INFO] (snngp_vary_inducing:34) ELBO: -510228.0618421533
[2022-07-18 23:38:26,965 INFO] (snngp_vary_inducing:36) EUBO: -498318.81035951956
[2022-07-18 23:39:02,962 INFO] (snngp_vary_inducing:40) Sharpness: 6.385835866722293e-05
[2022-07-18 23:39:02,963 INFO] (snngp_vary_inducing:42) Accuracy: 94.71%
[2022-07-18 23:39:02,963 INFO] (snngp_vary_inducing:26) 
----Number of inducing point: 650----
[2022-07-18 23:39:03,065 INFO] (snngp_inference:49) inducing_points shape: (650, 28, 28, 1)
[2022-07-18 23:42:30,566 INFO] (snngp_vary_inducing:34) ELBO: -510047.78451645176
[2022-07-18 23:42:32,222 INFO] (snngp_vary_inducing:36) EUBO: -498388.98531655764
[2022-07-18 23:43:11,314 INFO] (snngp_vary_inducing:40) Sharpness: 6.178567242741359e-05
[2022-07-18 23:43:11,315 INFO] (snngp_vary_inducing:42) Accuracy: 94.84%
[2022-07-18 23:43:11,315 INFO] (snngp_vary_inducing:26) 
----Number of inducing point: 700----
[2022-07-18 23:43:11,418 INFO] (snngp_inference:49) inducing_points shape: (700, 28, 28, 1)
[2022-07-18 23:46:54,726 INFO] (snngp_vary_inducing:34) ELBO: -509980.831115529
[2022-07-18 23:46:56,590 INFO] (snngp_vary_inducing:36) EUBO: -498429.4788738451
[2022-07-18 23:47:38,318 INFO] (snngp_vary_inducing:40) Sharpness: 6.134779234646747e-05
[2022-07-18 23:47:38,319 INFO] (snngp_vary_inducing:42) Accuracy: 94.72%
[2022-07-18 23:47:38,319 INFO] (snngp_vary_inducing:26) 
----Number of inducing point: 750----
[2022-07-18 23:47:38,425 INFO] (snngp_inference:49) inducing_points shape: (750, 28, 28, 1)
[2022-07-18 23:51:37,834 INFO] (snngp_vary_inducing:34) ELBO: -509839.0913481837
[2022-07-18 23:51:39,835 INFO] (snngp_vary_inducing:36) EUBO: -498490.42281547363
[2022-07-18 23:52:23,964 INFO] (snngp_vary_inducing:40) Sharpness: 5.7812125073142206e-05
[2022-07-18 23:52:23,965 INFO] (snngp_vary_inducing:42) Accuracy: 94.95%
[2022-07-18 23:52:23,965 INFO] (snngp_vary_inducing:26) 
----Number of inducing point: 800----
[2022-07-18 23:52:24,062 INFO] (snngp_inference:49) inducing_points shape: (800, 28, 28, 1)
[2022-07-18 23:56:38,372 INFO] (snngp_vary_inducing:34) ELBO: -509752.9573768901
[2022-07-18 23:56:40,323 INFO] (snngp_vary_inducing:36) EUBO: -498532.32472558063
[2022-07-18 23:57:27,747 INFO] (snngp_vary_inducing:40) Sharpness: 5.703943740920201e-05
[2022-07-18 23:57:27,748 INFO] (snngp_vary_inducing:42) Accuracy: 95.01%
[2022-07-18 23:57:27,748 INFO] (snngp_vary_inducing:26) 
----Number of inducing point: 850----
[2022-07-18 23:57:27,847 INFO] (snngp_inference:49) inducing_points shape: (850, 28, 28, 1)
[2022-07-19 00:02:03,217 INFO] (snngp_vary_inducing:34) ELBO: -509657.8203427153
[2022-07-19 00:02:05,113 INFO] (snngp_vary_inducing:36) EUBO: -498579.6158053439
[2022-07-19 00:02:55,258 INFO] (snngp_vary_inducing:40) Sharpness: 5.459246440195546e-05
[2022-07-19 00:02:55,259 INFO] (snngp_vary_inducing:42) Accuracy: 95.04%
[2022-07-19 00:02:55,259 INFO] (snngp_vary_inducing:26) 
----Number of inducing point: 900----
[2022-07-19 00:02:55,367 INFO] (snngp_inference:49) inducing_points shape: (900, 28, 28, 1)
[2022-07-19 00:07:42,372 INFO] (snngp_vary_inducing:34) ELBO: -509559.2734325718
[2022-07-19 00:07:44,979 INFO] (snngp_vary_inducing:36) EUBO: -498634.2621532354
[2022-07-19 00:08:38,197 INFO] (snngp_vary_inducing:40) Sharpness: 5.3871987292039375e-05
[2022-07-19 00:08:38,197 INFO] (snngp_vary_inducing:42) Accuracy: 94.97%
[2022-07-19 00:08:38,197 INFO] (snngp_vary_inducing:26) 
----Number of inducing point: 950----
[2022-07-19 00:08:38,297 INFO] (snngp_inference:49) inducing_points shape: (950, 28, 28, 1)
[2022-07-19 00:13:38,931 INFO] (snngp_vary_inducing:34) ELBO: -509451.8048932589
[2022-07-19 00:13:41,179 INFO] (snngp_vary_inducing:36) EUBO: -498674.34009288915
[2022-07-19 00:14:36,706 INFO] (snngp_vary_inducing:40) Sharpness: 5.2373029842589955e-05
[2022-07-19 00:14:36,707 INFO] (snngp_vary_inducing:42) Accuracy: 95.28%
[2022-07-19 00:14:36,707 INFO] (snngp_vary_inducing:26) 
----Number of inducing point: 1000----
[2022-07-19 00:14:36,807 INFO] (snngp_inference:49) inducing_points shape: (1000, 28, 28, 1)
[2022-07-19 00:19:54,442 INFO] (snngp_vary_inducing:34) ELBO: -509391.8638645202
[2022-07-19 00:19:57,415 INFO] (snngp_vary_inducing:36) EUBO: -498704.8677278657
[2022-07-19 00:20:55,535 INFO] (snngp_vary_inducing:40) Sharpness: 5.388251876631812e-05
[2022-07-19 00:20:55,535 INFO] (snngp_vary_inducing:42) Accuracy: 95.32%
[2022-07-19 00:20:55,535 INFO] (snngp_vary_inducing:26) 
----Number of inducing point: 1050----
[2022-07-19 00:20:55,641 INFO] (snngp_inference:49) inducing_points shape: (1050, 28, 28, 1)
[2022-07-19 00:26:26,611 INFO] (snngp_vary_inducing:34) ELBO: -509373.423963301
[2022-07-19 00:26:29,623 INFO] (snngp_vary_inducing:36) EUBO: -498745.0460243404
[2022-07-19 00:27:30,457 INFO] (snngp_vary_inducing:40) Sharpness: 5.184429400169198e-05
[2022-07-19 00:27:30,458 INFO] (snngp_vary_inducing:42) Accuracy: 95.26%
[2022-07-19 00:27:30,458 INFO] (snngp_vary_inducing:26) 
----Number of inducing point: 1100----
[2022-07-19 00:27:30,571 INFO] (snngp_inference:49) inducing_points shape: (1100, 28, 28, 1)
[2022-07-19 00:33:20,843 INFO] (snngp_vary_inducing:34) ELBO: -509316.6835151994
[2022-07-19 00:33:23,397 INFO] (snngp_vary_inducing:36) EUBO: -498776.87874166796
[2022-07-19 00:34:26,958 INFO] (snngp_vary_inducing:40) Sharpness: 5.1384898987727855e-05
[2022-07-19 00:34:26,959 INFO] (snngp_vary_inducing:42) Accuracy: 95.25%
[2022-07-19 00:34:26,959 INFO] (snngp_vary_inducing:26) 
----Number of inducing point: 1150----
[2022-07-19 00:34:27,065 INFO] (snngp_inference:49) inducing_points shape: (1150, 28, 28, 1)
[2022-07-19 00:40:29,114 INFO] (snngp_vary_inducing:34) ELBO: -509264.4534308866
[2022-07-19 00:40:32,038 INFO] (snngp_vary_inducing:36) EUBO: -498810.1170078816
[2022-07-19 00:41:38,621 INFO] (snngp_vary_inducing:40) Sharpness: 5.035646119588611e-05
[2022-07-19 00:41:38,622 INFO] (snngp_vary_inducing:42) Accuracy: 95.39%
[2022-07-19 00:41:38,622 INFO] (snngp_vary_inducing:26) 
----Number of inducing point: 1200----
[2022-07-19 00:41:38,720 INFO] (snngp_inference:49) inducing_points shape: (1200, 28, 28, 1)
[2022-07-19 00:47:58,204 INFO] (snngp_vary_inducing:34) ELBO: -509185.3856827803
[2022-07-19 00:48:01,368 INFO] (snngp_vary_inducing:36) EUBO: -498846.67612866947
[2022-07-19 00:49:10,565 INFO] (snngp_vary_inducing:40) Sharpness: 4.935243272385051e-05
[2022-07-19 00:49:10,565 INFO] (snngp_vary_inducing:42) Accuracy: 95.45%
[2022-07-19 00:49:10,565 INFO] (snngp_vary_inducing:26) 
----Number of inducing point: 1250----
[2022-07-19 00:49:10,676 INFO] (snngp_inference:49) inducing_points shape: (1250, 28, 28, 1)
[2022-07-19 00:55:44,712 INFO] (snngp_vary_inducing:34) ELBO: -509128.7782772562
[2022-07-19 00:55:47,834 INFO] (snngp_vary_inducing:36) EUBO: -498879.80174278945
[2022-07-19 00:56:59,877 INFO] (snngp_vary_inducing:40) Sharpness: 4.8760694893558006e-05
[2022-07-19 00:56:59,878 INFO] (snngp_vary_inducing:42) Accuracy: 95.58%
[2022-07-19 00:56:59,878 INFO] (snngp_vary_inducing:26) 
----Number of inducing point: 1300----
[2022-07-19 00:56:59,985 INFO] (snngp_inference:49) inducing_points shape: (1300, 28, 28, 1)
[2022-07-19 01:03:51,497 INFO] (snngp_vary_inducing:34) ELBO: -509066.9423148708
[2022-07-19 01:03:54,844 INFO] (snngp_vary_inducing:36) EUBO: -498917.4197569315
[2022-07-19 01:05:09,764 INFO] (snngp_vary_inducing:40) Sharpness: 4.740923131915547e-05
[2022-07-19 01:05:09,765 INFO] (snngp_vary_inducing:42) Accuracy: 95.54%
[2022-07-19 01:05:09,765 INFO] (snngp_vary_inducing:26) 
----Number of inducing point: 1350----
[2022-07-19 01:05:09,871 INFO] (snngp_inference:49) inducing_points shape: (1350, 28, 28, 1)
[2022-07-19 01:12:17,561 INFO] (snngp_vary_inducing:34) ELBO: -509085.27326916606
[2022-07-19 01:12:21,188 INFO] (snngp_vary_inducing:36) EUBO: -498930.92431066505
[2022-07-19 01:13:39,292 INFO] (snngp_vary_inducing:40) Sharpness: 4.9026727059818676e-05
[2022-07-19 01:13:39,293 INFO] (snngp_vary_inducing:42) Accuracy: 95.35%
[2022-07-19 01:13:39,293 INFO] (snngp_vary_inducing:26) 
----Number of inducing point: 1400----
[2022-07-19 01:13:39,395 INFO] (snngp_inference:49) inducing_points shape: (1400, 28, 28, 1)
[2022-07-19 01:21:03,514 INFO] (snngp_vary_inducing:34) ELBO: -509024.4958544676
[2022-07-19 01:21:07,180 INFO] (snngp_vary_inducing:36) EUBO: -498963.87761315587
[2022-07-19 01:22:27,520 INFO] (snngp_vary_inducing:40) Sharpness: 4.726858501966357e-05
[2022-07-19 01:22:27,521 INFO] (snngp_vary_inducing:42) Accuracy: 95.52%
[2022-07-19 01:22:27,521 INFO] (snngp_vary_inducing:26) 
----Number of inducing point: 1450----
[2022-07-19 01:22:27,624 INFO] (snngp_inference:49) inducing_points shape: (1450, 28, 28, 1)
[2022-07-19 01:30:06,551 INFO] (snngp_vary_inducing:34) ELBO: -508978.6290136127
[2022-07-19 01:30:10,821 INFO] (snngp_vary_inducing:36) EUBO: -498996.71304865944
[2022-07-19 01:31:34,409 INFO] (snngp_vary_inducing:40) Sharpness: 4.6883020601537096e-05
[2022-07-19 01:31:34,410 INFO] (snngp_vary_inducing:42) Accuracy: 95.59%
[2022-07-19 01:31:34,410 INFO] (snngp_vary_inducing:26) 
----Number of inducing point: 1500----
[2022-07-19 01:31:34,514 INFO] (snngp_inference:49) inducing_points shape: (1500, 28, 28, 1)
[2022-07-19 01:39:35,879 INFO] (snngp_vary_inducing:34) ELBO: -508938.1357483036
[2022-07-19 01:39:40,138 INFO] (snngp_vary_inducing:36) EUBO: -499021.8552508178
[2022-07-19 01:41:06,325 INFO] (snngp_vary_inducing:40) Sharpness: 4.611000683675986e-05
[2022-07-19 01:41:06,326 INFO] (snngp_vary_inducing:42) Accuracy: 95.66%
[2022-07-19 01:41:06,326 INFO] (snngp_vary_inducing:26) 
----Number of inducing point: 1550----
[2022-07-19 01:41:06,432 INFO] (snngp_inference:49) inducing_points shape: (1550, 28, 28, 1)
[2022-07-19 01:49:15,190 INFO] (snngp_vary_inducing:34) ELBO: -508901.26633930154
[2022-07-19 01:49:19,731 INFO] (snngp_vary_inducing:36) EUBO: -499047.51992706035
[2022-07-19 01:50:48,584 INFO] (snngp_vary_inducing:40) Sharpness: 4.54115879017218e-05
[2022-07-19 01:50:48,585 INFO] (snngp_vary_inducing:42) Accuracy: 95.61%
[2022-07-19 01:50:48,585 INFO] (snngp_vary_inducing:26) 
----Number of inducing point: 1600----
[2022-07-19 01:50:48,682 INFO] (snngp_inference:49) inducing_points shape: (1600, 28, 28, 1)
[2022-07-19 01:59:14,765 INFO] (snngp_vary_inducing:34) ELBO: -508882.24885780393
[2022-07-19 01:59:19,131 INFO] (snngp_vary_inducing:36) EUBO: -499071.4073850457
[2022-07-19 02:00:51,041 INFO] (snngp_vary_inducing:40) Sharpness: 4.4997350874818346e-05
[2022-07-19 02:00:51,042 INFO] (snngp_vary_inducing:42) Accuracy: 95.67%
[2022-07-19 02:00:51,042 INFO] (snngp_vary_inducing:26) 
----Number of inducing point: 1650----
[2022-07-19 02:00:51,141 INFO] (snngp_inference:49) inducing_points shape: (1650, 28, 28, 1)
[2022-07-19 02:09:33,706 INFO] (snngp_vary_inducing:34) ELBO: -508858.07134256343
[2022-07-19 02:09:38,399 INFO] (snngp_vary_inducing:36) EUBO: -499093.7279051081
[2022-07-19 02:11:13,076 INFO] (snngp_vary_inducing:40) Sharpness: 4.5554311032504424e-05
[2022-07-19 02:11:13,077 INFO] (snngp_vary_inducing:42) Accuracy: 95.72%
[2022-07-19 02:11:13,077 INFO] (snngp_vary_inducing:26) 
----Number of inducing point: 1700----
[2022-07-19 02:11:13,175 INFO] (snngp_inference:49) inducing_points shape: (1700, 28, 28, 1)
[2022-07-19 02:20:10,636 INFO] (snngp_vary_inducing:34) ELBO: -508812.0171353153
[2022-07-19 02:20:15,510 INFO] (snngp_vary_inducing:36) EUBO: -499120.0277105553
[2022-07-19 02:21:52,942 INFO] (snngp_vary_inducing:40) Sharpness: 4.4642362680522656e-05
[2022-07-19 02:21:52,943 INFO] (snngp_vary_inducing:42) Accuracy: 95.66%
[2022-07-19 02:21:52,943 INFO] (snngp_vary_inducing:26) 
----Number of inducing point: 1750----
[2022-07-19 02:21:53,053 INFO] (snngp_inference:49) inducing_points shape: (1750, 28, 28, 1)
[2022-07-19 02:31:08,565 INFO] (snngp_vary_inducing:34) ELBO: -508781.8576379039
[2022-07-19 02:31:14,089 INFO] (snngp_vary_inducing:36) EUBO: -499137.49785345804
[2022-07-19 02:32:54,556 INFO] (snngp_vary_inducing:40) Sharpness: 4.506326660242713e-05
[2022-07-19 02:32:54,557 INFO] (snngp_vary_inducing:42) Accuracy: 95.80%
[2022-07-19 02:32:54,557 INFO] (snngp_vary_inducing:26) 
----Number of inducing point: 1800----
[2022-07-19 02:32:54,661 INFO] (snngp_inference:49) inducing_points shape: (1800, 28, 28, 1)
[2022-07-19 02:42:24,382 INFO] (snngp_vary_inducing:34) ELBO: -508772.7672094356
[2022-07-19 02:42:29,726 INFO] (snngp_vary_inducing:36) EUBO: -499165.8772573388
[2022-07-19 02:44:12,968 INFO] (snngp_vary_inducing:40) Sharpness: 4.3946841440326184e-05
[2022-07-19 02:44:12,968 INFO] (snngp_vary_inducing:42) Accuracy: 95.72%
[2022-07-19 02:44:12,968 INFO] (snngp_vary_inducing:26) 
----Number of inducing point: 1850----
[2022-07-19 02:44:13,071 INFO] (snngp_inference:49) inducing_points shape: (1850, 28, 28, 1)
[2022-07-19 02:54:00,411 INFO] (snngp_vary_inducing:34) ELBO: -508757.8444868063
[2022-07-19 02:54:05,910 INFO] (snngp_vary_inducing:36) EUBO: -499181.3083224262
[2022-07-19 02:55:52,440 INFO] (snngp_vary_inducing:40) Sharpness: 4.412674903181182e-05
[2022-07-19 02:55:52,441 INFO] (snngp_vary_inducing:42) Accuracy: 95.73%
[2022-07-19 02:55:52,441 INFO] (snngp_vary_inducing:26) 
----Number of inducing point: 1900----
[2022-07-19 02:55:52,545 INFO] (snngp_inference:49) inducing_points shape: (1900, 28, 28, 1)
[2022-07-19 03:05:54,579 INFO] (snngp_vary_inducing:34) ELBO: -508716.9181044868
[2022-07-19 03:06:00,229 INFO] (snngp_vary_inducing:36) EUBO: -499207.85772917874
[2022-07-19 03:07:49,099 INFO] (snngp_vary_inducing:40) Sharpness: 4.305513524524565e-05
[2022-07-19 03:07:49,100 INFO] (snngp_vary_inducing:42) Accuracy: 95.81%
[2022-07-19 03:07:49,100 INFO] (snngp_vary_inducing:26) 
----Number of inducing point: 1950----
[2022-07-19 03:07:49,205 INFO] (snngp_inference:49) inducing_points shape: (1950, 28, 28, 1)
[2022-07-19 03:18:10,708 INFO] (snngp_vary_inducing:34) ELBO: -508708.6017699178
[2022-07-19 03:18:16,759 INFO] (snngp_vary_inducing:36) EUBO: -499223.3220932919
[2022-07-19 03:20:07,983 INFO] (snngp_vary_inducing:40) Sharpness: 4.386069295397656e-05
[2022-07-19 03:20:07,983 INFO] (snngp_vary_inducing:42) Accuracy: 95.71%
[2022-07-19 03:20:07,983 INFO] (snngp_vary_inducing:26) 
----Number of inducing point: 2000----
[2022-07-19 03:20:08,091 INFO] (snngp_inference:49) inducing_points shape: (2000, 28, 28, 1)
[2022-07-19 03:30:41,938 INFO] (snngp_vary_inducing:34) ELBO: -508677.00394595467
[2022-07-19 03:30:48,263 INFO] (snngp_vary_inducing:36) EUBO: -499249.50366391416
[2022-07-19 03:32:43,190 INFO] (snngp_vary_inducing:40) Sharpness: 4.257944055286146e-05
[2022-07-19 03:32:43,191 INFO] (snngp_vary_inducing:42) Accuracy: 95.80%
[2022-07-19 03:32:43,191 INFO] (snngp_vary_inducing:26) 
----Number of inducing point: 2050----
[2022-07-19 03:32:43,299 INFO] (snngp_inference:49) inducing_points shape: (2050, 28, 28, 1)
[2022-07-19 03:43:41,768 INFO] (snngp_vary_inducing:34) ELBO: -508669.4062918323
[2022-07-19 03:43:48,331 INFO] (snngp_vary_inducing:36) EUBO: -499266.1037268673
[2022-07-19 03:45:45,622 INFO] (snngp_vary_inducing:40) Sharpness: 4.2497050458670286e-05
[2022-07-19 03:45:45,622 INFO] (snngp_vary_inducing:42) Accuracy: 95.86%
[2022-07-19 03:45:45,622 INFO] (snngp_vary_inducing:26) 
----Number of inducing point: 2100----
[2022-07-19 03:45:45,725 INFO] (snngp_inference:49) inducing_points shape: (2100, 28, 28, 1)
[2022-07-19 03:57:05,412 INFO] (snngp_vary_inducing:34) ELBO: -508636.8694187386
[2022-07-19 03:57:12,199 INFO] (snngp_vary_inducing:36) EUBO: -499287.3770193038
[2022-07-19 03:59:12,154 INFO] (snngp_vary_inducing:40) Sharpness: 4.2025843531920405e-05
[2022-07-19 03:59:12,155 INFO] (snngp_vary_inducing:42) Accuracy: 95.76%
[2022-07-19 03:59:12,155 INFO] (snngp_vary_inducing:26) 
----Number of inducing point: 2150----
[2022-07-19 03:59:12,258 INFO] (snngp_inference:49) inducing_points shape: (2150, 28, 28, 1)
[2022-07-19 04:10:42,686 INFO] (snngp_vary_inducing:34) ELBO: -508623.9131660748
[2022-07-19 04:10:49,568 INFO] (snngp_vary_inducing:36) EUBO: -499298.84637247893
[2022-07-19 04:12:53,033 INFO] (snngp_vary_inducing:40) Sharpness: 4.225832166675163e-05
[2022-07-19 04:12:53,033 INFO] (snngp_vary_inducing:42) Accuracy: 95.85%
[2022-07-19 04:12:53,033 INFO] (snngp_vary_inducing:26) 
----Number of inducing point: 2200----
[2022-07-19 04:12:53,136 INFO] (snngp_inference:49) inducing_points shape: (2200, 28, 28, 1)
[2022-07-19 04:24:43,607 INFO] (snngp_vary_inducing:34) ELBO: -508609.4623281028
[2022-07-19 04:24:50,764 INFO] (snngp_vary_inducing:36) EUBO: -499318.58880083956
[2022-07-19 04:26:56,743 INFO] (snngp_vary_inducing:40) Sharpness: 4.167302773022751e-05
[2022-07-19 04:26:56,743 INFO] (snngp_vary_inducing:42) Accuracy: 95.80%
[2022-07-19 04:26:56,744 INFO] (snngp_vary_inducing:26) 
----Number of inducing point: 2250----
[2022-07-19 04:26:56,856 INFO] (snngp_inference:49) inducing_points shape: (2250, 28, 28, 1)
[2022-07-19 04:39:02,332 INFO] (snngp_vary_inducing:34) ELBO: -508594.00673498306
[2022-07-19 04:39:09,871 INFO] (snngp_vary_inducing:36) EUBO: -499338.4442134235
[2022-07-19 04:41:19,453 INFO] (snngp_vary_inducing:40) Sharpness: 4.135808744647778e-05
[2022-07-19 04:41:19,453 INFO] (snngp_vary_inducing:42) Accuracy: 95.84%
[2022-07-19 04:41:19,453 INFO] (snngp_vary_inducing:26) 
----Number of inducing point: 2300----
[2022-07-19 04:41:19,559 INFO] (snngp_inference:49) inducing_points shape: (2300, 28, 28, 1)
[2022-07-19 04:53:42,700 INFO] (snngp_vary_inducing:34) ELBO: -508562.55430052127
[2022-07-19 04:53:50,340 INFO] (snngp_vary_inducing:36) EUBO: -499357.6631947789
[2022-07-19 04:56:02,049 INFO] (snngp_vary_inducing:40) Sharpness: 4.1126744997557466e-05
[2022-07-19 04:56:02,050 INFO] (snngp_vary_inducing:42) Accuracy: 95.85%
[2022-07-19 04:56:02,050 INFO] (snngp_vary_inducing:26) 
----Number of inducing point: 2350----
[2022-07-19 04:56:02,157 INFO] (snngp_inference:49) inducing_points shape: (2350, 28, 28, 1)
[2022-07-19 05:08:43,182 INFO] (snngp_vary_inducing:34) ELBO: -508565.1130519639
[2022-07-19 05:08:51,168 INFO] (snngp_vary_inducing:36) EUBO: -499364.6996966379
[2022-07-19 05:11:06,116 INFO] (snngp_vary_inducing:40) Sharpness: 4.19039669663068e-05
[2022-07-19 05:11:06,117 INFO] (snngp_vary_inducing:42) Accuracy: 95.83%
[2022-07-19 05:11:06,117 INFO] (snngp_vary_inducing:26) 
----Number of inducing point: 2400----
[2022-07-19 05:11:06,220 INFO] (snngp_inference:49) inducing_points shape: (2400, 28, 28, 1)
[2022-07-19 05:24:01,666 INFO] (snngp_vary_inducing:34) ELBO: -508547.75298118626
[2022-07-19 05:24:10,455 INFO] (snngp_vary_inducing:36) EUBO: -499389.3784914911
[2022-07-19 05:26:27,566 INFO] (snngp_vary_inducing:40) Sharpness: 4.117486397535908e-05
[2022-07-19 05:26:27,567 INFO] (snngp_vary_inducing:42) Accuracy: 95.82%
[2022-07-19 05:26:27,567 INFO] (snngp_vary_inducing:26) 
----Number of inducing point: 2450----
[2022-07-19 05:26:27,670 INFO] (snngp_inference:49) inducing_points shape: (2450, 28, 28, 1)
[2022-07-19 05:39:38,545 INFO] (snngp_vary_inducing:34) ELBO: -508524.51056032843
[2022-07-19 05:39:47,514 INFO] (snngp_vary_inducing:36) EUBO: -499402.5769197055
[2022-07-19 05:42:08,307 INFO] (snngp_vary_inducing:40) Sharpness: 4.09517887150364e-05
[2022-07-19 05:42:08,308 INFO] (snngp_vary_inducing:42) Accuracy: 95.89%
[2022-07-19 05:42:08,308 INFO] (snngp_vary_inducing:26) 
----Number of inducing point: 2500----
[2022-07-19 05:42:08,409 INFO] (snngp_inference:49) inducing_points shape: (2500, 28, 28, 1)
[2022-07-19 05:55:38,946 INFO] (snngp_vary_inducing:34) ELBO: -508523.86698543624
[2022-07-19 05:55:47,791 INFO] (snngp_vary_inducing:36) EUBO: -499413.77246585954
[2022-07-19 05:58:10,932 INFO] (snngp_vary_inducing:40) Sharpness: 4.140859013852202e-05
[2022-07-19 05:58:10,932 INFO] (snngp_vary_inducing:42) Accuracy: 95.98%
[2022-07-19 05:58:10,932 INFO] (snngp_vary_inducing:26) 
----Number of inducing point: 2550----
[2022-07-19 05:58:11,035 INFO] (snngp_inference:49) inducing_points shape: (2550, 28, 28, 1)
[2022-07-19 06:11:58,775 INFO] (snngp_vary_inducing:34) ELBO: -508494.76165350707
[2022-07-19 06:12:08,146 INFO] (snngp_vary_inducing:36) EUBO: -499438.24030682683
[2022-07-19 06:14:34,310 INFO] (snngp_vary_inducing:40) Sharpness: 4.0088379225339316e-05
[2022-07-19 06:14:34,310 INFO] (snngp_vary_inducing:42) Accuracy: 95.84%
[2022-07-19 06:14:34,310 INFO] (snngp_vary_inducing:26) 
----Number of inducing point: 2600----
[2022-07-19 06:14:34,417 INFO] (snngp_inference:49) inducing_points shape: (2600, 28, 28, 1)
[2022-07-19 06:28:38,224 INFO] (snngp_vary_inducing:34) ELBO: -508491.3312418035
[2022-07-19 06:28:47,786 INFO] (snngp_vary_inducing:36) EUBO: -499445.8842512747
[2022-07-19 06:31:16,270 INFO] (snngp_vary_inducing:40) Sharpness: 4.0357027539457544e-05
[2022-07-19 06:31:16,271 INFO] (snngp_vary_inducing:42) Accuracy: 95.94%
[2022-07-19 06:31:16,271 INFO] (snngp_vary_inducing:26) 
----Number of inducing point: 2650----
[2022-07-19 06:31:16,378 INFO] (snngp_inference:49) inducing_points shape: (2650, 28, 28, 1)
[2022-07-19 06:45:35,814 INFO] (snngp_vary_inducing:34) ELBO: -508473.5016094176
[2022-07-19 06:45:45,689 INFO] (snngp_vary_inducing:36) EUBO: -499463.5124639824
[2022-07-19 06:48:17,826 INFO] (snngp_vary_inducing:40) Sharpness: 4.0246487610396464e-05
[2022-07-19 06:48:17,826 INFO] (snngp_vary_inducing:42) Accuracy: 95.95%
[2022-07-19 06:48:17,826 INFO] (snngp_vary_inducing:26) 
----Number of inducing point: 2700----
[2022-07-19 06:48:17,934 INFO] (snngp_inference:49) inducing_points shape: (2700, 28, 28, 1)
[2022-07-19 07:02:54,777 INFO] (snngp_vary_inducing:34) ELBO: -508460.5996879897
[2022-07-19 07:03:05,042 INFO] (snngp_vary_inducing:36) EUBO: -499479.7698838999
[2022-07-19 07:05:39,713 INFO] (snngp_vary_inducing:40) Sharpness: 3.967154000318596e-05
[2022-07-19 07:05:39,714 INFO] (snngp_vary_inducing:42) Accuracy: 95.86%
[2022-07-19 07:05:39,714 INFO] (snngp_vary_inducing:26) 
----Number of inducing point: 2750----
[2022-07-19 07:05:39,821 INFO] (snngp_inference:49) inducing_points shape: (2750, 28, 28, 1)
[2022-07-19 07:20:36,611 INFO] (snngp_vary_inducing:34) ELBO: -508452.0200877796
[2022-07-19 07:20:47,076 INFO] (snngp_vary_inducing:36) EUBO: -499491.7333104187
[2022-07-19 07:23:26,467 INFO] (snngp_vary_inducing:40) Sharpness: 3.972300720658544e-05
[2022-07-19 07:23:26,468 INFO] (snngp_vary_inducing:42) Accuracy: 95.97%
[2022-07-19 07:23:26,468 INFO] (snngp_vary_inducing:26) 
----Number of inducing point: 2800----
[2022-07-19 07:23:26,568 INFO] (snngp_inference:49) inducing_points shape: (2800, 28, 28, 1)
[2022-07-19 07:38:36,573 INFO] (snngp_vary_inducing:34) ELBO: -508458.7897367058
[2022-07-19 07:38:47,499 INFO] (snngp_vary_inducing:36) EUBO: -499499.7339989757
[2022-07-19 07:41:29,837 INFO] (snngp_vary_inducing:40) Sharpness: 4.0162824103638784e-05
[2022-07-19 07:41:29,838 INFO] (snngp_vary_inducing:42) Accuracy: 95.87%
[2022-07-19 07:41:29,838 INFO] (snngp_vary_inducing:26) 
----Number of inducing point: 2850----
[2022-07-19 07:41:29,942 INFO] (snngp_inference:49) inducing_points shape: (2850, 28, 28, 1)
[2022-07-19 07:56:55,237 INFO] (snngp_vary_inducing:34) ELBO: -508432.1049591874
[2022-07-19 07:57:06,620 INFO] (snngp_vary_inducing:36) EUBO: -499524.79191178153
[2022-07-19 07:59:50,552 INFO] (snngp_vary_inducing:40) Sharpness: 3.926283592802865e-05
[2022-07-19 07:59:50,553 INFO] (snngp_vary_inducing:42) Accuracy: 95.87%
[2022-07-19 07:59:50,553 INFO] (snngp_vary_inducing:26) 
----Number of inducing point: 2900----
[2022-07-19 07:59:50,657 INFO] (snngp_inference:49) inducing_points shape: (2900, 28, 28, 1)
[2022-07-19 08:15:39,368 INFO] (snngp_vary_inducing:34) ELBO: -508420.88193976216
[2022-07-19 08:15:51,810 INFO] (snngp_vary_inducing:36) EUBO: -499535.70398180897
[2022-07-19 08:18:39,393 INFO] (snngp_vary_inducing:40) Sharpness: 3.9274733184384235e-05
[2022-07-19 08:18:39,394 INFO] (snngp_vary_inducing:42) Accuracy: 96.00%
[2022-07-19 08:18:39,394 INFO] (snngp_vary_inducing:26) 
----Number of inducing point: 2950----
[2022-07-19 08:18:39,498 INFO] (snngp_inference:49) inducing_points shape: (2950, 28, 28, 1)
[2022-07-19 08:34:45,252 INFO] (snngp_vary_inducing:34) ELBO: -508418.48984281154
[2022-07-19 08:34:57,373 INFO] (snngp_vary_inducing:36) EUBO: -499547.1509086732
[2022-07-19 08:37:46,256 INFO] (snngp_vary_inducing:40) Sharpness: 3.91774561599973e-05
[2022-07-19 08:37:46,256 INFO] (snngp_vary_inducing:42) Accuracy: 95.95%
[2022-07-19 08:37:46,257 INFO] (snngp_vary_inducing:26) 
----Number of inducing point: 3000----
[2022-07-19 08:37:46,359 INFO] (snngp_inference:49) inducing_points shape: (3000, 28, 28, 1)
[2022-07-19 08:54:05,407 INFO] (snngp_vary_inducing:34) ELBO: -508410.51668534626
[2022-07-19 08:54:17,736 INFO] (snngp_vary_inducing:36) EUBO: -499554.08144452603
[2022-07-19 08:57:10,765 INFO] (snngp_vary_inducing:40) Sharpness: 3.9525182153302125e-05
[2022-07-19 08:57:10,766 INFO] (snngp_vary_inducing:42) Accuracy: 95.92%
[2022-07-19 08:57:10,766 INFO] (snngp_vary_inducing:26) 
----Number of inducing point: 3050----
[2022-07-19 08:57:10,871 INFO] (snngp_inference:49) inducing_points shape: (3050, 28, 28, 1)
[2022-07-19 09:13:48,197 INFO] (snngp_vary_inducing:34) ELBO: -508389.7951030109
[2022-07-19 09:14:01,096 INFO] (snngp_vary_inducing:36) EUBO: -499575.9592049441
[2022-07-19 09:16:55,841 INFO] (snngp_vary_inducing:40) Sharpness: 3.8743210501543915e-05
[2022-07-19 09:16:55,841 INFO] (snngp_vary_inducing:42) Accuracy: 95.94%
[2022-07-19 09:16:55,841 INFO] (snngp_vary_inducing:26) 
----Number of inducing point: 3100----
[2022-07-19 09:16:55,946 INFO] (snngp_inference:49) inducing_points shape: (3100, 28, 28, 1)
