WARNING:absl:No GPU/TPU found, falling back to CPU. (Set TF_CPP_MIN_LOG_LEVEL=0 and rerun for more info.)
[2022-08-05 15:50:21,000 INFO] (util:27) Namespace(augment_X='/vol/bitbucket/yn621/data/infimnist/mnist60k-augs-patterns-idx3-ubyte', augment_y='/vol/bitbucket/yn621/data/infimnist/mnist60k-augs-labels-idx1-ubyte', batch_size=2000, device_count=-1, epochs=1, lr=0.1, model='cnn', momentum=0.9, num_inducing_points=750, select_method='random')
[2022-08-05 15:50:21,770 INFO] (data_loader:90) MNIST: (60000, 28, 28, 1) train, (10000, 28, 28, 1) test samples.
[2022-08-05 15:50:21,879 INFO] (data_loader:148) MNIST: (60000, 28, 28, 1) augmented train
[2022-08-05 15:50:22,441 INFO] (snngp_vary_inducing:26) 
----Number of inducing point: 50----
[2022-08-05 15:50:22,574 INFO] (snngp_inference:59) inducing_points shape: (50, 28, 28, 1)
[2022-08-05 15:51:15,741 INFO] (snngp_vary_inducing:34) ELBO: -1877866.700137851
[2022-08-05 15:51:17,807 INFO] (snngp_vary_inducing:36) EUBO: 1658510.3501850103
[2022-08-05 15:51:23,467 INFO] (snngp_vary_inducing:40) Loss: 0.20898781783323148
[2022-08-05 15:51:23,550 INFO] (snngp_vary_inducing:42) Accuracy: 84.30%
[2022-08-05 15:51:23,550 INFO] (snngp_vary_inducing:26) 
----Number of inducing point: 100----
[2022-08-05 15:51:23,658 INFO] (snngp_inference:59) inducing_points shape: (100, 28, 28, 1)
[2022-08-05 15:53:00,214 INFO] (snngp_vary_inducing:34) ELBO: -1321873.936618256
[2022-08-05 15:53:02,342 INFO] (snngp_vary_inducing:36) EUBO: 1657144.735242737
[2022-08-05 15:53:11,295 INFO] (snngp_vary_inducing:40) Loss: 0.19347739787722124
[2022-08-05 15:53:11,296 INFO] (snngp_vary_inducing:42) Accuracy: 88.22%
[2022-08-05 15:53:11,297 INFO] (snngp_vary_inducing:26) 
----Number of inducing point: 150----
[2022-08-05 15:53:11,425 INFO] (snngp_inference:59) inducing_points shape: (150, 28, 28, 1)
[2022-08-05 15:55:34,581 INFO] (snngp_vary_inducing:34) ELBO: -968422.0612091305
[2022-08-05 15:55:36,714 INFO] (snngp_vary_inducing:36) EUBO: 1656008.5001549874
[2022-08-05 15:55:49,267 INFO] (snngp_vary_inducing:40) Loss: 0.182383372297849
[2022-08-05 15:55:49,268 INFO] (snngp_vary_inducing:42) Accuracy: 90.45%
[2022-08-05 15:55:49,268 INFO] (snngp_vary_inducing:26) 
----Number of inducing point: 200----
[2022-08-05 15:55:49,399 INFO] (snngp_inference:59) inducing_points shape: (200, 28, 28, 1)
[2022-08-05 15:58:53,969 INFO] (snngp_vary_inducing:34) ELBO: -690183.5626930122
[2022-08-05 15:58:56,210 INFO] (snngp_vary_inducing:36) EUBO: 1654988.7825965814
[2022-08-05 15:59:12,124 INFO] (snngp_vary_inducing:40) Loss: 0.17250854937085985
[2022-08-05 15:59:12,125 INFO] (snngp_vary_inducing:42) Accuracy: 92.07%
[2022-08-05 15:59:12,125 INFO] (snngp_vary_inducing:26) 
----Number of inducing point: 250----
[2022-08-05 15:59:12,278 INFO] (snngp_inference:59) inducing_points shape: (250, 28, 28, 1)
[2022-08-05 16:02:57,222 INFO] (snngp_vary_inducing:34) ELBO: -463896.00577572687
[2022-08-05 16:02:59,993 INFO] (snngp_vary_inducing:36) EUBO: 1654055.312361629
[2022-08-05 16:03:19,931 INFO] (snngp_vary_inducing:40) Loss: 0.16337795323816368
[2022-08-05 16:03:19,932 INFO] (snngp_vary_inducing:42) Accuracy: 93.22%
[2022-08-05 16:03:19,933 INFO] (snngp_vary_inducing:26) 
----Number of inducing point: 300----
[2022-08-05 16:03:20,066 INFO] (snngp_inference:59) inducing_points shape: (300, 28, 28, 1)
[2022-08-05 16:07:47,001 INFO] (snngp_vary_inducing:34) ELBO: -323761.60823499877
[2022-08-05 16:07:49,605 INFO] (snngp_vary_inducing:36) EUBO: 1653203.15281708
[2022-08-05 16:08:12,798 INFO] (snngp_vary_inducing:40) Loss: 0.15802596147200754
[2022-08-05 16:08:12,799 INFO] (snngp_vary_inducing:42) Accuracy: 94.15%
[2022-08-05 16:08:12,800 INFO] (snngp_vary_inducing:26) 
----Number of inducing point: 350----
[2022-08-05 16:08:12,941 INFO] (snngp_inference:59) inducing_points shape: (350, 28, 28, 1)
[2022-08-05 16:13:17,383 INFO] (snngp_vary_inducing:34) ELBO: -172776.94308134937
[2022-08-05 16:13:20,273 INFO] (snngp_vary_inducing:36) EUBO: 1652417.310395946
[2022-08-05 16:13:45,377 INFO] (snngp_vary_inducing:40) Loss: 0.15115065191097374
[2022-08-05 16:13:45,378 INFO] (snngp_vary_inducing:42) Accuracy: 94.60%
[2022-08-05 16:13:45,378 INFO] (snngp_vary_inducing:26) 
----Number of inducing point: 400----
[2022-08-05 16:13:45,495 INFO] (snngp_inference:59) inducing_points shape: (400, 28, 28, 1)
[2022-08-05 16:19:35,447 INFO] (snngp_vary_inducing:34) ELBO: -96367.50924794469
[2022-08-05 16:19:38,533 INFO] (snngp_vary_inducing:36) EUBO: 1651670.8348315333
[2022-08-05 16:20:08,554 INFO] (snngp_vary_inducing:40) Loss: 0.1481092312682552
[2022-08-05 16:20:08,555 INFO] (snngp_vary_inducing:42) Accuracy: 95.11%
[2022-08-05 16:20:08,555 INFO] (snngp_vary_inducing:26) 
----Number of inducing point: 450----
[2022-08-05 16:20:08,658 INFO] (snngp_inference:59) inducing_points shape: (450, 28, 28, 1)
[2022-08-05 16:26:39,598 INFO] (snngp_vary_inducing:34) ELBO: 2839.889812565176
[2022-08-05 16:26:42,713 INFO] (snngp_vary_inducing:36) EUBO: 1650976.3553252982
[2022-08-05 16:27:17,076 INFO] (snngp_vary_inducing:40) Loss: 0.14307187895389964
[2022-08-05 16:27:17,077 INFO] (snngp_vary_inducing:42) Accuracy: 95.51%
[2022-08-05 16:27:17,077 INFO] (snngp_vary_inducing:26) 
----Number of inducing point: 500----
[2022-08-05 16:27:17,192 INFO] (snngp_inference:59) inducing_points shape: (500, 28, 28, 1)
[2022-08-05 16:34:15,844 INFO] (snngp_vary_inducing:34) ELBO: 56762.38089638692
[2022-08-05 16:34:18,629 INFO] (snngp_vary_inducing:36) EUBO: 1650327.1094729726
[2022-08-05 16:34:51,801 INFO] (snngp_vary_inducing:40) Loss: 0.1411199960960628
[2022-08-05 16:34:51,801 INFO] (snngp_vary_inducing:42) Accuracy: 95.89%
[2022-08-05 16:34:51,801 INFO] (snngp_vary_inducing:26) 
----Number of inducing point: 550----
[2022-08-05 16:34:51,907 INFO] (snngp_inference:59) inducing_points shape: (550, 28, 28, 1)
[2022-08-05 16:41:53,528 INFO] (snngp_vary_inducing:34) ELBO: 117446.99097937229
[2022-08-05 16:41:56,812 INFO] (snngp_vary_inducing:36) EUBO: 1649721.9820279602
[2022-08-05 16:42:32,259 INFO] (snngp_vary_inducing:40) Loss: 0.13811510870375843
[2022-08-05 16:42:32,260 INFO] (snngp_vary_inducing:42) Accuracy: 95.95%
[2022-08-05 16:42:32,260 INFO] (snngp_vary_inducing:26) 
----Number of inducing point: 600----
[2022-08-05 16:42:32,400 INFO] (snngp_inference:59) inducing_points shape: (600, 28, 28, 1)
[2022-08-05 16:50:14,804 INFO] (snngp_vary_inducing:34) ELBO: 165666.41827816959
[2022-08-05 16:50:18,023 INFO] (snngp_vary_inducing:36) EUBO: 1649150.8605353911
[2022-08-05 16:50:56,971 INFO] (snngp_vary_inducing:40) Loss: 0.13593325137455234
[2022-08-05 16:50:56,972 INFO] (snngp_vary_inducing:42) Accuracy: 96.36%
[2022-08-05 16:50:56,972 INFO] (snngp_vary_inducing:26) 
----Number of inducing point: 650----
[2022-08-05 16:50:57,077 INFO] (snngp_inference:59) inducing_points shape: (650, 28, 28, 1)
[2022-08-05 16:59:13,743 INFO] (snngp_vary_inducing:34) ELBO: 202103.58008103888
[2022-08-05 16:59:17,196 INFO] (snngp_vary_inducing:36) EUBO: 1648588.8478979396
[2022-08-05 16:59:58,878 INFO] (snngp_vary_inducing:40) Loss: 0.13358930014565873
[2022-08-05 16:59:58,879 INFO] (snngp_vary_inducing:42) Accuracy: 96.54%
[2022-08-05 16:59:58,879 INFO] (snngp_vary_inducing:26) 
----Number of inducing point: 700----
[2022-08-05 16:59:58,990 INFO] (snngp_inference:59) inducing_points shape: (700, 28, 28, 1)
[2022-08-05 17:08:52,033 INFO] (snngp_vary_inducing:34) ELBO: 232237.4729729921
[2022-08-05 17:08:55,864 INFO] (snngp_vary_inducing:36) EUBO: 1648098.527091013
[2022-08-05 17:09:41,522 INFO] (snngp_vary_inducing:40) Loss: 0.1325344113428828
[2022-08-05 17:09:41,523 INFO] (snngp_vary_inducing:42) Accuracy: 96.49%
[2022-08-05 17:09:41,523 INFO] (snngp_vary_inducing:26) 
----Number of inducing point: 750----
[2022-08-05 17:09:41,647 INFO] (snngp_inference:59) inducing_points shape: (750, 28, 28, 1)
[2022-08-05 17:19:10,408 INFO] (snngp_vary_inducing:34) ELBO: 270043.34880351275
[2022-08-05 17:19:14,697 INFO] (snngp_vary_inducing:36) EUBO: 1647580.8429940867
[2022-08-05 17:20:03,542 INFO] (snngp_vary_inducing:40) Loss: 0.13040293645351828
[2022-08-05 17:20:03,542 INFO] (snngp_vary_inducing:42) Accuracy: 96.68%
[2022-08-05 17:20:03,542 INFO] (snngp_vary_inducing:26) 
----Number of inducing point: 800----
[2022-08-05 17:20:03,655 INFO] (snngp_inference:59) inducing_points shape: (800, 28, 28, 1)
[2022-08-05 17:30:06,462 INFO] (snngp_vary_inducing:34) ELBO: 305543.66122894106
[2022-08-05 17:30:11,278 INFO] (snngp_vary_inducing:36) EUBO: 1647145.8792071799
[2022-08-05 17:31:02,458 INFO] (snngp_vary_inducing:40) Loss: 0.1286815398707967
[2022-08-05 17:31:02,459 INFO] (snngp_vary_inducing:42) Accuracy: 96.96%
[2022-08-05 17:31:02,459 INFO] (snngp_vary_inducing:26) 
----Number of inducing point: 850----
[2022-08-05 17:31:02,601 INFO] (snngp_inference:59) inducing_points shape: (850, 28, 28, 1)
[2022-08-05 17:41:44,342 INFO] (snngp_vary_inducing:34) ELBO: 323630.64809667435
[2022-08-05 17:41:48,886 INFO] (snngp_vary_inducing:36) EUBO: 1646676.04793187
[2022-08-05 17:42:42,467 INFO] (snngp_vary_inducing:40) Loss: 0.12734876730161618
[2022-08-05 17:42:42,468 INFO] (snngp_vary_inducing:42) Accuracy: 96.99%
[2022-08-05 17:42:42,468 INFO] (snngp_vary_inducing:26) 
----Number of inducing point: 900----
[2022-08-05 17:42:42,576 INFO] (snngp_inference:59) inducing_points shape: (900, 28, 28, 1)
[2022-08-05 17:54:03,418 INFO] (snngp_vary_inducing:34) ELBO: 349303.3484072748
[2022-08-05 17:54:08,050 INFO] (snngp_vary_inducing:36) EUBO: 1646258.365123844
[2022-08-05 17:55:05,999 INFO] (snngp_vary_inducing:40) Loss: 0.12631484345969513
[2022-08-05 17:55:06,000 INFO] (snngp_vary_inducing:42) Accuracy: 97.14%
[2022-08-05 17:55:06,000 INFO] (snngp_vary_inducing:26) 
----Number of inducing point: 950----
[2022-08-05 17:55:06,106 INFO] (snngp_inference:59) inducing_points shape: (950, 28, 28, 1)
[2022-08-05 18:07:03,914 INFO] (snngp_vary_inducing:34) ELBO: 362801.9012520502
[2022-08-05 18:07:08,917 INFO] (snngp_vary_inducing:36) EUBO: 1645893.3873794046
[2022-08-05 18:08:08,977 INFO] (snngp_vary_inducing:40) Loss: 0.12561934309942727
[2022-08-05 18:08:08,978 INFO] (snngp_vary_inducing:42) Accuracy: 97.24%
[2022-08-05 18:08:08,978 INFO] (snngp_vary_inducing:26) 
----Number of inducing point: 1000----
[2022-08-05 18:08:09,091 INFO] (snngp_inference:59) inducing_points shape: (1000, 28, 28, 1)
[2022-08-05 18:20:41,561 INFO] (snngp_vary_inducing:34) ELBO: 386899.52908820007
[2022-08-05 18:20:47,017 INFO] (snngp_vary_inducing:36) EUBO: 1645460.459584962
[2022-08-05 18:21:49,781 INFO] (snngp_vary_inducing:40) Loss: 0.12432277292227742
[2022-08-05 18:21:49,782 INFO] (snngp_vary_inducing:42) Accuracy: 97.02%
[2022-08-05 18:21:49,782 INFO] (snngp_vary_inducing:26) 
----Number of inducing point: 1050----
[2022-08-05 18:21:49,888 INFO] (snngp_inference:59) inducing_points shape: (1050, 28, 28, 1)
[2022-08-05 18:35:01,489 INFO] (snngp_vary_inducing:34) ELBO: 396611.1416072827
[2022-08-05 18:35:07,115 INFO] (snngp_vary_inducing:36) EUBO: 1645105.7358395087
[2022-08-05 18:36:13,775 INFO] (snngp_vary_inducing:40) Loss: 0.1238013965110867
[2022-08-05 18:36:13,775 INFO] (snngp_vary_inducing:42) Accuracy: 97.18%
[2022-08-05 18:36:13,775 INFO] (snngp_vary_inducing:26) 
----Number of inducing point: 1100----
[2022-08-05 18:36:13,896 INFO] (snngp_inference:59) inducing_points shape: (1100, 28, 28, 1)
[2022-08-05 18:50:00,814 INFO] (snngp_vary_inducing:34) ELBO: 416171.8875028468
[2022-08-05 18:50:06,834 INFO] (snngp_vary_inducing:36) EUBO: 1644784.6276924727
[2022-08-05 18:51:15,558 INFO] (snngp_vary_inducing:40) Loss: 0.12289912855687299
[2022-08-05 18:51:15,559 INFO] (snngp_vary_inducing:42) Accuracy: 97.21%
[2022-08-05 18:51:15,559 INFO] (snngp_vary_inducing:26) 
----Number of inducing point: 1150----
[2022-08-05 18:51:15,667 INFO] (snngp_inference:59) inducing_points shape: (1150, 28, 28, 1)
[2022-08-05 19:05:48,365 INFO] (snngp_vary_inducing:34) ELBO: 428204.97246000264
[2022-08-05 19:05:55,138 INFO] (snngp_vary_inducing:36) EUBO: 1644420.2335539318
[2022-08-05 19:07:06,736 INFO] (snngp_vary_inducing:40) Loss: 0.12198663062947103
[2022-08-05 19:07:06,736 INFO] (snngp_vary_inducing:42) Accuracy: 97.36%
[2022-08-05 19:07:06,736 INFO] (snngp_vary_inducing:26) 
----Number of inducing point: 1200----
[2022-08-05 19:07:06,852 INFO] (snngp_inference:59) inducing_points shape: (1200, 28, 28, 1)
[2022-08-05 19:22:11,068 INFO] (snngp_vary_inducing:34) ELBO: 442295.88413263694
[2022-08-05 19:22:18,083 INFO] (snngp_vary_inducing:36) EUBO: 1644093.9794547306
[2022-08-05 19:23:33,376 INFO] (snngp_vary_inducing:40) Loss: 0.12146271079270524
[2022-08-05 19:23:33,377 INFO] (snngp_vary_inducing:42) Accuracy: 97.31%
[2022-08-05 19:23:33,377 INFO] (snngp_vary_inducing:26) 
----Number of inducing point: 1250----
[2022-08-05 19:23:33,480 INFO] (snngp_inference:59) inducing_points shape: (1250, 28, 28, 1)
[2022-08-05 19:39:12,203 INFO] (snngp_vary_inducing:34) ELBO: 455434.16894909716
[2022-08-05 19:39:19,523 INFO] (snngp_vary_inducing:36) EUBO: 1643735.4418899652
[2022-08-05 19:40:37,538 INFO] (snngp_vary_inducing:40) Loss: 0.12070197857723255
[2022-08-05 19:40:37,539 INFO] (snngp_vary_inducing:42) Accuracy: 97.33%
[2022-08-05 19:40:37,539 INFO] (snngp_vary_inducing:26) 
----Number of inducing point: 1300----
[2022-08-05 19:40:37,656 INFO] (snngp_inference:59) inducing_points shape: (1300, 28, 28, 1)
[2022-08-05 19:56:55,828 INFO] (snngp_vary_inducing:34) ELBO: 462898.42561473954
[2022-08-05 19:57:03,637 INFO] (snngp_vary_inducing:36) EUBO: 1643453.6294343588
[2022-08-05 19:58:24,460 INFO] (snngp_vary_inducing:40) Loss: 0.12044736390829221
[2022-08-05 19:58:24,460 INFO] (snngp_vary_inducing:42) Accuracy: 97.30%
[2022-08-05 19:58:24,460 INFO] (snngp_vary_inducing:26) 
----Number of inducing point: 1350----
[2022-08-05 19:58:24,567 INFO] (snngp_inference:59) inducing_points shape: (1350, 28, 28, 1)
[2022-08-05 20:15:15,621 INFO] (snngp_vary_inducing:34) ELBO: 477642.9240759234
[2022-08-05 20:15:23,761 INFO] (snngp_vary_inducing:36) EUBO: 1643151.8874232173
[2022-08-05 20:16:48,402 INFO] (snngp_vary_inducing:40) Loss: 0.11950193109512819
[2022-08-05 20:16:48,403 INFO] (snngp_vary_inducing:42) Accuracy: 97.50%
[2022-08-05 20:16:48,403 INFO] (snngp_vary_inducing:26) 
----Number of inducing point: 1400----
[2022-08-05 20:16:48,508 INFO] (snngp_inference:59) inducing_points shape: (1400, 28, 28, 1)
[2022-08-05 20:34:22,940 INFO] (snngp_vary_inducing:34) ELBO: 484503.37751526874
[2022-08-05 20:34:31,398 INFO] (snngp_vary_inducing:36) EUBO: 1642874.6608766336
[2022-08-05 20:35:58,502 INFO] (snngp_vary_inducing:40) Loss: 0.11916342267153766
[2022-08-05 20:35:58,503 INFO] (snngp_vary_inducing:42) Accuracy: 97.49%
[2022-08-05 20:35:58,503 INFO] (snngp_vary_inducing:26) 
----Number of inducing point: 1450----
[2022-08-05 20:35:58,610 INFO] (snngp_inference:59) inducing_points shape: (1450, 28, 28, 1)
[2022-08-05 20:54:03,681 INFO] (snngp_vary_inducing:34) ELBO: 496741.4590161585
[2022-08-05 20:54:12,913 INFO] (snngp_vary_inducing:36) EUBO: 1642594.5836676678
[2022-08-05 20:55:41,737 INFO] (snngp_vary_inducing:40) Loss: 0.11840850817228514
[2022-08-05 20:55:41,737 INFO] (snngp_vary_inducing:42) Accuracy: 97.45%
[2022-08-05 20:55:41,738 INFO] (snngp_vary_inducing:26) 
----Number of inducing point: 1500----
[2022-08-05 20:55:41,845 INFO] (snngp_inference:59) inducing_points shape: (1500, 28, 28, 1)
[2022-08-05 21:14:22,247 INFO] (snngp_vary_inducing:34) ELBO: 503054.5365520979
[2022-08-05 21:14:31,495 INFO] (snngp_vary_inducing:36) EUBO: 1642337.0759909998
[2022-08-05 21:16:03,912 INFO] (snngp_vary_inducing:40) Loss: 0.11778003277678942
[2022-08-05 21:16:03,913 INFO] (snngp_vary_inducing:42) Accuracy: 97.51%
[2022-08-05 21:16:03,913 INFO] (snngp_vary_inducing:26) 
----Number of inducing point: 1550----
[2022-08-05 21:16:04,026 INFO] (snngp_inference:59) inducing_points shape: (1550, 28, 28, 1)
[2022-08-05 21:35:27,404 INFO] (snngp_vary_inducing:34) ELBO: 514145.10049355053
[2022-08-05 21:35:37,103 INFO] (snngp_vary_inducing:36) EUBO: 1642056.3359839371
[2022-08-05 21:37:12,309 INFO] (snngp_vary_inducing:40) Loss: 0.11720570081545391
[2022-08-05 21:37:12,310 INFO] (snngp_vary_inducing:42) Accuracy: 97.65%
[2022-08-05 21:37:12,310 INFO] (snngp_vary_inducing:26) 
----Number of inducing point: 1600----
[2022-08-05 21:37:12,410 INFO] (snngp_inference:59) inducing_points shape: (1600, 28, 28, 1)
[2022-08-05 21:57:07,487 INFO] (snngp_vary_inducing:34) ELBO: 524399.6920276936
[2022-08-05 21:57:17,596 INFO] (snngp_vary_inducing:36) EUBO: 1641814.1901230016
[2022-08-05 21:58:55,314 INFO] (snngp_vary_inducing:40) Loss: 0.11682986750274832
[2022-08-05 21:58:55,315 INFO] (snngp_vary_inducing:42) Accuracy: 97.64%
[2022-08-05 21:58:55,315 INFO] (snngp_vary_inducing:26) 
----Number of inducing point: 1650----
[2022-08-05 21:58:55,416 INFO] (snngp_inference:59) inducing_points shape: (1650, 28, 28, 1)
[2022-08-05 22:19:27,944 INFO] (snngp_vary_inducing:34) ELBO: 528674.3013147416
[2022-08-05 22:19:38,826 INFO] (snngp_vary_inducing:36) EUBO: 1641570.2042753515
[2022-08-05 22:21:19,782 INFO] (snngp_vary_inducing:40) Loss: 0.11640868528761097
[2022-08-05 22:21:19,782 INFO] (snngp_vary_inducing:42) Accuracy: 97.57%
[2022-08-05 22:21:19,782 INFO] (snngp_vary_inducing:26) 
----Number of inducing point: 1700----
[2022-08-05 22:21:19,885 INFO] (snngp_inference:59) inducing_points shape: (1700, 28, 28, 1)
[2022-08-05 22:42:27,889 INFO] (snngp_vary_inducing:34) ELBO: 536352.0587178811
[2022-08-05 22:42:38,919 INFO] (snngp_vary_inducing:36) EUBO: 1641345.0851018687
[2022-08-05 22:44:24,017 INFO] (snngp_vary_inducing:40) Loss: 0.11584755476276111
[2022-08-05 22:44:24,017 INFO] (snngp_vary_inducing:42) Accuracy: 97.62%
[2022-08-05 22:44:24,017 INFO] (snngp_vary_inducing:26) 
----Number of inducing point: 1750----
[2022-08-05 22:44:24,135 INFO] (snngp_inference:59) inducing_points shape: (1750, 28, 28, 1)
[2022-08-05 23:06:17,570 INFO] (snngp_vary_inducing:34) ELBO: 546230.466396006
[2022-08-05 23:06:29,477 INFO] (snngp_vary_inducing:36) EUBO: 1641072.8562436209
[2022-08-05 23:08:17,819 INFO] (snngp_vary_inducing:40) Loss: 0.1155589683340049
[2022-08-05 23:08:17,819 INFO] (snngp_vary_inducing:42) Accuracy: 97.61%
[2022-08-05 23:08:17,819 INFO] (snngp_vary_inducing:26) 
----Number of inducing point: 1800----
[2022-08-05 23:08:17,950 INFO] (snngp_inference:59) inducing_points shape: (1800, 28, 28, 1)
[2022-08-05 23:30:39,998 INFO] (snngp_vary_inducing:34) ELBO: 546228.0554902218
[2022-08-05 23:30:52,092 INFO] (snngp_vary_inducing:36) EUBO: 1640867.7566119495
[2022-08-05 23:32:42,762 INFO] (snngp_vary_inducing:40) Loss: 0.11540670161587757
[2022-08-05 23:32:42,762 INFO] (snngp_vary_inducing:42) Accuracy: 97.65%
[2022-08-05 23:32:42,762 INFO] (snngp_vary_inducing:26) 
----Number of inducing point: 1850----
[2022-08-05 23:32:42,870 INFO] (snngp_inference:59) inducing_points shape: (1850, 28, 28, 1)
[2022-08-05 23:55:50,318 INFO] (snngp_vary_inducing:34) ELBO: 549429.8215767446
[2022-08-05 23:56:02,905 INFO] (snngp_vary_inducing:36) EUBO: 1640667.5813422557
[2022-08-05 23:57:56,741 INFO] (snngp_vary_inducing:40) Loss: 0.1154243538731432
[2022-08-05 23:57:56,741 INFO] (snngp_vary_inducing:42) Accuracy: 97.64%
[2022-08-05 23:57:56,742 INFO] (snngp_vary_inducing:26) 
----Number of inducing point: 1900----
[2022-08-05 23:57:56,858 INFO] (snngp_inference:59) inducing_points shape: (1900, 28, 28, 1)
[2022-08-06 00:21:37,786 INFO] (snngp_vary_inducing:34) ELBO: 561580.2430672359
[2022-08-06 00:21:50,991 INFO] (snngp_vary_inducing:36) EUBO: 1640421.0884176868
[2022-08-06 00:23:48,244 INFO] (snngp_vary_inducing:40) Loss: 0.1144723229157979
[2022-08-06 00:23:48,244 INFO] (snngp_vary_inducing:42) Accuracy: 97.72%
[2022-08-06 00:23:48,245 INFO] (snngp_vary_inducing:26) 
----Number of inducing point: 1950----
[2022-08-06 00:23:48,396 INFO] (snngp_inference:59) inducing_points shape: (1950, 28, 28, 1)
[2022-08-06 00:48:06,219 INFO] (snngp_vary_inducing:34) ELBO: 565559.4647535121
[2022-08-06 00:48:20,051 INFO] (snngp_vary_inducing:36) EUBO: 1640209.3057125146
[2022-08-06 00:50:19,991 INFO] (snngp_vary_inducing:40) Loss: 0.11429822036435083
[2022-08-06 00:50:19,992 INFO] (snngp_vary_inducing:42) Accuracy: 97.72%
[2022-08-06 00:50:19,992 INFO] (snngp_vary_inducing:26) 
----Number of inducing point: 2000----
[2022-08-06 00:50:20,104 INFO] (snngp_inference:59) inducing_points shape: (2000, 28, 28, 1)
[2022-08-06 01:15:24,448 INFO] (snngp_vary_inducing:34) ELBO: 569821.2760544736
[2022-08-06 01:15:38,580 INFO] (snngp_vary_inducing:36) EUBO: 1640020.8574073997
[2022-08-06 01:17:40,855 INFO] (snngp_vary_inducing:40) Loss: 0.1140857147552026
[2022-08-06 01:17:40,856 INFO] (snngp_vary_inducing:42) Accuracy: 97.63%
[2022-08-06 01:17:40,856 INFO] (snngp_vary_inducing:26) 
----Number of inducing point: 2050----
[2022-08-06 01:17:40,958 INFO] (snngp_inference:59) inducing_points shape: (2050, 28, 28, 1)
[2022-08-06 01:43:21,478 INFO] (snngp_vary_inducing:34) ELBO: 575674.2470349483
[2022-08-06 01:43:36,490 INFO] (snngp_vary_inducing:36) EUBO: 1639807.86224453
[2022-08-06 01:45:43,412 INFO] (snngp_vary_inducing:40) Loss: 0.11383915654557146
[2022-08-06 01:45:43,413 INFO] (snngp_vary_inducing:42) Accuracy: 97.73%
[2022-08-06 01:45:43,413 INFO] (snngp_vary_inducing:26) 
----Number of inducing point: 2100----
[2022-08-06 01:45:43,548 INFO] (snngp_inference:59) inducing_points shape: (2100, 28, 28, 1)
[2022-08-06 02:12:05,089 INFO] (snngp_vary_inducing:34) ELBO: 581785.5430682239
[2022-08-06 02:12:20,921 INFO] (snngp_vary_inducing:36) EUBO: 1639621.6893647565
[2022-08-06 02:14:28,591 INFO] (snngp_vary_inducing:40) Loss: 0.11327118083582369
[2022-08-06 02:14:28,591 INFO] (snngp_vary_inducing:42) Accuracy: 97.73%
[2022-08-06 02:14:28,591 INFO] (snngp_vary_inducing:26) 
----Number of inducing point: 2150----
[2022-08-06 02:14:28,696 INFO] (snngp_inference:59) inducing_points shape: (2150, 28, 28, 1)
[2022-08-06 02:41:38,487 INFO] (snngp_vary_inducing:34) ELBO: 582945.9430530122
[2022-08-06 02:41:54,367 INFO] (snngp_vary_inducing:36) EUBO: 1639431.1485076132
[2022-08-06 02:44:06,700 INFO] (snngp_vary_inducing:40) Loss: 0.11320434242162833
[2022-08-06 02:44:06,701 INFO] (snngp_vary_inducing:42) Accuracy: 97.75%
[2022-08-06 02:44:06,701 INFO] (snngp_vary_inducing:26) 
----Number of inducing point: 2200----
[2022-08-06 02:44:06,840 INFO] (snngp_inference:59) inducing_points shape: (2200, 28, 28, 1)
[2022-08-06 03:11:48,696 INFO] (snngp_vary_inducing:34) ELBO: 588297.7350173346
[2022-08-06 03:12:05,415 INFO] (snngp_vary_inducing:36) EUBO: 1639210.8816608838
[2022-08-06 03:14:21,786 INFO] (snngp_vary_inducing:40) Loss: 0.11286858570570857
[2022-08-06 03:14:21,787 INFO] (snngp_vary_inducing:42) Accuracy: 97.80%
[2022-08-06 03:14:21,787 INFO] (snngp_vary_inducing:26) 
----Number of inducing point: 2250----
[2022-08-06 03:14:21,893 INFO] (snngp_inference:59) inducing_points shape: (2250, 28, 28, 1)
[2022-08-06 03:42:48,260 INFO] (snngp_vary_inducing:34) ELBO: 593526.8605393979
[2022-08-06 03:43:05,405 INFO] (snngp_vary_inducing:36) EUBO: 1639045.2518923245
[2022-08-06 03:45:24,388 INFO] (snngp_vary_inducing:40) Loss: 0.11263361207473564
[2022-08-06 03:45:24,389 INFO] (snngp_vary_inducing:42) Accuracy: 97.83%
[2022-08-06 03:45:24,389 INFO] (snngp_vary_inducing:26) 
----Number of inducing point: 2300----
[2022-08-06 03:45:24,497 INFO] (snngp_inference:59) inducing_points shape: (2300, 28, 28, 1)
[2022-08-06 04:14:28,814 INFO] (snngp_vary_inducing:34) ELBO: 597856.6977880907
[2022-08-06 04:14:46,400 INFO] (snngp_vary_inducing:36) EUBO: 1638863.5031749757
[2022-08-06 04:17:08,998 INFO] (snngp_vary_inducing:40) Loss: 0.1122132550760775
[2022-08-06 04:17:08,999 INFO] (snngp_vary_inducing:42) Accuracy: 97.73%
[2022-08-06 04:17:08,999 INFO] (snngp_vary_inducing:26) 
----Number of inducing point: 2350----
[2022-08-06 04:17:09,110 INFO] (snngp_inference:59) inducing_points shape: (2350, 28, 28, 1)
[2022-08-06 04:46:54,462 INFO] (snngp_vary_inducing:34) ELBO: 599822.9494296215
[2022-08-06 04:47:13,283 INFO] (snngp_vary_inducing:36) EUBO: 1638705.086808585
[2022-08-06 04:49:38,394 INFO] (snngp_vary_inducing:40) Loss: 0.1121125821937851
[2022-08-06 04:49:38,395 INFO] (snngp_vary_inducing:42) Accuracy: 97.86%
[2022-08-06 04:49:38,395 INFO] (snngp_vary_inducing:26) 
----Number of inducing point: 2400----
[2022-08-06 04:49:38,498 INFO] (snngp_inference:59) inducing_points shape: (2400, 28, 28, 1)
[2022-08-06 05:19:56,305 INFO] (snngp_vary_inducing:34) ELBO: 603845.3520948456
[2022-08-06 05:20:15,698 INFO] (snngp_vary_inducing:36) EUBO: 1638542.6587541907
[2022-08-06 05:22:43,851 INFO] (snngp_vary_inducing:40) Loss: 0.11194657979220302
[2022-08-06 05:22:43,852 INFO] (snngp_vary_inducing:42) Accuracy: 97.81%
[2022-08-06 05:22:43,852 INFO] (snngp_vary_inducing:26) 
----Number of inducing point: 2450----
[2022-08-06 05:22:43,990 INFO] (snngp_inference:59) inducing_points shape: (2450, 28, 28, 1)
[2022-08-06 05:53:46,891 INFO] (snngp_vary_inducing:34) ELBO: 610483.9899610074
[2022-08-06 05:54:06,465 INFO] (snngp_vary_inducing:36) EUBO: 1638330.8077115463
[2022-08-06 05:56:37,495 INFO] (snngp_vary_inducing:40) Loss: 0.11149224318285716
[2022-08-06 05:56:37,495 INFO] (snngp_vary_inducing:42) Accuracy: 97.80%
[2022-08-06 05:56:37,495 INFO] (snngp_vary_inducing:26) 
----Number of inducing point: 2500----
[2022-08-06 05:56:37,606 INFO] (snngp_inference:59) inducing_points shape: (2500, 28, 28, 1)
[2022-08-06 06:28:15,190 INFO] (snngp_vary_inducing:34) ELBO: 614152.4183637584
[2022-08-06 06:28:35,674 INFO] (snngp_vary_inducing:36) EUBO: 1638209.3280145533
[2022-08-06 06:31:11,539 INFO] (snngp_vary_inducing:40) Loss: 0.11141523533432687
[2022-08-06 06:31:11,539 INFO] (snngp_vary_inducing:42) Accuracy: 97.83%
[2022-08-06 06:31:11,539 INFO] (snngp_vary_inducing:26) 
----Number of inducing point: 2550----
[2022-08-06 06:31:11,672 INFO] (snngp_inference:59) inducing_points shape: (2550, 28, 28, 1)
[2022-08-06 07:03:31,755 INFO] (snngp_vary_inducing:34) ELBO: 617239.7215988475
[2022-08-06 07:03:53,122 INFO] (snngp_vary_inducing:36) EUBO: 1638002.9472675952
[2022-08-06 07:06:30,085 INFO] (snngp_vary_inducing:40) Loss: 0.11122454111699163
[2022-08-06 07:06:30,086 INFO] (snngp_vary_inducing:42) Accuracy: 97.88%
[2022-08-06 07:06:30,086 INFO] (snngp_vary_inducing:26) 
----Number of inducing point: 2600----
[2022-08-06 07:06:30,192 INFO] (snngp_inference:59) inducing_points shape: (2600, 28, 28, 1)
[2022-08-06 07:39:25,299 INFO] (snngp_vary_inducing:34) ELBO: 620244.9434343565
[2022-08-06 07:39:46,905 INFO] (snngp_vary_inducing:36) EUBO: 1637852.945643944
[2022-08-06 07:42:29,746 INFO] (snngp_vary_inducing:40) Loss: 0.11091215721006917
[2022-08-06 07:42:29,747 INFO] (snngp_vary_inducing:42) Accuracy: 97.79%
[2022-08-06 07:42:29,747 INFO] (snngp_vary_inducing:26) 
----Number of inducing point: 2650----
[2022-08-06 07:42:29,869 INFO] (snngp_inference:59) inducing_points shape: (2650, 28, 28, 1)
[2022-08-06 08:15:58,697 INFO] (snngp_vary_inducing:34) ELBO: 623903.1188224407
[2022-08-06 08:16:19,491 INFO] (snngp_vary_inducing:36) EUBO: 1637728.1324744336
[2022-08-06 08:18:51,151 INFO] (snngp_vary_inducing:40) Loss: 0.11082331681135943
[2022-08-06 08:18:51,152 INFO] (snngp_vary_inducing:42) Accuracy: 97.90%
[2022-08-06 08:18:51,152 INFO] (snngp_vary_inducing:26) 
----Number of inducing point: 2700----
[2022-08-06 08:18:51,261 INFO] (snngp_inference:59) inducing_points shape: (2700, 28, 28, 1)
[2022-08-06 08:50:24,628 INFO] (snngp_vary_inducing:34) ELBO: 626379.1529214648
[2022-08-06 08:50:46,791 INFO] (snngp_vary_inducing:36) EUBO: 1637543.331811737
[2022-08-06 08:53:20,054 INFO] (snngp_vary_inducing:40) Loss: 0.11049836333482796
[2022-08-06 08:53:20,055 INFO] (snngp_vary_inducing:42) Accuracy: 97.84%
[2022-08-06 08:53:20,055 INFO] (snngp_vary_inducing:26) 
----Number of inducing point: 2750----
[2022-08-06 08:53:20,164 INFO] (snngp_inference:59) inducing_points shape: (2750, 28, 28, 1)
[2022-08-06 09:25:36,120 INFO] (snngp_vary_inducing:34) ELBO: 629064.8222298112
[2022-08-06 09:25:58,536 INFO] (snngp_vary_inducing:36) EUBO: 1637408.6539529345
[2022-08-06 09:28:36,051 INFO] (snngp_vary_inducing:40) Loss: 0.11027666821563106
[2022-08-06 09:28:36,052 INFO] (snngp_vary_inducing:42) Accuracy: 97.90%
[2022-08-06 09:28:36,052 INFO] (snngp_vary_inducing:26) 
----Number of inducing point: 2800----
[2022-08-06 09:28:36,151 INFO] (snngp_inference:59) inducing_points shape: (2800, 28, 28, 1)
[2022-08-06 10:01:25,753 INFO] (snngp_vary_inducing:34) ELBO: 631563.0314591422
[2022-08-06 10:01:49,442 INFO] (snngp_vary_inducing:36) EUBO: 1637275.5770642213
[2022-08-06 10:04:28,601 INFO] (snngp_vary_inducing:40) Loss: 0.11014519670358994
[2022-08-06 10:04:28,602 INFO] (snngp_vary_inducing:42) Accuracy: 97.89%
[2022-08-06 10:04:28,602 INFO] (snngp_vary_inducing:26) 
----Number of inducing point: 2850----
[2022-08-06 10:04:28,705 INFO] (snngp_inference:59) inducing_points shape: (2850, 28, 28, 1)
[2022-08-06 10:38:01,139 INFO] (snngp_vary_inducing:34) ELBO: 634937.343382922
[2022-08-06 10:38:25,381 INFO] (snngp_vary_inducing:36) EUBO: 1637105.321168478
[2022-08-06 10:41:07,964 INFO] (snngp_vary_inducing:40) Loss: 0.11009615244465398
[2022-08-06 10:41:07,965 INFO] (snngp_vary_inducing:42) Accuracy: 97.80%
[2022-08-06 10:41:07,965 INFO] (snngp_vary_inducing:26) 
----Number of inducing point: 2900----
[2022-08-06 10:41:08,067 INFO] (snngp_inference:59) inducing_points shape: (2900, 28, 28, 1)
[2022-08-06 11:15:03,875 INFO] (snngp_vary_inducing:34) ELBO: 638642.4030994242
[2022-08-06 11:15:28,979 INFO] (snngp_vary_inducing:36) EUBO: 1636967.2204420797
[2022-08-06 11:18:19,074 INFO] (snngp_vary_inducing:40) Loss: 0.10972064303826254
[2022-08-06 11:18:19,075 INFO] (snngp_vary_inducing:42) Accuracy: 97.92%
[2022-08-06 11:18:19,075 INFO] (snngp_vary_inducing:26) 
----Number of inducing point: 2950----
[2022-08-06 11:18:19,179 INFO] (snngp_inference:59) inducing_points shape: (2950, 28, 28, 1)
[2022-08-06 11:52:49,716 INFO] (snngp_vary_inducing:34) ELBO: 641861.9618930148
[2022-08-06 11:53:15,214 INFO] (snngp_vary_inducing:36) EUBO: 1636839.0992577395
[2022-08-06 11:56:03,828 INFO] (snngp_vary_inducing:40) Loss: 0.10960635967299209
[2022-08-06 11:56:03,829 INFO] (snngp_vary_inducing:42) Accuracy: 97.94%
[2022-08-06 11:56:03,829 INFO] (snngp_vary_inducing:26) 
----Number of inducing point: 3000----
[2022-08-06 11:56:03,933 INFO] (snngp_inference:59) inducing_points shape: (3000, 28, 28, 1)
[2022-08-06 12:31:18,114 INFO] (snngp_vary_inducing:34) ELBO: 643714.3281413778
[2022-08-06 12:31:46,458 INFO] (snngp_vary_inducing:36) EUBO: 1636678.3471652335
[2022-08-06 12:34:37,701 INFO] (snngp_vary_inducing:40) Loss: 0.10933493734783471
[2022-08-06 12:34:37,702 INFO] (snngp_vary_inducing:42) Accuracy: 97.97%
[2022-08-06 12:34:37,702 INFO] (snngp_vary_inducing:26) 
----Number of inducing point: 3050----
[2022-08-06 12:34:37,814 INFO] (snngp_inference:59) inducing_points shape: (3050, 28, 28, 1)
[2022-08-06 13:10:23,289 INFO] (snngp_vary_inducing:34) ELBO: 646410.3050805
[2022-08-06 13:10:50,544 INFO] (snngp_vary_inducing:36) EUBO: 1636548.5022508681
[2022-08-06 13:13:44,173 INFO] (snngp_vary_inducing:40) Loss: 0.10934117845682104
[2022-08-06 13:13:44,174 INFO] (snngp_vary_inducing:42) Accuracy: 98.01%
[2022-08-06 13:13:44,174 INFO] (snngp_vary_inducing:26) 
----Number of inducing point: 3100----
[2022-08-06 13:13:44,280 INFO] (snngp_inference:59) inducing_points shape: (3100, 28, 28, 1)
[2022-08-06 13:50:10,630 INFO] (snngp_vary_inducing:34) ELBO: 648233.418753553
[2022-08-06 13:50:38,819 INFO] (snngp_vary_inducing:36) EUBO: 1636448.8965382036
[2022-08-06 13:53:35,908 INFO] (snngp_vary_inducing:40) Loss: 0.1091227587805756
[2022-08-06 13:53:35,909 INFO] (snngp_vary_inducing:42) Accuracy: 97.93%
[2022-08-06 13:53:35,909 INFO] (snngp_vary_inducing:26) 
----Number of inducing point: 3150----
[2022-08-06 13:53:36,017 INFO] (snngp_inference:59) inducing_points shape: (3150, 28, 28, 1)
[2022-08-06 14:30:36,339 INFO] (snngp_vary_inducing:34) ELBO: 651044.1223260676
[2022-08-06 14:31:05,414 INFO] (snngp_vary_inducing:36) EUBO: 1636285.672973029
[2022-08-06 14:34:05,144 INFO] (snngp_vary_inducing:40) Loss: 0.10878291901405353
[2022-08-06 14:34:05,145 INFO] (snngp_vary_inducing:42) Accuracy: 97.99%
[2022-08-06 14:34:05,145 INFO] (snngp_vary_inducing:26) 
----Number of inducing point: 3200----
[2022-08-06 14:34:05,245 INFO] (snngp_inference:59) inducing_points shape: (3200, 28, 28, 1)
[2022-08-06 15:11:43,449 INFO] (snngp_vary_inducing:34) ELBO: 654579.1999880865
[2022-08-06 15:12:13,911 INFO] (snngp_vary_inducing:36) EUBO: 1636137.4291031146
[2022-08-06 15:15:16,659 INFO] (snngp_vary_inducing:40) Loss: 0.10867144657476517
[2022-08-06 15:15:16,659 INFO] (snngp_vary_inducing:42) Accuracy: 97.92%
[2022-08-06 15:15:16,659 INFO] (snngp_vary_inducing:26) 
----Number of inducing point: 3250----
[2022-08-06 15:15:16,762 INFO] (snngp_inference:59) inducing_points shape: (3250, 28, 28, 1)
[2022-08-06 15:53:29,001 INFO] (snngp_vary_inducing:34) ELBO: 655781.1224931623
[2022-08-06 15:53:59,613 INFO] (snngp_vary_inducing:36) EUBO: 1635998.857466531
[2022-08-06 15:57:05,156 INFO] (snngp_vary_inducing:40) Loss: 0.10857347811140089
[2022-08-06 15:57:05,157 INFO] (snngp_vary_inducing:42) Accuracy: 97.89%
[2022-08-06 15:57:05,157 INFO] (snngp_vary_inducing:26) 
----Number of inducing point: 3300----
[2022-08-06 15:57:05,261 INFO] (snngp_inference:59) inducing_points shape: (3300, 28, 28, 1)
[2022-08-06 16:35:59,981 INFO] (snngp_vary_inducing:34) ELBO: 657794.715856744
[2022-08-06 16:36:31,537 INFO] (snngp_vary_inducing:36) EUBO: 1635891.9330253014
[2022-08-06 16:39:39,232 INFO] (snngp_vary_inducing:40) Loss: 0.1084969990701954
[2022-08-06 16:39:39,233 INFO] (snngp_vary_inducing:42) Accuracy: 97.89%
[2022-08-06 16:39:39,233 INFO] (snngp_vary_inducing:26) 
----Number of inducing point: 3350----
[2022-08-06 16:39:39,337 INFO] (snngp_inference:59) inducing_points shape: (3350, 28, 28, 1)
[2022-08-06 17:19:06,904 INFO] (snngp_vary_inducing:34) ELBO: 663171.2970264149
[2022-08-06 17:19:39,420 INFO] (snngp_vary_inducing:36) EUBO: 1635758.513778141
[2022-08-06 17:22:49,371 INFO] (snngp_vary_inducing:40) Loss: 0.10805902000697253
[2022-08-06 17:22:49,371 INFO] (snngp_vary_inducing:42) Accuracy: 97.91%
[2022-08-06 17:22:49,371 INFO] (snngp_vary_inducing:26) 
----Number of inducing point: 3400----
[2022-08-06 17:22:49,478 INFO] (snngp_inference:59) inducing_points shape: (3400, 28, 28, 1)
[2022-08-06 18:09:01,772 INFO] (snngp_vary_inducing:34) ELBO: 663443.3207993992
[2022-08-06 18:09:42,298 INFO] (snngp_vary_inducing:36) EUBO: 1635634.3849800725
[2022-08-06 18:13:31,649 INFO] (snngp_vary_inducing:40) Loss: 0.10807910626738435
[2022-08-06 18:13:31,649 INFO] (snngp_vary_inducing:42) Accuracy: 97.94%
[2022-08-06 18:13:31,649 INFO] (snngp_vary_inducing:26) 
----Number of inducing point: 3450----
[2022-08-06 18:13:31,764 INFO] (snngp_inference:59) inducing_points shape: (3450, 28, 28, 1)
[2022-08-06 19:01:54,129 INFO] (snngp_vary_inducing:34) ELBO: 664724.4480782547
[2022-08-06 19:02:35,540 INFO] (snngp_vary_inducing:36) EUBO: 1635546.4261944918
[2022-08-06 19:06:27,773 INFO] (snngp_vary_inducing:40) Loss: 0.10786013614883799
[2022-08-06 19:06:27,774 INFO] (snngp_vary_inducing:42) Accuracy: 98.00%
[2022-08-06 19:06:27,774 INFO] (snngp_vary_inducing:26) 
----Number of inducing point: 3500----
[2022-08-06 19:06:27,914 INFO] (snngp_inference:59) inducing_points shape: (3500, 28, 28, 1)
[2022-08-06 19:55:25,132 INFO] (snngp_vary_inducing:34) ELBO: 667185.9424158
[2022-08-06 19:56:07,657 INFO] (snngp_vary_inducing:36) EUBO: 1635387.350897159
[2022-08-06 20:00:04,223 INFO] (snngp_vary_inducing:40) Loss: 0.10788485836234944
[2022-08-06 20:00:04,224 INFO] (snngp_vary_inducing:42) Accuracy: 97.99%
[2022-08-06 20:00:04,224 INFO] (snngp_vary_inducing:26) 
----Number of inducing point: 3550----
[2022-08-06 20:00:04,353 INFO] (snngp_inference:59) inducing_points shape: (3550, 28, 28, 1)
[2022-08-06 20:49:42,129 INFO] (snngp_vary_inducing:34) ELBO: 670940.7034056997
[2022-08-06 20:50:25,859 INFO] (snngp_vary_inducing:36) EUBO: 1635293.1203904573
[2022-08-06 20:54:24,458 INFO] (snngp_vary_inducing:40) Loss: 0.10778310572749393
[2022-08-06 20:54:24,459 INFO] (snngp_vary_inducing:42) Accuracy: 97.93%
[2022-08-06 20:54:24,459 INFO] (snngp_vary_inducing:26) 
----Number of inducing point: 3600----
[2022-08-06 20:54:24,572 INFO] (snngp_inference:59) inducing_points shape: (3600, 28, 28, 1)
[2022-08-06 21:44:46,549 INFO] (snngp_vary_inducing:34) ELBO: 669926.7343428393
[2022-08-06 21:45:34,061 INFO] (snngp_vary_inducing:36) EUBO: 1635159.433912977
[2022-08-06 21:49:40,077 INFO] (snngp_vary_inducing:40) Loss: 0.10776267829793205
[2022-08-06 21:49:40,078 INFO] (snngp_vary_inducing:42) Accuracy: 97.94%
[2022-08-06 21:49:40,078 INFO] (snngp_vary_inducing:26) 
----Number of inducing point: 3650----
[2022-08-06 21:49:40,198 INFO] (snngp_inference:59) inducing_points shape: (3650, 28, 28, 1)
[2022-08-06 22:40:50,538 INFO] (snngp_vary_inducing:34) ELBO: 672910.7587786952
[2022-08-06 22:41:36,023 INFO] (snngp_vary_inducing:36) EUBO: 1635062.2584344624
[2022-08-06 22:45:44,313 INFO] (snngp_vary_inducing:40) Loss: 0.10734577187165724
[2022-08-06 22:45:44,314 INFO] (snngp_vary_inducing:42) Accuracy: 97.98%
[2022-08-06 22:45:44,314 INFO] (snngp_vary_inducing:26) 
----Number of inducing point: 3700----
[2022-08-06 22:45:44,472 INFO] (snngp_inference:59) inducing_points shape: (3700, 28, 28, 1)
[2022-08-06 23:37:25,155 INFO] (snngp_vary_inducing:34) ELBO: 675805.4057629926
[2022-08-06 23:38:12,294 INFO] (snngp_vary_inducing:36) EUBO: 1634953.4141233724
[2022-08-06 23:42:20,869 INFO] (snngp_vary_inducing:40) Loss: 0.10738555788702486
[2022-08-06 23:42:20,870 INFO] (snngp_vary_inducing:42) Accuracy: 98.04%
[2022-08-06 23:42:20,870 INFO] (snngp_vary_inducing:26) 
----Number of inducing point: 3750----
[2022-08-06 23:42:20,982 INFO] (snngp_inference:59) inducing_points shape: (3750, 28, 28, 1)
[2022-08-07 00:35:00,882 INFO] (snngp_vary_inducing:34) ELBO: 675345.5513950309
[2022-08-07 00:35:48,811 INFO] (snngp_vary_inducing:36) EUBO: 1634832.2056149116
[2022-08-07 00:40:01,627 INFO] (snngp_vary_inducing:40) Loss: 0.10749307924405535
[2022-08-07 00:40:01,628 INFO] (snngp_vary_inducing:42) Accuracy: 97.96%
[2022-08-07 00:40:01,628 INFO] (snngp_vary_inducing:26) 
----Number of inducing point: 3800----
[2022-08-07 00:40:01,773 INFO] (snngp_inference:59) inducing_points shape: (3800, 28, 28, 1)
[2022-08-07 01:33:20,224 INFO] (snngp_vary_inducing:34) ELBO: 679329.7239294474
[2022-08-07 01:34:10,560 INFO] (snngp_vary_inducing:36) EUBO: 1634732.5950794173
[2022-08-07 01:38:25,999 INFO] (snngp_vary_inducing:40) Loss: 0.10701558561310846
[2022-08-07 01:38:26,000 INFO] (snngp_vary_inducing:42) Accuracy: 97.89%
[2022-08-07 01:38:26,000 INFO] (snngp_vary_inducing:26) 
----Number of inducing point: 3850----
[2022-08-07 01:38:26,131 INFO] (snngp_inference:59) inducing_points shape: (3850, 28, 28, 1)
[2022-08-07 02:32:08,208 INFO] (snngp_vary_inducing:34) ELBO: 679489.0775299426
[2022-08-07 02:32:58,515 INFO] (snngp_vary_inducing:36) EUBO: 1634657.9120988776
[2022-08-07 02:37:15,646 INFO] (snngp_vary_inducing:40) Loss: 0.10701038044705992
[2022-08-07 02:37:15,646 INFO] (snngp_vary_inducing:42) Accuracy: 98.08%
[2022-08-07 02:37:15,646 INFO] (snngp_vary_inducing:26) 
----Number of inducing point: 3900----
[2022-08-07 02:37:15,757 INFO] (snngp_inference:59) inducing_points shape: (3900, 28, 28, 1)
[2022-08-07 03:31:50,919 INFO] (snngp_vary_inducing:34) ELBO: 679986.0099537505
[2022-08-07 03:32:47,668 INFO] (snngp_vary_inducing:36) EUBO: 1634526.0566285215
[2022-08-07 03:37:09,390 INFO] (snngp_vary_inducing:40) Loss: 0.10682949453768444
[2022-08-07 03:37:09,390 INFO] (snngp_vary_inducing:42) Accuracy: 98.03%
[2022-08-07 03:37:09,390 INFO] (snngp_vary_inducing:26) 
----Number of inducing point: 3950----
[2022-08-07 03:37:09,532 INFO] (snngp_inference:59) inducing_points shape: (3950, 28, 28, 1)
[2022-08-07 04:32:24,858 INFO] (snngp_vary_inducing:34) ELBO: 681095.4773832839
[2022-08-07 04:33:18,267 INFO] (snngp_vary_inducing:36) EUBO: 1634421.9008914747
[2022-08-07 04:37:45,149 INFO] (snngp_vary_inducing:40) Loss: 0.10680346198313932
[2022-08-07 04:37:45,149 INFO] (snngp_vary_inducing:42) Accuracy: 98.03%
[2022-08-07 04:37:45,149 INFO] (snngp_vary_inducing:26) 
----Number of inducing point: 4000----
[2022-08-07 04:37:45,254 INFO] (snngp_inference:59) inducing_points shape: (4000, 28, 28, 1)
[2022-08-07 05:33:52,965 INFO] (snngp_vary_inducing:34) ELBO: 683945.7572381741
[2022-08-07 05:34:47,979 INFO] (snngp_vary_inducing:36) EUBO: 1634330.4885545282
[2022-08-07 05:39:17,746 INFO] (snngp_vary_inducing:40) Loss: 0.10659326033054858
[2022-08-07 05:39:17,747 INFO] (snngp_vary_inducing:42) Accuracy: 98.06%
[2022-08-07 05:39:17,747 INFO] (snngp_vary_inducing:26) 
----Number of inducing point: 4050----
[2022-08-07 05:39:17,863 INFO] (snngp_inference:59) inducing_points shape: (4050, 28, 28, 1)
[2022-08-07 06:36:30,658 INFO] (snngp_vary_inducing:34) ELBO: 686907.6665617044
[2022-08-07 06:37:25,786 INFO] (snngp_vary_inducing:36) EUBO: 1634201.7099081909
[2022-08-07 06:42:00,855 INFO] (snngp_vary_inducing:40) Loss: 0.10665064826442507
[2022-08-07 06:42:00,855 INFO] (snngp_vary_inducing:42) Accuracy: 98.02%
[2022-08-07 06:42:00,855 INFO] (snngp_vary_inducing:26) 
----Number of inducing point: 4100----
[2022-08-07 06:42:00,962 INFO] (snngp_inference:59) inducing_points shape: (4100, 28, 28, 1)
[2022-08-07 07:39:42,938 INFO] (snngp_vary_inducing:34) ELBO: 687760.4201298044
[2022-08-07 07:40:39,777 INFO] (snngp_vary_inducing:36) EUBO: 1634111.5803163892
[2022-08-07 07:45:17,201 INFO] (snngp_vary_inducing:40) Loss: 0.10659910340345052
[2022-08-07 07:45:17,201 INFO] (snngp_vary_inducing:42) Accuracy: 97.97%
[2022-08-07 07:45:17,201 INFO] (snngp_vary_inducing:26) 
----Number of inducing point: 4150----
[2022-08-07 07:45:17,316 INFO] (snngp_inference:59) inducing_points shape: (4150, 28, 28, 1)
[2022-08-07 08:43:51,187 INFO] (snngp_vary_inducing:34) ELBO: 687901.6066881726
[2022-08-07 08:44:49,731 INFO] (snngp_vary_inducing:36) EUBO: 1633975.7632697
[2022-08-07 08:49:35,052 INFO] (snngp_vary_inducing:40) Loss: 0.10634267088026493
[2022-08-07 08:49:35,053 INFO] (snngp_vary_inducing:42) Accuracy: 98.08%
[2022-08-07 08:49:35,053 INFO] (snngp_vary_inducing:26) 
----Number of inducing point: 4200----
[2022-08-07 08:49:35,184 INFO] (snngp_inference:59) inducing_points shape: (4200, 28, 28, 1)
[2022-08-07 09:48:47,966 INFO] (snngp_vary_inducing:34) ELBO: 690598.4438706252
[2022-08-07 09:49:48,022 INFO] (snngp_vary_inducing:36) EUBO: 1633912.910677699
[2022-08-07 09:54:32,224 INFO] (snngp_vary_inducing:40) Loss: 0.10622022039661382
[2022-08-07 09:54:32,225 INFO] (snngp_vary_inducing:42) Accuracy: 98.06%
[2022-08-07 09:54:32,225 INFO] (snngp_vary_inducing:26) 
----Number of inducing point: 4250----
[2022-08-07 09:54:32,353 INFO] (snngp_inference:59) inducing_points shape: (4250, 28, 28, 1)
[2022-08-07 10:54:50,227 INFO] (snngp_vary_inducing:34) ELBO: 692757.338299379
[2022-08-07 10:55:51,284 INFO] (snngp_vary_inducing:36) EUBO: 1633797.2691368987
[2022-08-07 11:00:38,450 INFO] (snngp_vary_inducing:40) Loss: 0.10602134213262863
[2022-08-07 11:00:38,451 INFO] (snngp_vary_inducing:42) Accuracy: 98.09%
[2022-08-07 11:00:38,451 INFO] (snngp_vary_inducing:26) 
----Number of inducing point: 4300----
[2022-08-07 11:00:38,568 INFO] (snngp_inference:59) inducing_points shape: (4300, 28, 28, 1)
[2022-08-07 11:59:14,500 INFO] (snngp_vary_inducing:34) ELBO: 693970.2802120955
[2022-08-07 12:00:06,505 INFO] (snngp_vary_inducing:36) EUBO: 1633699.3946443696
[2022-08-07 12:04:15,506 INFO] (snngp_vary_inducing:40) Loss: 0.10588529701524416
[2022-08-07 12:04:15,506 INFO] (snngp_vary_inducing:42) Accuracy: 98.07%
[2022-08-07 12:04:15,506 INFO] (snngp_vary_inducing:26) 
----Number of inducing point: 4350----
[2022-08-07 12:04:15,614 INFO] (snngp_inference:59) inducing_points shape: (4350, 28, 28, 1)
[2022-08-07 12:56:23,407 INFO] (snngp_vary_inducing:34) ELBO: 695144.3527753856
[2022-08-07 12:57:15,832 INFO] (snngp_vary_inducing:36) EUBO: 1633583.2386736963
[2022-08-07 13:01:26,326 INFO] (snngp_vary_inducing:40) Loss: 0.10596179414967108
[2022-08-07 13:01:26,327 INFO] (snngp_vary_inducing:42) Accuracy: 98.09%
[2022-08-07 13:01:26,327 INFO] (snngp_vary_inducing:26) 
----Number of inducing point: 4400----
[2022-08-07 13:01:26,428 INFO] (snngp_inference:59) inducing_points shape: (4400, 28, 28, 1)
[2022-08-07 13:54:06,568 INFO] (snngp_vary_inducing:34) ELBO: 697262.6922197314
[2022-08-07 13:55:01,088 INFO] (snngp_vary_inducing:36) EUBO: 1633538.0578785539
[2022-08-07 13:59:12,482 INFO] (snngp_vary_inducing:40) Loss: 0.10588047516080326
[2022-08-07 13:59:12,483 INFO] (snngp_vary_inducing:42) Accuracy: 98.12%
[2022-08-07 13:59:12,483 INFO] (snngp_vary_inducing:26) 
----Number of inducing point: 4450----
[2022-08-07 13:59:12,592 INFO] (snngp_inference:59) inducing_points shape: (4450, 28, 28, 1)
[2022-08-07 14:52:26,962 INFO] (snngp_vary_inducing:34) ELBO: 696809.2720156517
[2022-08-07 14:53:21,791 INFO] (snngp_vary_inducing:36) EUBO: 1633424.9292366302
[2022-08-07 14:57:35,323 INFO] (snngp_vary_inducing:40) Loss: 0.10584870675372768
[2022-08-07 14:57:35,323 INFO] (snngp_vary_inducing:42) Accuracy: 98.09%
[2022-08-07 14:57:35,323 INFO] (snngp_vary_inducing:26) 
----Number of inducing point: 4500----
[2022-08-07 14:57:35,427 INFO] (snngp_inference:59) inducing_points shape: (4500, 28, 28, 1)
[2022-08-07 15:51:22,049 INFO] (snngp_vary_inducing:34) ELBO: 699210.7857193192
[2022-08-07 15:52:18,502 INFO] (snngp_vary_inducing:36) EUBO: 1633340.3342573475
[2022-08-07 15:56:34,511 INFO] (snngp_vary_inducing:40) Loss: 0.10562125559065653
[2022-08-07 15:56:34,512 INFO] (snngp_vary_inducing:42) Accuracy: 98.10%
[2022-08-07 15:56:34,512 INFO] (snngp_vary_inducing:26) 
----Number of inducing point: 4550----
[2022-08-07 15:56:34,617 INFO] (snngp_inference:59) inducing_points shape: (4550, 28, 28, 1)
[2022-08-07 16:51:10,458 INFO] (snngp_vary_inducing:34) ELBO: 700358.0146970255
[2022-08-07 16:52:07,578 INFO] (snngp_vary_inducing:36) EUBO: 1633245.5218034084
[2022-08-07 16:56:27,443 INFO] (snngp_vary_inducing:40) Loss: 0.10567357768722441
[2022-08-07 16:56:27,444 INFO] (snngp_vary_inducing:42) Accuracy: 98.17%
[2022-08-07 16:56:27,444 INFO] (snngp_vary_inducing:26) 
----Number of inducing point: 4600----
[2022-08-07 16:56:27,554 INFO] (snngp_inference:59) inducing_points shape: (4600, 28, 28, 1)
[2022-08-07 17:51:35,948 INFO] (snngp_vary_inducing:34) ELBO: 701400.275923782
[2022-08-07 17:52:35,236 INFO] (snngp_vary_inducing:36) EUBO: 1633167.955861906
[2022-08-07 17:56:58,519 INFO] (snngp_vary_inducing:40) Loss: 0.10540898236822435
[2022-08-07 17:56:58,520 INFO] (snngp_vary_inducing:42) Accuracy: 98.02%
[2022-08-07 17:56:58,520 INFO] (snngp_vary_inducing:26) 
----Number of inducing point: 4650----
[2022-08-07 17:56:58,626 INFO] (snngp_inference:59) inducing_points shape: (4650, 28, 28, 1)
[2022-08-07 18:52:43,240 INFO] (snngp_vary_inducing:34) ELBO: 703615.5497384937
[2022-08-07 18:53:42,807 INFO] (snngp_vary_inducing:36) EUBO: 1633090.9611406487
[2022-08-07 18:58:09,163 INFO] (snngp_vary_inducing:40) Loss: 0.10552308387445608
[2022-08-07 18:58:09,164 INFO] (snngp_vary_inducing:42) Accuracy: 98.06%
[2022-08-07 18:58:09,164 INFO] (snngp_vary_inducing:26) 
----Number of inducing point: 4700----
[2022-08-07 18:58:09,274 INFO] (snngp_inference:59) inducing_points shape: (4700, 28, 28, 1)
[2022-08-07 19:54:41,991 INFO] (snngp_vary_inducing:34) ELBO: 704463.1611470068
[2022-08-07 19:55:42,825 INFO] (snngp_vary_inducing:36) EUBO: 1632965.018298807
[2022-08-07 20:00:12,095 INFO] (snngp_vary_inducing:40) Loss: 0.10524036993880662
[2022-08-07 20:00:12,096 INFO] (snngp_vary_inducing:42) Accuracy: 98.15%
[2022-08-07 20:00:12,096 INFO] (snngp_vary_inducing:26) 
----Number of inducing point: 4750----
[2022-08-07 20:00:12,215 INFO] (snngp_inference:59) inducing_points shape: (4750, 28, 28, 1)
[2022-08-07 20:57:22,065 INFO] (snngp_vary_inducing:34) ELBO: 706208.0497306131
[2022-08-07 20:58:23,910 INFO] (snngp_vary_inducing:36) EUBO: 1632870.3248071193
[2022-08-07 21:02:55,482 INFO] (snngp_vary_inducing:40) Loss: 0.10522799620363102
[2022-08-07 21:02:55,483 INFO] (snngp_vary_inducing:42) Accuracy: 98.07%
[2022-08-07 21:02:55,483 INFO] (snngp_vary_inducing:26) 
----Number of inducing point: 4800----
[2022-08-07 21:02:55,587 INFO] (snngp_inference:59) inducing_points shape: (4800, 28, 28, 1)
[2022-08-07 22:00:38,041 INFO] (snngp_vary_inducing:34) ELBO: 707126.2306624553
[2022-08-07 22:01:41,928 INFO] (snngp_vary_inducing:36) EUBO: 1632798.8444115166
[2022-08-07 22:06:16,913 INFO] (snngp_vary_inducing:40) Loss: 0.10525376850704175
[2022-08-07 22:06:16,913 INFO] (snngp_vary_inducing:42) Accuracy: 98.13%
[2022-08-07 22:06:16,913 INFO] (snngp_vary_inducing:26) 
----Number of inducing point: 4850----
[2022-08-07 22:06:17,027 INFO] (snngp_inference:59) inducing_points shape: (4850, 28, 28, 1)
[2022-08-07 23:04:37,130 INFO] (snngp_vary_inducing:34) ELBO: 707557.9169841188
[2022-08-07 23:05:41,499 INFO] (snngp_vary_inducing:36) EUBO: 1632733.026494776
[2022-08-07 23:10:17,631 INFO] (snngp_vary_inducing:40) Loss: 0.10518452270778275
[2022-08-07 23:10:17,631 INFO] (snngp_vary_inducing:42) Accuracy: 98.13%
[2022-08-07 23:10:17,632 INFO] (snngp_vary_inducing:26) 
----Number of inducing point: 4900----
[2022-08-07 23:10:17,738 INFO] (snngp_inference:59) inducing_points shape: (4900, 28, 28, 1)
[2022-08-08 00:09:22,048 INFO] (snngp_vary_inducing:34) ELBO: 708447.7241489943
[2022-08-08 00:10:27,669 INFO] (snngp_vary_inducing:36) EUBO: 1632648.461443718
[2022-08-08 00:15:07,848 INFO] (snngp_vary_inducing:40) Loss: 0.10510943180359872
[2022-08-08 00:15:07,849 INFO] (snngp_vary_inducing:42) Accuracy: 98.10%
[2022-08-08 00:15:07,849 INFO] (snngp_vary_inducing:26) 
----Number of inducing point: 4950----
[2022-08-08 00:15:07,955 INFO] (snngp_inference:59) inducing_points shape: (4950, 28, 28, 1)
[2022-08-08 01:14:43,450 INFO] (snngp_vary_inducing:34) ELBO: 710584.3348234042
[2022-08-08 01:15:50,589 INFO] (snngp_vary_inducing:36) EUBO: 1632533.2932342342
[2022-08-08 01:20:34,874 INFO] (snngp_vary_inducing:40) Loss: 0.1048510517060722
[2022-08-08 01:20:34,874 INFO] (snngp_vary_inducing:42) Accuracy: 98.13%
[2022-08-08 01:20:34,874 INFO] (snngp_vary_inducing:26) 
----Number of inducing point: 5000----
[2022-08-08 01:20:34,981 INFO] (snngp_inference:59) inducing_points shape: (5000, 28, 28, 1)
[2022-08-08 02:20:52,985 INFO] (snngp_vary_inducing:34) ELBO: 709690.915206087
[2022-08-08 02:22:02,274 INFO] (snngp_vary_inducing:36) EUBO: 1632468.6940208816
[2022-08-08 02:26:47,646 INFO] (snngp_vary_inducing:40) Loss: 0.104984049933719
[2022-08-08 02:26:47,647 INFO] (snngp_vary_inducing:42) Accuracy: 98.13%
WARNING:matplotlib.legend:No artists with labels found to put in legend.  Note that artists whose label start with an underscore are ignored when legend() is called with no argument.
WARNING:matplotlib.legend:No artists with labels found to put in legend.  Note that artists whose label start with an underscore are ignored when legend() is called with no argument.
WARNING:matplotlib.legend:No artists with labels found to put in legend.  Note that artists whose label start with an underscore are ignored when legend() is called with no argument.
WARNING:matplotlib.legend:No artists with labels found to put in legend.  Note that artists whose label start with an underscore are ignored when legend() is called with no argument.
