WARNING:absl:No GPU/TPU found, falling back to CPU. (Set TF_CPP_MIN_LOG_LEVEL=0 and rerun for more info.)
[2022-08-08 15:45:33,087 INFO] (util:27) Namespace(augment_X='/vol/bitbucket/yn621/data/infimnist/mnist60k-augs-patterns-idx3-ubyte', augment_y='/vol/bitbucket/yn621/data/infimnist/mnist60k-augs-labels-idx1-ubyte', batch_size=0, device_count=-1, epochs=1, lr=0.1, model='fcn', momentum=0.9, num_inducing_points=750, select_method='random')
[2022-08-08 15:45:33,759 INFO] (data_loader:90) MNIST: (60000, 784) train, (10000, 784) test samples.
[2022-08-08 15:45:34,735 INFO] (data_loader:148) MNIST: (60000, 784) augmented train
[2022-08-08 15:45:35,239 INFO] (snngp_vary_inducing:26) 
----Number of inducing point: 50----
[2022-08-08 15:45:35,360 INFO] (snngp_inference:59) inducing_points shape: (50, 784)
[2022-08-08 15:45:39,059 INFO] (snngp_vary_inducing:34) ELBO: -1956756.7625599494
[2022-08-08 15:45:39,573 INFO] (snngp_vary_inducing:36) EUBO: 1658628.5264810422
[2022-08-08 15:45:41,509 INFO] (snngp_vary_inducing:40) Loss: 0.2079836616400934
[2022-08-08 15:45:41,585 INFO] (snngp_vary_inducing:42) Accuracy: 83.78%
[2022-08-08 15:45:41,585 INFO] (snngp_vary_inducing:26) 
----Number of inducing point: 100----
[2022-08-08 15:45:41,690 INFO] (snngp_inference:59) inducing_points shape: (100, 784)
[2022-08-08 15:45:45,484 INFO] (snngp_vary_inducing:34) ELBO: -1358451.8436351542
[2022-08-08 15:45:46,005 INFO] (snngp_vary_inducing:36) EUBO: 1657364.5262972275
[2022-08-08 15:45:47,686 INFO] (snngp_vary_inducing:40) Loss: 0.1877180687100458
[2022-08-08 15:45:47,687 INFO] (snngp_vary_inducing:42) Accuracy: 87.50%
[2022-08-08 15:45:47,687 INFO] (snngp_vary_inducing:26) 
----Number of inducing point: 150----
[2022-08-08 15:45:47,808 INFO] (snngp_inference:59) inducing_points shape: (150, 784)
[2022-08-08 15:45:52,180 INFO] (snngp_vary_inducing:34) ELBO: -965326.8494378484
[2022-08-08 15:45:52,830 INFO] (snngp_vary_inducing:36) EUBO: 1656292.3592923665
[2022-08-08 15:45:54,593 INFO] (snngp_vary_inducing:40) Loss: 0.17456072246138524
[2022-08-08 15:45:54,594 INFO] (snngp_vary_inducing:42) Accuracy: 90.08%
[2022-08-08 15:45:54,594 INFO] (snngp_vary_inducing:26) 
----Number of inducing point: 200----
[2022-08-08 15:45:54,723 INFO] (snngp_inference:59) inducing_points shape: (200, 784)
[2022-08-08 15:45:59,403 INFO] (snngp_vary_inducing:34) ELBO: -740742.4933681386
[2022-08-08 15:46:00,171 INFO] (snngp_vary_inducing:36) EUBO: 1655360.4575338901
[2022-08-08 15:46:02,200 INFO] (snngp_vary_inducing:40) Loss: 0.1662047752455182
[2022-08-08 15:46:02,201 INFO] (snngp_vary_inducing:42) Accuracy: 91.18%
[2022-08-08 15:46:02,201 INFO] (snngp_vary_inducing:26) 
----Number of inducing point: 250----
[2022-08-08 15:46:02,343 INFO] (snngp_inference:59) inducing_points shape: (250, 784)
[2022-08-08 15:46:07,667 INFO] (snngp_vary_inducing:34) ELBO: -562442.1361304772
[2022-08-08 15:46:08,503 INFO] (snngp_vary_inducing:36) EUBO: 1654482.7573388969
[2022-08-08 15:46:10,469 INFO] (snngp_vary_inducing:40) Loss: 0.16005459123585825
[2022-08-08 15:46:10,470 INFO] (snngp_vary_inducing:42) Accuracy: 91.96%
[2022-08-08 15:46:10,470 INFO] (snngp_vary_inducing:26) 
----Number of inducing point: 300----
[2022-08-08 15:46:10,591 INFO] (snngp_inference:59) inducing_points shape: (300, 784)
[2022-08-08 15:46:16,472 INFO] (snngp_vary_inducing:34) ELBO: -421393.24041409045
[2022-08-08 15:46:17,427 INFO] (snngp_vary_inducing:36) EUBO: 1653688.621724439
[2022-08-08 15:46:19,556 INFO] (snngp_vary_inducing:40) Loss: 0.15380042946899358
[2022-08-08 15:46:19,557 INFO] (snngp_vary_inducing:42) Accuracy: 92.75%
[2022-08-08 15:46:19,557 INFO] (snngp_vary_inducing:26) 
----Number of inducing point: 350----
[2022-08-08 15:46:19,679 INFO] (snngp_inference:59) inducing_points shape: (350, 784)
[2022-08-08 15:46:25,791 INFO] (snngp_vary_inducing:34) ELBO: -310289.05758414767
[2022-08-08 15:46:26,803 INFO] (snngp_vary_inducing:36) EUBO: 1652940.400986306
[2022-08-08 15:46:28,855 INFO] (snngp_vary_inducing:40) Loss: 0.14960884315931738
[2022-08-08 15:46:28,856 INFO] (snngp_vary_inducing:42) Accuracy: 93.49%
[2022-08-08 15:46:28,856 INFO] (snngp_vary_inducing:26) 
----Number of inducing point: 400----
[2022-08-08 15:46:28,958 INFO] (snngp_inference:59) inducing_points shape: (400, 784)
[2022-08-08 15:46:35,168 INFO] (snngp_vary_inducing:34) ELBO: -212608.6734506311
[2022-08-08 15:46:36,305 INFO] (snngp_vary_inducing:36) EUBO: 1652226.8886483852
[2022-08-08 15:46:38,261 INFO] (snngp_vary_inducing:40) Loss: 0.14520986100543146
[2022-08-08 15:46:38,262 INFO] (snngp_vary_inducing:42) Accuracy: 94.17%
[2022-08-08 15:46:38,263 INFO] (snngp_vary_inducing:26) 
----Number of inducing point: 450----
[2022-08-08 15:46:38,365 INFO] (snngp_inference:59) inducing_points shape: (450, 784)
[2022-08-08 15:46:45,178 INFO] (snngp_vary_inducing:34) ELBO: -147436.78772917204
[2022-08-08 15:46:46,464 INFO] (snngp_vary_inducing:36) EUBO: 1651537.7196266332
[2022-08-08 15:46:48,502 INFO] (snngp_vary_inducing:40) Loss: 0.14269905481277959
[2022-08-08 15:46:48,503 INFO] (snngp_vary_inducing:42) Accuracy: 94.05%
[2022-08-08 15:46:48,504 INFO] (snngp_vary_inducing:26) 
----Number of inducing point: 500----
[2022-08-08 15:46:48,622 INFO] (snngp_inference:59) inducing_points shape: (500, 784)
[2022-08-08 15:46:55,817 INFO] (snngp_vary_inducing:34) ELBO: -67075.84041090473
[2022-08-08 15:46:57,215 INFO] (snngp_vary_inducing:36) EUBO: 1650928.8522537411
[2022-08-08 15:46:59,416 INFO] (snngp_vary_inducing:40) Loss: 0.1390225881639147
[2022-08-08 15:46:59,417 INFO] (snngp_vary_inducing:42) Accuracy: 94.60%
[2022-08-08 15:46:59,418 INFO] (snngp_vary_inducing:26) 
----Number of inducing point: 550----
[2022-08-08 15:46:59,522 INFO] (snngp_inference:59) inducing_points shape: (550, 784)
[2022-08-08 15:47:07,124 INFO] (snngp_vary_inducing:34) ELBO: -20307.964998499723
[2022-08-08 15:47:08,725 INFO] (snngp_vary_inducing:36) EUBO: 1650297.665602214
[2022-08-08 15:47:10,869 INFO] (snngp_vary_inducing:40) Loss: 0.13737124805031536
[2022-08-08 15:47:10,870 INFO] (snngp_vary_inducing:42) Accuracy: 94.72%
[2022-08-08 15:47:10,871 INFO] (snngp_vary_inducing:26) 
----Number of inducing point: 600----
[2022-08-08 15:47:10,975 INFO] (snngp_inference:59) inducing_points shape: (600, 784)
[2022-08-08 15:47:19,318 INFO] (snngp_vary_inducing:34) ELBO: 12497.098990539555
[2022-08-08 15:47:21,108 INFO] (snngp_vary_inducing:36) EUBO: 1649713.3756457206
[2022-08-08 15:47:23,316 INFO] (snngp_vary_inducing:40) Loss: 0.13614318687391455
[2022-08-08 15:47:23,317 INFO] (snngp_vary_inducing:42) Accuracy: 94.96%
[2022-08-08 15:47:23,318 INFO] (snngp_vary_inducing:26) 
----Number of inducing point: 650----
[2022-08-08 15:47:23,425 INFO] (snngp_inference:59) inducing_points shape: (650, 784)
[2022-08-08 15:47:32,019 INFO] (snngp_vary_inducing:34) ELBO: 63461.02127974364
[2022-08-08 15:47:33,978 INFO] (snngp_vary_inducing:36) EUBO: 1649131.0495911138
[2022-08-08 15:47:36,355 INFO] (snngp_vary_inducing:40) Loss: 0.13301469216896653
[2022-08-08 15:47:36,356 INFO] (snngp_vary_inducing:42) Accuracy: 95.27%
[2022-08-08 15:47:36,356 INFO] (snngp_vary_inducing:26) 
----Number of inducing point: 700----
[2022-08-08 15:47:36,463 INFO] (snngp_inference:59) inducing_points shape: (700, 784)
[2022-08-08 15:47:45,612 INFO] (snngp_vary_inducing:34) ELBO: 108173.47032637545
[2022-08-08 15:47:47,867 INFO] (snngp_vary_inducing:36) EUBO: 1648577.4142129677
[2022-08-08 15:47:50,126 INFO] (snngp_vary_inducing:40) Loss: 0.1315322234107526
[2022-08-08 15:47:50,127 INFO] (snngp_vary_inducing:42) Accuracy: 95.42%
[2022-08-08 15:47:50,128 INFO] (snngp_vary_inducing:26) 
----Number of inducing point: 750----
[2022-08-08 15:47:50,237 INFO] (snngp_inference:59) inducing_points shape: (750, 784)
[2022-08-08 15:48:00,130 INFO] (snngp_vary_inducing:34) ELBO: 141743.4511679425
[2022-08-08 15:48:02,431 INFO] (snngp_vary_inducing:36) EUBO: 1648111.9096344672
[2022-08-08 15:48:04,726 INFO] (snngp_vary_inducing:40) Loss: 0.12909132289580177
[2022-08-08 15:48:04,727 INFO] (snngp_vary_inducing:42) Accuracy: 95.72%
[2022-08-08 15:48:04,727 INFO] (snngp_vary_inducing:26) 
----Number of inducing point: 800----
[2022-08-08 15:48:04,828 INFO] (snngp_inference:59) inducing_points shape: (800, 784)
[2022-08-08 15:48:15,103 INFO] (snngp_vary_inducing:34) ELBO: 164779.55828153226
[2022-08-08 15:48:17,856 INFO] (snngp_vary_inducing:36) EUBO: 1647586.0984769275
[2022-08-08 15:48:20,440 INFO] (snngp_vary_inducing:40) Loss: 0.12827889591577044
[2022-08-08 15:48:20,441 INFO] (snngp_vary_inducing:42) Accuracy: 95.60%
[2022-08-08 15:48:20,442 INFO] (snngp_vary_inducing:26) 
----Number of inducing point: 850----
[2022-08-08 15:48:20,544 INFO] (snngp_inference:59) inducing_points shape: (850, 784)
[2022-08-08 15:48:32,096 INFO] (snngp_vary_inducing:34) ELBO: 181449.52946917177
[2022-08-08 15:48:34,859 INFO] (snngp_vary_inducing:36) EUBO: 1647105.921143779
[2022-08-08 15:48:37,315 INFO] (snngp_vary_inducing:40) Loss: 0.1281628083200433
[2022-08-08 15:48:37,316 INFO] (snngp_vary_inducing:42) Accuracy: 95.73%
[2022-08-08 15:48:37,316 INFO] (snngp_vary_inducing:26) 
----Number of inducing point: 900----
[2022-08-08 15:48:37,425 INFO] (snngp_inference:59) inducing_points shape: (900, 784)
[2022-08-08 15:48:48,998 INFO] (snngp_vary_inducing:34) ELBO: 219505.08643065044
[2022-08-08 15:48:52,071 INFO] (snngp_vary_inducing:36) EUBO: 1646652.2904556848
[2022-08-08 15:48:54,561 INFO] (snngp_vary_inducing:40) Loss: 0.12626135309926825
[2022-08-08 15:48:54,562 INFO] (snngp_vary_inducing:42) Accuracy: 95.78%
[2022-08-08 15:48:54,563 INFO] (snngp_vary_inducing:26) 
----Number of inducing point: 950----
[2022-08-08 15:48:54,665 INFO] (snngp_inference:59) inducing_points shape: (950, 784)
[2022-08-08 15:49:06,884 INFO] (snngp_vary_inducing:34) ELBO: 246948.7343472757
[2022-08-08 15:49:10,173 INFO] (snngp_vary_inducing:36) EUBO: 1646229.5034017793
[2022-08-08 15:49:12,858 INFO] (snngp_vary_inducing:40) Loss: 0.1248407785773337
[2022-08-08 15:49:12,858 INFO] (snngp_vary_inducing:42) Accuracy: 96.09%
[2022-08-08 15:49:12,859 INFO] (snngp_vary_inducing:26) 
----Number of inducing point: 1000----
[2022-08-08 15:49:12,964 INFO] (snngp_inference:59) inducing_points shape: (1000, 784)
[2022-08-08 15:49:26,007 INFO] (snngp_vary_inducing:34) ELBO: 256652.75847187103
[2022-08-08 15:49:29,680 INFO] (snngp_vary_inducing:36) EUBO: 1645791.281494509
[2022-08-08 15:49:32,267 INFO] (snngp_vary_inducing:40) Loss: 0.12413419080995763
[2022-08-08 15:49:32,268 INFO] (snngp_vary_inducing:42) Accuracy: 95.89%
[2022-08-08 15:49:32,268 INFO] (snngp_vary_inducing:26) 
----Number of inducing point: 1050----
[2022-08-08 15:49:32,374 INFO] (snngp_inference:59) inducing_points shape: (1050, 784)
[2022-08-08 15:49:46,011 INFO] (snngp_vary_inducing:34) ELBO: 276820.8590593417
[2022-08-08 15:49:49,989 INFO] (snngp_vary_inducing:36) EUBO: 1645372.7331638713
[2022-08-08 15:49:52,950 INFO] (snngp_vary_inducing:40) Loss: 0.12340432613672611
[2022-08-08 15:49:52,951 INFO] (snngp_vary_inducing:42) Accuracy: 96.16%
[2022-08-08 15:49:52,951 INFO] (snngp_vary_inducing:26) 
----Number of inducing point: 1100----
[2022-08-08 15:49:53,059 INFO] (snngp_inference:59) inducing_points shape: (1100, 784)
[2022-08-08 15:50:07,691 INFO] (snngp_vary_inducing:34) ELBO: 303199.1362486107
[2022-08-08 15:50:12,010 INFO] (snngp_vary_inducing:36) EUBO: 1644965.4143475865
[2022-08-08 15:50:14,765 INFO] (snngp_vary_inducing:40) Loss: 0.12205409633031003
[2022-08-08 15:50:14,766 INFO] (snngp_vary_inducing:42) Accuracy: 96.28%
[2022-08-08 15:50:14,766 INFO] (snngp_vary_inducing:26) 
----Number of inducing point: 1150----
[2022-08-08 15:50:14,874 INFO] (snngp_inference:59) inducing_points shape: (1150, 784)
[2022-08-08 15:50:30,716 INFO] (snngp_vary_inducing:34) ELBO: 322307.2784495817
[2022-08-08 15:50:35,336 INFO] (snngp_vary_inducing:36) EUBO: 1644584.0993201798
[2022-08-08 15:50:38,213 INFO] (snngp_vary_inducing:40) Loss: 0.1207810582019249
[2022-08-08 15:50:38,213 INFO] (snngp_vary_inducing:42) Accuracy: 96.38%
[2022-08-08 15:50:38,214 INFO] (snngp_vary_inducing:26) 
----Number of inducing point: 1200----
[2022-08-08 15:50:38,316 INFO] (snngp_inference:59) inducing_points shape: (1200, 784)
[2022-08-08 15:50:54,867 INFO] (snngp_vary_inducing:34) ELBO: 337336.5781329875
[2022-08-08 15:50:59,854 INFO] (snngp_vary_inducing:36) EUBO: 1644223.560794898
[2022-08-08 15:51:02,837 INFO] (snngp_vary_inducing:40) Loss: 0.12028192839709266
[2022-08-08 15:51:02,837 INFO] (snngp_vary_inducing:42) Accuracy: 96.43%
[2022-08-08 15:51:02,838 INFO] (snngp_vary_inducing:26) 
----Number of inducing point: 1250----
[2022-08-08 15:51:02,942 INFO] (snngp_inference:59) inducing_points shape: (1250, 784)
[2022-08-08 15:51:20,118 INFO] (snngp_vary_inducing:34) ELBO: 352326.16922378703
[2022-08-08 15:51:25,537 INFO] (snngp_vary_inducing:36) EUBO: 1643788.4517382816
[2022-08-08 15:51:28,443 INFO] (snngp_vary_inducing:40) Loss: 0.11990757315003184
[2022-08-08 15:51:28,444 INFO] (snngp_vary_inducing:42) Accuracy: 96.43%
[2022-08-08 15:51:28,445 INFO] (snngp_vary_inducing:26) 
----Number of inducing point: 1300----
[2022-08-08 15:51:28,549 INFO] (snngp_inference:59) inducing_points shape: (1300, 784)
[2022-08-08 15:51:46,565 INFO] (snngp_vary_inducing:34) ELBO: 371783.1839826398
[2022-08-08 15:51:52,310 INFO] (snngp_vary_inducing:36) EUBO: 1643400.2824659145
[2022-08-08 15:51:55,582 INFO] (snngp_vary_inducing:40) Loss: 0.11858156370948221
[2022-08-08 15:51:55,582 INFO] (snngp_vary_inducing:42) Accuracy: 96.59%
[2022-08-08 15:51:55,583 INFO] (snngp_vary_inducing:26) 
----Number of inducing point: 1350----
[2022-08-08 15:51:55,690 INFO] (snngp_inference:59) inducing_points shape: (1350, 784)
[2022-08-08 15:52:14,403 INFO] (snngp_vary_inducing:34) ELBO: 377294.3390725362
[2022-08-08 15:52:20,515 INFO] (snngp_vary_inducing:36) EUBO: 1643103.0438586266
[2022-08-08 15:52:23,525 INFO] (snngp_vary_inducing:40) Loss: 0.11844773968482715
[2022-08-08 15:52:23,525 INFO] (snngp_vary_inducing:42) Accuracy: 96.64%
[2022-08-08 15:52:23,526 INFO] (snngp_vary_inducing:26) 
----Number of inducing point: 1400----
[2022-08-08 15:52:23,632 INFO] (snngp_inference:59) inducing_points shape: (1400, 784)
[2022-08-08 15:52:43,225 INFO] (snngp_vary_inducing:34) ELBO: 393754.91296241665
[2022-08-08 15:52:49,882 INFO] (snngp_vary_inducing:36) EUBO: 1642765.1475652342
[2022-08-08 15:52:53,134 INFO] (snngp_vary_inducing:40) Loss: 0.11750681676115236
[2022-08-08 15:52:53,134 INFO] (snngp_vary_inducing:42) Accuracy: 96.73%
[2022-08-08 15:52:53,135 INFO] (snngp_vary_inducing:26) 
----Number of inducing point: 1450----
[2022-08-08 15:52:53,243 INFO] (snngp_inference:59) inducing_points shape: (1450, 784)
[2022-08-08 15:53:13,541 INFO] (snngp_vary_inducing:34) ELBO: 399180.80382670905
[2022-08-08 15:53:20,394 INFO] (snngp_vary_inducing:36) EUBO: 1642415.5925609707
[2022-08-08 15:53:23,753 INFO] (snngp_vary_inducing:40) Loss: 0.11699927661404404
[2022-08-08 15:53:23,753 INFO] (snngp_vary_inducing:42) Accuracy: 96.49%
[2022-08-08 15:53:23,754 INFO] (snngp_vary_inducing:26) 
----Number of inducing point: 1500----
[2022-08-08 15:53:23,862 INFO] (snngp_inference:59) inducing_points shape: (1500, 784)
[2022-08-08 15:53:44,948 INFO] (snngp_vary_inducing:34) ELBO: 416704.9327485224
[2022-08-08 15:53:52,110 INFO] (snngp_vary_inducing:36) EUBO: 1642065.7595479006
[2022-08-08 15:53:55,606 INFO] (snngp_vary_inducing:40) Loss: 0.1163484714423186
[2022-08-08 15:53:55,607 INFO] (snngp_vary_inducing:42) Accuracy: 96.62%
[2022-08-08 15:53:55,608 INFO] (snngp_vary_inducing:26) 
----Number of inducing point: 1550----
[2022-08-08 15:53:55,718 INFO] (snngp_inference:59) inducing_points shape: (1550, 784)
[2022-08-08 15:54:17,769 INFO] (snngp_vary_inducing:34) ELBO: 432996.45087501965
[2022-08-08 15:54:25,334 INFO] (snngp_vary_inducing:36) EUBO: 1641729.6416188094
[2022-08-08 15:54:28,906 INFO] (snngp_vary_inducing:40) Loss: 0.11528962241081965
[2022-08-08 15:54:28,907 INFO] (snngp_vary_inducing:42) Accuracy: 96.65%
[2022-08-08 15:54:28,907 INFO] (snngp_vary_inducing:26) 
----Number of inducing point: 1600----
[2022-08-08 15:54:29,008 INFO] (snngp_inference:59) inducing_points shape: (1600, 784)
[2022-08-08 15:54:51,302 INFO] (snngp_vary_inducing:34) ELBO: 434134.25832059025
[2022-08-08 15:54:59,507 INFO] (snngp_vary_inducing:36) EUBO: 1641456.1304525689
[2022-08-08 15:55:03,044 INFO] (snngp_vary_inducing:40) Loss: 0.11504734585661415
[2022-08-08 15:55:03,045 INFO] (snngp_vary_inducing:42) Accuracy: 96.81%
[2022-08-08 15:55:03,045 INFO] (snngp_vary_inducing:26) 
----Number of inducing point: 1650----
[2022-08-08 15:55:03,148 INFO] (snngp_inference:59) inducing_points shape: (1650, 784)
[2022-08-08 15:55:26,706 INFO] (snngp_vary_inducing:34) ELBO: 449235.5386150349
[2022-08-08 15:55:35,187 INFO] (snngp_vary_inducing:36) EUBO: 1641094.895081283
[2022-08-08 15:55:38,686 INFO] (snngp_vary_inducing:40) Loss: 0.11456638991562866
[2022-08-08 15:55:38,686 INFO] (snngp_vary_inducing:42) Accuracy: 96.88%
[2022-08-08 15:55:38,687 INFO] (snngp_vary_inducing:26) 
----Number of inducing point: 1700----
[2022-08-08 15:55:38,791 INFO] (snngp_inference:59) inducing_points shape: (1700, 784)
[2022-08-08 15:56:03,330 INFO] (snngp_vary_inducing:34) ELBO: 453096.7709702088
[2022-08-08 15:56:12,380 INFO] (snngp_vary_inducing:36) EUBO: 1640812.96097755
[2022-08-08 15:56:15,824 INFO] (snngp_vary_inducing:40) Loss: 0.11423745429630418
[2022-08-08 15:56:15,825 INFO] (snngp_vary_inducing:42) Accuracy: 96.83%
[2022-08-08 15:56:15,826 INFO] (snngp_vary_inducing:26) 
----Number of inducing point: 1750----
[2022-08-08 15:56:15,931 INFO] (snngp_inference:59) inducing_points shape: (1750, 784)
[2022-08-08 15:56:41,112 INFO] (snngp_vary_inducing:34) ELBO: 457704.62197724776
[2022-08-08 15:56:50,386 INFO] (snngp_vary_inducing:36) EUBO: 1640548.7374079232
[2022-08-08 15:56:54,053 INFO] (snngp_vary_inducing:40) Loss: 0.11406699122960505
[2022-08-08 15:56:54,053 INFO] (snngp_vary_inducing:42) Accuracy: 96.84%
[2022-08-08 15:56:54,054 INFO] (snngp_vary_inducing:26) 
----Number of inducing point: 1800----
[2022-08-08 15:56:54,167 INFO] (snngp_inference:59) inducing_points shape: (1800, 784)
[2022-08-08 15:57:20,625 INFO] (snngp_vary_inducing:34) ELBO: 466488.87412351207
[2022-08-08 15:57:30,294 INFO] (snngp_vary_inducing:36) EUBO: 1640301.5347074748
[2022-08-08 15:57:33,886 INFO] (snngp_vary_inducing:40) Loss: 0.11359448037814232
[2022-08-08 15:57:33,887 INFO] (snngp_vary_inducing:42) Accuracy: 96.92%
[2022-08-08 15:57:33,888 INFO] (snngp_vary_inducing:26) 
----Number of inducing point: 1850----
[2022-08-08 15:57:33,994 INFO] (snngp_inference:59) inducing_points shape: (1850, 784)
[2022-08-08 15:58:01,188 INFO] (snngp_vary_inducing:34) ELBO: 474144.1607185486
[2022-08-08 15:58:11,448 INFO] (snngp_vary_inducing:36) EUBO: 1639925.230699403
[2022-08-08 15:58:15,393 INFO] (snngp_vary_inducing:40) Loss: 0.11322591262420496
[2022-08-08 15:58:15,394 INFO] (snngp_vary_inducing:42) Accuracy: 96.88%
[2022-08-08 15:58:15,395 INFO] (snngp_vary_inducing:26) 
----Number of inducing point: 1900----
[2022-08-08 15:58:15,502 INFO] (snngp_inference:59) inducing_points shape: (1900, 784)
[2022-08-08 15:58:43,686 INFO] (snngp_vary_inducing:34) ELBO: 480127.7664879721
[2022-08-08 15:58:54,393 INFO] (snngp_vary_inducing:36) EUBO: 1639682.8575455018
[2022-08-08 15:58:58,405 INFO] (snngp_vary_inducing:40) Loss: 0.11278936567355724
[2022-08-08 15:58:58,406 INFO] (snngp_vary_inducing:42) Accuracy: 96.93%
[2022-08-08 15:58:58,406 INFO] (snngp_vary_inducing:26) 
----Number of inducing point: 1950----
[2022-08-08 15:58:58,526 INFO] (snngp_inference:59) inducing_points shape: (1950, 784)
[2022-08-08 15:59:27,497 INFO] (snngp_vary_inducing:34) ELBO: 490949.35837222775
[2022-08-08 15:59:38,748 INFO] (snngp_vary_inducing:36) EUBO: 1639413.1805336825
[2022-08-08 15:59:42,810 INFO] (snngp_vary_inducing:40) Loss: 0.1121928714947093
[2022-08-08 15:59:42,811 INFO] (snngp_vary_inducing:42) Accuracy: 97.02%
[2022-08-08 15:59:42,811 INFO] (snngp_vary_inducing:26) 
----Number of inducing point: 2000----
[2022-08-08 15:59:42,913 INFO] (snngp_inference:59) inducing_points shape: (2000, 784)
[2022-08-08 16:00:12,952 INFO] (snngp_vary_inducing:34) ELBO: 497081.85149352206
[2022-08-08 16:00:24,615 INFO] (snngp_vary_inducing:36) EUBO: 1639191.3380263133
[2022-08-08 16:00:28,826 INFO] (snngp_vary_inducing:40) Loss: 0.1120427625691762
[2022-08-08 16:00:28,826 INFO] (snngp_vary_inducing:42) Accuracy: 96.88%
[2022-08-08 16:00:28,827 INFO] (snngp_vary_inducing:26) 
----Number of inducing point: 2050----
[2022-08-08 16:00:28,932 INFO] (snngp_inference:59) inducing_points shape: (2050, 784)
[2022-08-08 16:01:00,158 INFO] (snngp_vary_inducing:34) ELBO: 505924.51695824414
[2022-08-08 16:01:13,418 INFO] (snngp_vary_inducing:36) EUBO: 1638981.8201853111
[2022-08-08 16:01:17,858 INFO] (snngp_vary_inducing:40) Loss: 0.11127255824090684
[2022-08-08 16:01:17,859 INFO] (snngp_vary_inducing:42) Accuracy: 97.08%
[2022-08-08 16:01:17,859 INFO] (snngp_vary_inducing:26) 
----Number of inducing point: 2100----
[2022-08-08 16:01:18,016 INFO] (snngp_inference:59) inducing_points shape: (2100, 784)
[2022-08-08 16:01:51,580 INFO] (snngp_vary_inducing:34) ELBO: 511258.646240982
[2022-08-08 16:02:04,474 INFO] (snngp_vary_inducing:36) EUBO: 1638650.4418969743
[2022-08-08 16:02:08,873 INFO] (snngp_vary_inducing:40) Loss: 0.11114851663767639
[2022-08-08 16:02:08,874 INFO] (snngp_vary_inducing:42) Accuracy: 97.09%
[2022-08-08 16:02:08,874 INFO] (snngp_vary_inducing:26) 
----Number of inducing point: 2150----
[2022-08-08 16:02:08,981 INFO] (snngp_inference:59) inducing_points shape: (2150, 784)
[2022-08-08 16:02:42,173 INFO] (snngp_vary_inducing:34) ELBO: 521120.2639810534
[2022-08-08 16:02:55,471 INFO] (snngp_vary_inducing:36) EUBO: 1638368.094063704
[2022-08-08 16:02:59,659 INFO] (snngp_vary_inducing:40) Loss: 0.11070655003393867
[2022-08-08 16:02:59,659 INFO] (snngp_vary_inducing:42) Accuracy: 97.10%
[2022-08-08 16:02:59,660 INFO] (snngp_vary_inducing:26) 
----Number of inducing point: 2200----
[2022-08-08 16:02:59,767 INFO] (snngp_inference:59) inducing_points shape: (2200, 784)
[2022-08-08 16:03:33,843 INFO] (snngp_vary_inducing:34) ELBO: 523219.4296576285
[2022-08-08 16:03:47,621 INFO] (snngp_vary_inducing:36) EUBO: 1638141.937052596
[2022-08-08 16:03:51,838 INFO] (snngp_vary_inducing:40) Loss: 0.11051509674256643
[2022-08-08 16:03:51,838 INFO] (snngp_vary_inducing:42) Accuracy: 97.24%
[2022-08-08 16:03:51,839 INFO] (snngp_vary_inducing:26) 
----Number of inducing point: 2250----
[2022-08-08 16:03:51,946 INFO] (snngp_inference:59) inducing_points shape: (2250, 784)
[2022-08-08 16:04:27,201 INFO] (snngp_vary_inducing:34) ELBO: 532551.1813969226
[2022-08-08 16:04:41,898 INFO] (snngp_vary_inducing:36) EUBO: 1637858.0006844618
[2022-08-08 16:04:46,280 INFO] (snngp_vary_inducing:40) Loss: 0.11001966138631157
[2022-08-08 16:04:46,280 INFO] (snngp_vary_inducing:42) Accuracy: 97.24%
[2022-08-08 16:04:46,281 INFO] (snngp_vary_inducing:26) 
----Number of inducing point: 2300----
[2022-08-08 16:04:46,390 INFO] (snngp_inference:59) inducing_points shape: (2300, 784)
[2022-08-08 16:05:22,538 INFO] (snngp_vary_inducing:34) ELBO: 533104.3171263421
[2022-08-08 16:05:37,504 INFO] (snngp_vary_inducing:36) EUBO: 1637682.707601311
[2022-08-08 16:05:41,898 INFO] (snngp_vary_inducing:40) Loss: 0.11025776533718432
[2022-08-08 16:05:41,898 INFO] (snngp_vary_inducing:42) Accuracy: 97.14%
[2022-08-08 16:05:41,899 INFO] (snngp_vary_inducing:26) 
----Number of inducing point: 2350----
[2022-08-08 16:05:42,010 INFO] (snngp_inference:59) inducing_points shape: (2350, 784)
[2022-08-08 16:06:19,170 INFO] (snngp_vary_inducing:34) ELBO: 545713.2017265544
[2022-08-08 16:06:34,887 INFO] (snngp_vary_inducing:36) EUBO: 1637417.3138709979
[2022-08-08 16:06:39,341 INFO] (snngp_vary_inducing:40) Loss: 0.10935123521701172
[2022-08-08 16:06:39,342 INFO] (snngp_vary_inducing:42) Accuracy: 97.18%
[2022-08-08 16:06:39,343 INFO] (snngp_vary_inducing:26) 
----Number of inducing point: 2400----
[2022-08-08 16:06:39,447 INFO] (snngp_inference:59) inducing_points shape: (2400, 784)
[2022-08-08 16:07:17,295 INFO] (snngp_vary_inducing:34) ELBO: 546482.5068456661
[2022-08-08 16:07:33,992 INFO] (snngp_vary_inducing:36) EUBO: 1637163.9972742696
[2022-08-08 16:07:38,662 INFO] (snngp_vary_inducing:40) Loss: 0.10924817622379673
[2022-08-08 16:07:38,663 INFO] (snngp_vary_inducing:42) Accuracy: 97.21%
[2022-08-08 16:07:38,663 INFO] (snngp_vary_inducing:26) 
----Number of inducing point: 2450----
[2022-08-08 16:07:38,766 INFO] (snngp_inference:59) inducing_points shape: (2450, 784)
[2022-08-08 16:08:18,218 INFO] (snngp_vary_inducing:34) ELBO: 551947.4766143467
[2022-08-08 16:08:35,183 INFO] (snngp_vary_inducing:36) EUBO: 1636966.6558521113
[2022-08-08 16:08:39,759 INFO] (snngp_vary_inducing:40) Loss: 0.10887684647896653
[2022-08-08 16:08:39,760 INFO] (snngp_vary_inducing:42) Accuracy: 97.40%
[2022-08-08 16:08:39,760 INFO] (snngp_vary_inducing:26) 
----Number of inducing point: 2500----
[2022-08-08 16:08:39,864 INFO] (snngp_inference:59) inducing_points shape: (2500, 784)
[2022-08-08 16:09:21,201 INFO] (snngp_vary_inducing:34) ELBO: 554314.2949220934
[2022-08-08 16:09:39,259 INFO] (snngp_vary_inducing:36) EUBO: 1636743.4668884606
[2022-08-08 16:09:43,964 INFO] (snngp_vary_inducing:40) Loss: 0.10874117439853256
[2022-08-08 16:09:43,965 INFO] (snngp_vary_inducing:42) Accuracy: 97.37%
[2022-08-08 16:09:43,965 INFO] (snngp_vary_inducing:26) 
----Number of inducing point: 2550----
[2022-08-08 16:09:44,071 INFO] (snngp_inference:59) inducing_points shape: (2550, 784)
[2022-08-08 16:10:26,098 INFO] (snngp_vary_inducing:34) ELBO: 563183.999391847
[2022-08-08 16:10:44,650 INFO] (snngp_vary_inducing:36) EUBO: 1636507.6231698005
[2022-08-08 16:10:49,581 INFO] (snngp_vary_inducing:40) Loss: 0.10815798088376506
[2022-08-08 16:10:49,582 INFO] (snngp_vary_inducing:42) Accuracy: 97.27%
[2022-08-08 16:10:49,582 INFO] (snngp_vary_inducing:26) 
----Number of inducing point: 2600----
[2022-08-08 16:10:49,692 INFO] (snngp_inference:59) inducing_points shape: (2600, 784)
[2022-08-08 16:11:33,428 INFO] (snngp_vary_inducing:34) ELBO: 558546.4761829849
[2022-08-08 16:11:52,727 INFO] (snngp_vary_inducing:36) EUBO: 1636320.1641490688
[2022-08-08 16:11:57,676 INFO] (snngp_vary_inducing:40) Loss: 0.10866595128592946
[2022-08-08 16:11:57,677 INFO] (snngp_vary_inducing:42) Accuracy: 97.25%
[2022-08-08 16:11:57,678 INFO] (snngp_vary_inducing:26) 
----Number of inducing point: 2650----
[2022-08-08 16:11:57,786 INFO] (snngp_inference:59) inducing_points shape: (2650, 784)
[2022-08-08 16:12:42,070 INFO] (snngp_vary_inducing:34) ELBO: 569845.8517902214
[2022-08-08 16:13:01,678 INFO] (snngp_vary_inducing:36) EUBO: 1636099.831795612
[2022-08-08 16:13:06,595 INFO] (snngp_vary_inducing:40) Loss: 0.10827024235175249
[2022-08-08 16:13:06,596 INFO] (snngp_vary_inducing:42) Accuracy: 97.32%
[2022-08-08 16:13:06,596 INFO] (snngp_vary_inducing:26) 
----Number of inducing point: 2700----
[2022-08-08 16:13:06,706 INFO] (snngp_inference:59) inducing_points shape: (2700, 784)
[2022-08-08 16:13:52,466 INFO] (snngp_vary_inducing:34) ELBO: 575817.9714264418
[2022-08-08 16:14:13,036 INFO] (snngp_vary_inducing:36) EUBO: 1635816.905272933
[2022-08-08 16:14:18,176 INFO] (snngp_vary_inducing:40) Loss: 0.10785247122238906
[2022-08-08 16:14:18,177 INFO] (snngp_vary_inducing:42) Accuracy: 97.33%
[2022-08-08 16:14:18,177 INFO] (snngp_vary_inducing:26) 
----Number of inducing point: 2750----
[2022-08-08 16:14:18,290 INFO] (snngp_inference:59) inducing_points shape: (2750, 784)
[2022-08-08 16:15:05,651 INFO] (snngp_vary_inducing:34) ELBO: 579543.1049079578
[2022-08-08 16:15:26,672 INFO] (snngp_vary_inducing:36) EUBO: 1635681.4618742766
[2022-08-08 16:15:32,309 INFO] (snngp_vary_inducing:40) Loss: 0.1075980302110332
[2022-08-08 16:15:32,310 INFO] (snngp_vary_inducing:42) Accuracy: 97.38%
[2022-08-08 16:15:32,311 INFO] (snngp_vary_inducing:26) 
----Number of inducing point: 2800----
[2022-08-08 16:15:32,414 INFO] (snngp_inference:59) inducing_points shape: (2800, 784)
[2022-08-08 16:16:21,096 INFO] (snngp_vary_inducing:34) ELBO: 584323.225714328
[2022-08-08 16:16:44,068 INFO] (snngp_vary_inducing:36) EUBO: 1635414.28768189
[2022-08-08 16:16:49,513 INFO] (snngp_vary_inducing:40) Loss: 0.10731904115241576
[2022-08-08 16:16:49,514 INFO] (snngp_vary_inducing:42) Accuracy: 97.38%
[2022-08-08 16:16:49,515 INFO] (snngp_vary_inducing:26) 
----Number of inducing point: 2850----
[2022-08-08 16:16:49,638 INFO] (snngp_inference:59) inducing_points shape: (2850, 784)
[2022-08-08 16:17:39,488 INFO] (snngp_vary_inducing:34) ELBO: 586867.9061178034
[2022-08-08 16:18:02,223 INFO] (snngp_vary_inducing:36) EUBO: 1635219.8672667912
[2022-08-08 16:18:07,715 INFO] (snngp_vary_inducing:40) Loss: 0.10700957660229564
[2022-08-08 16:18:07,715 INFO] (snngp_vary_inducing:42) Accuracy: 97.44%
[2022-08-08 16:18:07,716 INFO] (snngp_vary_inducing:26) 
----Number of inducing point: 2900----
[2022-08-08 16:18:07,822 INFO] (snngp_inference:59) inducing_points shape: (2900, 784)
[2022-08-08 16:18:58,890 INFO] (snngp_vary_inducing:34) ELBO: 590516.214693188
[2022-08-08 16:19:22,724 INFO] (snngp_vary_inducing:36) EUBO: 1635039.7826120746
[2022-08-08 16:19:28,030 INFO] (snngp_vary_inducing:40) Loss: 0.10698455513476829
[2022-08-08 16:19:28,030 INFO] (snngp_vary_inducing:42) Accuracy: 97.39%
[2022-08-08 16:19:28,031 INFO] (snngp_vary_inducing:26) 
----Number of inducing point: 2950----
[2022-08-08 16:19:28,141 INFO] (snngp_inference:59) inducing_points shape: (2950, 784)
[2022-08-08 16:20:20,167 INFO] (snngp_vary_inducing:34) ELBO: 594956.5210847824
[2022-08-08 16:20:44,413 INFO] (snngp_vary_inducing:36) EUBO: 1634804.4018347408
[2022-08-08 16:20:49,825 INFO] (snngp_vary_inducing:40) Loss: 0.10664201907243546
[2022-08-08 16:20:49,826 INFO] (snngp_vary_inducing:42) Accuracy: 97.39%
[2022-08-08 16:20:49,827 INFO] (snngp_vary_inducing:26) 
----Number of inducing point: 3000----
[2022-08-08 16:20:49,938 INFO] (snngp_inference:59) inducing_points shape: (3000, 784)
[2022-08-08 16:21:44,036 INFO] (snngp_vary_inducing:34) ELBO: 598079.4515166983
[2022-08-08 16:22:09,388 INFO] (snngp_vary_inducing:36) EUBO: 1634665.1572112155
[2022-08-08 16:22:15,502 INFO] (snngp_vary_inducing:40) Loss: 0.10670409886954749
[2022-08-08 16:22:15,503 INFO] (snngp_vary_inducing:42) Accuracy: 97.36%
[2022-08-08 16:22:15,504 INFO] (snngp_vary_inducing:26) 
----Number of inducing point: 3050----
[2022-08-08 16:22:15,612 INFO] (snngp_inference:59) inducing_points shape: (3050, 784)
[2022-08-08 16:23:10,873 INFO] (snngp_vary_inducing:34) ELBO: 602209.1219458578
[2022-08-08 16:23:36,775 INFO] (snngp_vary_inducing:36) EUBO: 1634448.913589276
[2022-08-08 16:23:42,244 INFO] (snngp_vary_inducing:40) Loss: 0.1062797952103864
[2022-08-08 16:23:42,245 INFO] (snngp_vary_inducing:42) Accuracy: 97.37%
[2022-08-08 16:23:42,245 INFO] (snngp_vary_inducing:26) 
----Number of inducing point: 3100----
[2022-08-08 16:23:42,356 INFO] (snngp_inference:59) inducing_points shape: (3100, 784)
[2022-08-08 16:24:39,108 INFO] (snngp_vary_inducing:34) ELBO: 607291.7600913437
[2022-08-08 16:25:06,015 INFO] (snngp_vary_inducing:36) EUBO: 1634213.5321348726
[2022-08-08 16:25:11,904 INFO] (snngp_vary_inducing:40) Loss: 0.10592227830907136
[2022-08-08 16:25:11,905 INFO] (snngp_vary_inducing:42) Accuracy: 97.45%
[2022-08-08 16:25:11,905 INFO] (snngp_vary_inducing:26) 
----Number of inducing point: 3150----
[2022-08-08 16:25:12,015 INFO] (snngp_inference:59) inducing_points shape: (3150, 784)
[2022-08-08 16:26:09,819 INFO] (snngp_vary_inducing:34) ELBO: 610354.59229806
[2022-08-08 16:26:37,415 INFO] (snngp_vary_inducing:36) EUBO: 1634070.744585321
[2022-08-08 16:26:43,585 INFO] (snngp_vary_inducing:40) Loss: 0.10570637854630223
[2022-08-08 16:26:43,586 INFO] (snngp_vary_inducing:42) Accuracy: 97.43%
[2022-08-08 16:26:43,587 INFO] (snngp_vary_inducing:26) 
----Number of inducing point: 3200----
[2022-08-08 16:26:43,698 INFO] (snngp_inference:59) inducing_points shape: (3200, 784)
[2022-08-08 16:27:42,235 INFO] (snngp_vary_inducing:34) ELBO: 613985.6414764246
[2022-08-08 16:28:11,222 INFO] (snngp_vary_inducing:36) EUBO: 1633881.2084881717
[2022-08-08 16:28:17,488 INFO] (snngp_vary_inducing:40) Loss: 0.10561912789240159
[2022-08-08 16:28:17,489 INFO] (snngp_vary_inducing:42) Accuracy: 97.44%
[2022-08-08 16:28:17,490 INFO] (snngp_vary_inducing:26) 
----Number of inducing point: 3250----
[2022-08-08 16:28:17,594 INFO] (snngp_inference:59) inducing_points shape: (3250, 784)
[2022-08-08 16:29:18,457 INFO] (snngp_vary_inducing:34) ELBO: 616096.7013110432
[2022-08-08 16:29:47,747 INFO] (snngp_vary_inducing:36) EUBO: 1633671.6920371808
[2022-08-08 16:29:54,038 INFO] (snngp_vary_inducing:40) Loss: 0.1057235024889231
[2022-08-08 16:29:54,039 INFO] (snngp_vary_inducing:42) Accuracy: 97.48%
[2022-08-08 16:29:54,040 INFO] (snngp_vary_inducing:26) 
----Number of inducing point: 3300----
[2022-08-08 16:29:54,145 INFO] (snngp_inference:59) inducing_points shape: (3300, 784)
[2022-08-08 16:30:56,778 INFO] (snngp_vary_inducing:34) ELBO: 621330.0422522116
[2022-08-08 16:31:27,055 INFO] (snngp_vary_inducing:36) EUBO: 1633453.5751914734
[2022-08-08 16:31:33,341 INFO] (snngp_vary_inducing:40) Loss: 0.10512569559790673
[2022-08-08 16:31:33,342 INFO] (snngp_vary_inducing:42) Accuracy: 97.52%
[2022-08-08 16:31:33,342 INFO] (snngp_vary_inducing:26) 
----Number of inducing point: 3350----
[2022-08-08 16:31:33,450 INFO] (snngp_inference:59) inducing_points shape: (3350, 784)
[2022-08-08 16:32:37,951 INFO] (snngp_vary_inducing:34) ELBO: 622463.6841480425
[2022-08-08 16:33:09,033 INFO] (snngp_vary_inducing:36) EUBO: 1633332.385308631
[2022-08-08 16:33:15,031 INFO] (snngp_vary_inducing:40) Loss: 0.10517583635305201
[2022-08-08 16:33:15,031 INFO] (snngp_vary_inducing:42) Accuracy: 97.46%
[2022-08-08 16:33:15,032 INFO] (snngp_vary_inducing:26) 
----Number of inducing point: 3400----
[2022-08-08 16:33:15,140 INFO] (snngp_inference:59) inducing_points shape: (3400, 784)
[2022-08-08 16:34:21,244 INFO] (snngp_vary_inducing:34) ELBO: 627084.214202601
[2022-08-08 16:34:53,666 INFO] (snngp_vary_inducing:36) EUBO: 1633150.377585646
[2022-08-08 16:34:59,939 INFO] (snngp_vary_inducing:40) Loss: 0.10483514387735744
[2022-08-08 16:34:59,940 INFO] (snngp_vary_inducing:42) Accuracy: 97.62%
[2022-08-08 16:34:59,941 INFO] (snngp_vary_inducing:26) 
----Number of inducing point: 3450----
[2022-08-08 16:35:00,051 INFO] (snngp_inference:59) inducing_points shape: (3450, 784)
[2022-08-08 16:36:06,922 INFO] (snngp_vary_inducing:34) ELBO: 628961.8009937408
[2022-08-08 16:36:40,059 INFO] (snngp_vary_inducing:36) EUBO: 1632923.8590352775
[2022-08-08 16:36:46,374 INFO] (snngp_vary_inducing:40) Loss: 0.10485087086347715
[2022-08-08 16:36:46,375 INFO] (snngp_vary_inducing:42) Accuracy: 97.47%
[2022-08-08 16:36:46,376 INFO] (snngp_vary_inducing:26) 
----Number of inducing point: 3500----
[2022-08-08 16:36:46,486 INFO] (snngp_inference:59) inducing_points shape: (3500, 784)
[2022-08-08 16:37:54,886 INFO] (snngp_vary_inducing:34) ELBO: 632323.8253168999
[2022-08-08 16:38:28,698 INFO] (snngp_vary_inducing:36) EUBO: 1632817.4863014605
[2022-08-08 16:38:34,982 INFO] (snngp_vary_inducing:40) Loss: 0.10458455448077535
[2022-08-08 16:38:34,983 INFO] (snngp_vary_inducing:42) Accuracy: 97.39%
[2022-08-08 16:38:34,983 INFO] (snngp_vary_inducing:26) 
----Number of inducing point: 3550----
[2022-08-08 16:38:35,094 INFO] (snngp_inference:59) inducing_points shape: (3550, 784)
[2022-08-08 16:39:44,937 INFO] (snngp_vary_inducing:34) ELBO: 636546.6382092133
[2022-08-08 16:40:19,520 INFO] (snngp_vary_inducing:36) EUBO: 1632591.30989327
[2022-08-08 16:40:26,031 INFO] (snngp_vary_inducing:40) Loss: 0.10413774670239981
[2022-08-08 16:40:26,032 INFO] (snngp_vary_inducing:42) Accuracy: 97.51%
[2022-08-08 16:40:26,032 INFO] (snngp_vary_inducing:26) 
----Number of inducing point: 3600----
[2022-08-08 16:40:26,138 INFO] (snngp_inference:59) inducing_points shape: (3600, 784)
[2022-08-08 16:41:38,376 INFO] (snngp_vary_inducing:34) ELBO: 640133.2443451956
[2022-08-08 16:42:14,650 INFO] (snngp_vary_inducing:36) EUBO: 1632431.374541017
[2022-08-08 16:42:21,250 INFO] (snngp_vary_inducing:40) Loss: 0.10401087396490981
[2022-08-08 16:42:21,250 INFO] (snngp_vary_inducing:42) Accuracy: 97.49%
[2022-08-08 16:42:21,251 INFO] (snngp_vary_inducing:26) 
----Number of inducing point: 3650----
[2022-08-08 16:42:21,363 INFO] (snngp_inference:59) inducing_points shape: (3650, 784)
[2022-08-08 16:43:34,796 INFO] (snngp_vary_inducing:34) ELBO: 641810.6656544262
[2022-08-08 16:44:11,280 INFO] (snngp_vary_inducing:36) EUBO: 1632243.782936577
[2022-08-08 16:44:17,842 INFO] (snngp_vary_inducing:40) Loss: 0.10399686008794636
[2022-08-08 16:44:17,843 INFO] (snngp_vary_inducing:42) Accuracy: 97.48%
[2022-08-08 16:44:17,844 INFO] (snngp_vary_inducing:26) 
----Number of inducing point: 3700----
[2022-08-08 16:44:17,956 INFO] (snngp_inference:59) inducing_points shape: (3700, 784)
[2022-08-08 16:45:33,125 INFO] (snngp_vary_inducing:34) ELBO: 643982.6245293517
[2022-08-08 16:46:10,979 INFO] (snngp_vary_inducing:36) EUBO: 1632104.2092330316
[2022-08-08 16:46:17,808 INFO] (snngp_vary_inducing:40) Loss: 0.10373583568288888
[2022-08-08 16:46:17,808 INFO] (snngp_vary_inducing:42) Accuracy: 97.61%
[2022-08-08 16:46:17,809 INFO] (snngp_vary_inducing:26) 
----Number of inducing point: 3750----
[2022-08-08 16:46:17,920 INFO] (snngp_inference:59) inducing_points shape: (3750, 784)
[2022-08-08 16:47:37,880 INFO] (snngp_vary_inducing:34) ELBO: 645063.6203293449
[2022-08-08 16:48:16,664 INFO] (snngp_vary_inducing:36) EUBO: 1631919.7307116138
[2022-08-08 16:48:23,505 INFO] (snngp_vary_inducing:40) Loss: 0.10390505630319086
[2022-08-08 16:48:23,505 INFO] (snngp_vary_inducing:42) Accuracy: 97.56%
[2022-08-08 16:48:23,506 INFO] (snngp_vary_inducing:26) 
----Number of inducing point: 3800----
[2022-08-08 16:48:23,616 INFO] (snngp_inference:59) inducing_points shape: (3800, 784)
[2022-08-08 16:49:41,713 INFO] (snngp_vary_inducing:34) ELBO: 652363.9858958919
[2022-08-08 16:50:21,626 INFO] (snngp_vary_inducing:36) EUBO: 1631765.3942366948
[2022-08-08 16:50:28,766 INFO] (snngp_vary_inducing:40) Loss: 0.10341762637170623
[2022-08-08 16:50:28,767 INFO] (snngp_vary_inducing:42) Accuracy: 97.59%
[2022-08-08 16:50:28,768 INFO] (snngp_vary_inducing:26) 
----Number of inducing point: 3850----
[2022-08-08 16:50:28,881 INFO] (snngp_inference:59) inducing_points shape: (3850, 784)
[2022-08-08 16:51:48,889 INFO] (snngp_vary_inducing:34) ELBO: 648803.366383601
[2022-08-08 16:52:29,663 INFO] (snngp_vary_inducing:36) EUBO: 1631619.162657543
[2022-08-08 16:52:36,514 INFO] (snngp_vary_inducing:40) Loss: 0.103302324269008
[2022-08-08 16:52:36,514 INFO] (snngp_vary_inducing:42) Accuracy: 97.75%
[2022-08-08 16:52:36,515 INFO] (snngp_vary_inducing:26) 
----Number of inducing point: 3900----
[2022-08-08 16:52:36,626 INFO] (snngp_inference:59) inducing_points shape: (3900, 784)
[2022-08-08 16:53:58,896 INFO] (snngp_vary_inducing:34) ELBO: 653588.9342172872
[2022-08-08 16:54:40,812 INFO] (snngp_vary_inducing:36) EUBO: 1631393.0828018177
[2022-08-08 16:54:47,932 INFO] (snngp_vary_inducing:40) Loss: 0.10333270695764996
[2022-08-08 16:54:47,932 INFO] (snngp_vary_inducing:42) Accuracy: 97.68%
[2022-08-08 16:54:47,933 INFO] (snngp_vary_inducing:26) 
----Number of inducing point: 3950----
[2022-08-08 16:54:48,047 INFO] (snngp_inference:59) inducing_points shape: (3950, 784)
[2022-08-08 16:56:11,291 INFO] (snngp_vary_inducing:34) ELBO: 657181.783624155
[2022-08-08 16:56:53,748 INFO] (snngp_vary_inducing:36) EUBO: 1631275.4252001785
[2022-08-08 16:57:00,921 INFO] (snngp_vary_inducing:40) Loss: 0.1031163964170541
[2022-08-08 16:57:00,922 INFO] (snngp_vary_inducing:42) Accuracy: 97.53%
[2022-08-08 16:57:00,923 INFO] (snngp_vary_inducing:26) 
----Number of inducing point: 4000----
[2022-08-08 16:57:01,033 INFO] (snngp_inference:59) inducing_points shape: (4000, 784)
[2022-08-08 16:58:26,457 INFO] (snngp_vary_inducing:34) ELBO: 658848.5792685894
[2022-08-08 16:59:10,801 INFO] (snngp_vary_inducing:36) EUBO: 1631116.7852658401
[2022-08-08 16:59:18,011 INFO] (snngp_vary_inducing:40) Loss: 0.1031128826684802
[2022-08-08 16:59:18,012 INFO] (snngp_vary_inducing:42) Accuracy: 97.64%
[2022-08-08 16:59:18,012 INFO] (snngp_vary_inducing:26) 
----Number of inducing point: 4050----
[2022-08-08 16:59:18,119 INFO] (snngp_inference:59) inducing_points shape: (4050, 784)
[2022-08-08 17:00:44,942 INFO] (snngp_vary_inducing:34) ELBO: 660925.8145160186
[2022-08-08 17:01:29,516 INFO] (snngp_vary_inducing:36) EUBO: 1630927.5996222713
[2022-08-08 17:01:37,322 INFO] (snngp_vary_inducing:40) Loss: 0.10284575106364237
[2022-08-08 17:01:37,323 INFO] (snngp_vary_inducing:42) Accuracy: 97.64%
[2022-08-08 17:01:37,324 INFO] (snngp_vary_inducing:26) 
----Number of inducing point: 4100----
[2022-08-08 17:01:37,432 INFO] (snngp_inference:59) inducing_points shape: (4100, 784)
[2022-08-08 17:03:09,049 INFO] (snngp_vary_inducing:34) ELBO: 662379.1598220395
[2022-08-08 17:03:54,813 INFO] (snngp_vary_inducing:36) EUBO: 1630753.3882483027
[2022-08-08 17:04:02,310 INFO] (snngp_vary_inducing:40) Loss: 0.10273226624522822
[2022-08-08 17:04:02,311 INFO] (snngp_vary_inducing:42) Accuracy: 97.60%
[2022-08-08 17:04:02,312 INFO] (snngp_vary_inducing:26) 
----Number of inducing point: 4150----
[2022-08-08 17:04:02,427 INFO] (snngp_inference:59) inducing_points shape: (4150, 784)
[2022-08-08 17:05:32,832 INFO] (snngp_vary_inducing:34) ELBO: 667423.2607173559
[2022-08-08 17:06:20,447 INFO] (snngp_vary_inducing:36) EUBO: 1630599.9218887913
[2022-08-08 17:06:27,938 INFO] (snngp_vary_inducing:40) Loss: 0.10246828301936796
[2022-08-08 17:06:27,938 INFO] (snngp_vary_inducing:42) Accuracy: 97.59%
[2022-08-08 17:06:27,939 INFO] (snngp_vary_inducing:26) 
----Number of inducing point: 4200----
[2022-08-08 17:06:28,049 INFO] (snngp_inference:59) inducing_points shape: (4200, 784)
[2022-08-08 17:08:01,027 INFO] (snngp_vary_inducing:34) ELBO: 668492.9187720097
[2022-08-08 17:08:49,869 INFO] (snngp_vary_inducing:36) EUBO: 1630416.2432438373
[2022-08-08 17:08:57,588 INFO] (snngp_vary_inducing:40) Loss: 0.10258875428068809
[2022-08-08 17:08:57,589 INFO] (snngp_vary_inducing:42) Accuracy: 97.66%
[2022-08-08 17:08:57,590 INFO] (snngp_vary_inducing:26) 
----Number of inducing point: 4250----
[2022-08-08 17:08:57,700 INFO] (snngp_inference:59) inducing_points shape: (4250, 784)
[2022-08-08 17:10:31,758 INFO] (snngp_vary_inducing:34) ELBO: 671361.9954809183
[2022-08-08 17:11:20,989 INFO] (snngp_vary_inducing:36) EUBO: 1630348.539338738
[2022-08-08 17:11:28,615 INFO] (snngp_vary_inducing:40) Loss: 0.10229760439732276
[2022-08-08 17:11:28,615 INFO] (snngp_vary_inducing:42) Accuracy: 97.61%
[2022-08-08 17:11:28,616 INFO] (snngp_vary_inducing:26) 
----Number of inducing point: 4300----
[2022-08-08 17:11:28,734 INFO] (snngp_inference:59) inducing_points shape: (4300, 784)
[2022-08-08 17:13:04,179 INFO] (snngp_vary_inducing:34) ELBO: 675874.1896700596
[2022-08-08 17:13:54,727 INFO] (snngp_vary_inducing:36) EUBO: 1630165.4308036906
[2022-08-08 17:14:02,941 INFO] (snngp_vary_inducing:40) Loss: 0.10204159557683425
[2022-08-08 17:14:02,942 INFO] (snngp_vary_inducing:42) Accuracy: 97.71%
[2022-08-08 17:14:02,943 INFO] (snngp_vary_inducing:26) 
----Number of inducing point: 4350----
[2022-08-08 17:14:03,055 INFO] (snngp_inference:59) inducing_points shape: (4350, 784)
[2022-08-08 17:15:40,767 INFO] (snngp_vary_inducing:34) ELBO: 675667.751107364
[2022-08-08 17:16:31,778 INFO] (snngp_vary_inducing:36) EUBO: 1629980.6640003484
[2022-08-08 17:16:39,972 INFO] (snngp_vary_inducing:40) Loss: 0.10229823947888214
[2022-08-08 17:16:39,973 INFO] (snngp_vary_inducing:42) Accuracy: 97.67%
[2022-08-08 17:16:39,973 INFO] (snngp_vary_inducing:26) 
----Number of inducing point: 4400----
[2022-08-08 17:16:40,078 INFO] (snngp_inference:59) inducing_points shape: (4400, 784)
[2022-08-08 17:18:20,031 INFO] (snngp_vary_inducing:34) ELBO: 678146.0538078696
[2022-08-08 17:19:12,896 INFO] (snngp_vary_inducing:36) EUBO: 1629845.5047652195
[2022-08-08 17:19:21,086 INFO] (snngp_vary_inducing:40) Loss: 0.10195080355582746
[2022-08-08 17:19:21,087 INFO] (snngp_vary_inducing:42) Accuracy: 97.69%
[2022-08-08 17:19:21,087 INFO] (snngp_vary_inducing:26) 
----Number of inducing point: 4450----
[2022-08-08 17:19:21,200 INFO] (snngp_inference:59) inducing_points shape: (4450, 784)
[2022-08-08 17:21:02,763 INFO] (snngp_vary_inducing:34) ELBO: 679551.7429766306
[2022-08-08 17:21:56,428 INFO] (snngp_vary_inducing:36) EUBO: 1629727.3848787467
[2022-08-08 17:22:04,723 INFO] (snngp_vary_inducing:40) Loss: 0.10203729792640867
[2022-08-08 17:22:04,723 INFO] (snngp_vary_inducing:42) Accuracy: 97.68%
[2022-08-08 17:22:04,723 INFO] (snngp_vary_inducing:26) 
----Number of inducing point: 4500----
[2022-08-08 17:22:04,829 INFO] (snngp_inference:59) inducing_points shape: (4500, 784)
[2022-08-08 17:23:48,360 INFO] (snngp_vary_inducing:34) ELBO: 680929.9078607736
[2022-08-08 17:24:43,284 INFO] (snngp_vary_inducing:36) EUBO: 1629581.7602381525
[2022-08-08 17:24:51,892 INFO] (snngp_vary_inducing:40) Loss: 0.1018722151753122
[2022-08-08 17:24:51,893 INFO] (snngp_vary_inducing:42) Accuracy: 97.65%
[2022-08-08 17:24:51,893 INFO] (snngp_vary_inducing:26) 
----Number of inducing point: 4550----
[2022-08-08 17:24:52,000 INFO] (snngp_inference:59) inducing_points shape: (4550, 784)
[2022-08-08 17:26:36,807 INFO] (snngp_vary_inducing:34) ELBO: 682540.0453109466
[2022-08-08 17:27:32,705 INFO] (snngp_vary_inducing:36) EUBO: 1629436.0451968352
[2022-08-08 17:27:41,120 INFO] (snngp_vary_inducing:40) Loss: 0.10172298415738613
[2022-08-08 17:27:41,121 INFO] (snngp_vary_inducing:42) Accuracy: 97.68%
[2022-08-08 17:27:41,121 INFO] (snngp_vary_inducing:26) 
----Number of inducing point: 4600----
[2022-08-08 17:27:41,235 INFO] (snngp_inference:59) inducing_points shape: (4600, 784)
[2022-08-08 17:29:29,022 INFO] (snngp_vary_inducing:34) ELBO: 681362.5447047136
[2022-08-08 17:30:27,083 INFO] (snngp_vary_inducing:36) EUBO: 1629376.120200963
[2022-08-08 17:30:35,519 INFO] (snngp_vary_inducing:40) Loss: 0.10174674904042559
[2022-08-08 17:30:35,520 INFO] (snngp_vary_inducing:42) Accuracy: 97.73%
[2022-08-08 17:30:35,520 INFO] (snngp_vary_inducing:26) 
----Number of inducing point: 4650----
[2022-08-08 17:30:35,631 INFO] (snngp_inference:59) inducing_points shape: (4650, 784)
[2022-08-08 17:32:26,976 INFO] (snngp_vary_inducing:34) ELBO: 685901.8925798873
[2022-08-08 17:33:25,204 INFO] (snngp_vary_inducing:36) EUBO: 1629198.2849386819
[2022-08-08 17:33:34,046 INFO] (snngp_vary_inducing:40) Loss: 0.10148686546803498
[2022-08-08 17:33:34,047 INFO] (snngp_vary_inducing:42) Accuracy: 97.74%
[2022-08-08 17:33:34,047 INFO] (snngp_vary_inducing:26) 
----Number of inducing point: 4700----
[2022-08-08 17:33:34,156 INFO] (snngp_inference:59) inducing_points shape: (4700, 784)
[2022-08-08 17:35:25,579 INFO] (snngp_vary_inducing:34) ELBO: 692557.6823556309
[2022-08-08 17:36:25,224 INFO] (snngp_vary_inducing:36) EUBO: 1628921.958728296
[2022-08-08 17:36:33,986 INFO] (snngp_vary_inducing:40) Loss: 0.10118039947141037
[2022-08-08 17:36:33,987 INFO] (snngp_vary_inducing:42) Accuracy: 97.76%
[2022-08-08 17:36:33,987 INFO] (snngp_vary_inducing:26) 
----Number of inducing point: 4750----
[2022-08-08 17:36:34,104 INFO] (snngp_inference:59) inducing_points shape: (4750, 784)
[2022-08-08 17:38:26,953 INFO] (snngp_vary_inducing:34) ELBO: 693194.1269453745
[2022-08-08 17:39:27,935 INFO] (snngp_vary_inducing:36) EUBO: 1628788.6581834485
[2022-08-08 17:39:36,826 INFO] (snngp_vary_inducing:40) Loss: 0.10125530488908198
[2022-08-08 17:39:36,827 INFO] (snngp_vary_inducing:42) Accuracy: 97.66%
[2022-08-08 17:39:36,828 INFO] (snngp_vary_inducing:26) 
----Number of inducing point: 4800----
[2022-08-08 17:39:36,937 INFO] (snngp_inference:59) inducing_points shape: (4800, 784)
[2022-08-08 17:41:32,021 INFO] (snngp_vary_inducing:34) ELBO: 693755.4215855028
[2022-08-08 17:42:35,011 INFO] (snngp_vary_inducing:36) EUBO: 1628670.446343728
[2022-08-08 17:42:44,064 INFO] (snngp_vary_inducing:40) Loss: 0.10097982454163965
[2022-08-08 17:42:44,064 INFO] (snngp_vary_inducing:42) Accuracy: 97.69%
[2022-08-08 17:42:44,065 INFO] (snngp_vary_inducing:26) 
----Number of inducing point: 4850----
[2022-08-08 17:42:44,174 INFO] (snngp_inference:59) inducing_points shape: (4850, 784)
[2022-08-08 17:44:40,839 INFO] (snngp_vary_inducing:34) ELBO: 693079.8240904624
[2022-08-08 17:45:43,931 INFO] (snngp_vary_inducing:36) EUBO: 1628623.1792389653
[2022-08-08 17:45:53,028 INFO] (snngp_vary_inducing:40) Loss: 0.10096640259783846
[2022-08-08 17:45:53,029 INFO] (snngp_vary_inducing:42) Accuracy: 97.74%
[2022-08-08 17:45:53,029 INFO] (snngp_vary_inducing:26) 
----Number of inducing point: 4900----
[2022-08-08 17:45:53,143 INFO] (snngp_inference:59) inducing_points shape: (4900, 784)
[2022-08-08 17:47:53,503 INFO] (snngp_vary_inducing:34) ELBO: 698722.9335210819
[2022-08-08 17:48:57,989 INFO] (snngp_vary_inducing:36) EUBO: 1628407.0370520058
[2022-08-08 17:49:07,041 INFO] (snngp_vary_inducing:40) Loss: 0.1009212042582146
[2022-08-08 17:49:07,042 INFO] (snngp_vary_inducing:42) Accuracy: 97.71%
[2022-08-08 17:49:07,042 INFO] (snngp_vary_inducing:26) 
----Number of inducing point: 4950----
[2022-08-08 17:49:07,152 INFO] (snngp_inference:59) inducing_points shape: (4950, 784)
[2022-08-08 17:51:07,959 INFO] (snngp_vary_inducing:34) ELBO: 697276.1616280274
[2022-08-08 17:52:13,401 INFO] (snngp_vary_inducing:36) EUBO: 1628310.1629314453
[2022-08-08 17:52:22,991 INFO] (snngp_vary_inducing:40) Loss: 0.10075640282509454
[2022-08-08 17:52:22,992 INFO] (snngp_vary_inducing:42) Accuracy: 97.67%
[2022-08-08 17:52:22,992 INFO] (snngp_vary_inducing:26) 
----Number of inducing point: 5000----
[2022-08-08 17:52:23,113 INFO] (snngp_inference:59) inducing_points shape: (5000, 784)
[2022-08-08 17:54:26,821 INFO] (snngp_vary_inducing:34) ELBO: 700696.5726231295
[2022-08-08 17:55:34,501 INFO] (snngp_vary_inducing:36) EUBO: 1628118.11255661
[2022-08-08 17:55:43,966 INFO] (snngp_vary_inducing:40) Loss: 0.10053054339077769
[2022-08-08 17:55:43,966 INFO] (snngp_vary_inducing:42) Accuracy: 97.63%
WARNING:matplotlib.legend:No artists with labels found to put in legend.  Note that artists whose label start with an underscore are ignored when legend() is called with no argument.
WARNING:matplotlib.legend:No artists with labels found to put in legend.  Note that artists whose label start with an underscore are ignored when legend() is called with no argument.
WARNING:matplotlib.legend:No artists with labels found to put in legend.  Note that artists whose label start with an underscore are ignored when legend() is called with no argument.
WARNING:matplotlib.legend:No artists with labels found to put in legend.  Note that artists whose label start with an underscore are ignored when legend() is called with no argument.
